[2024-12-10 13:03:13] testing.ERROR: The HTTP status code "0" is not valid. {"exception":"[object] (InvalidArgumentException(code: 0): The HTTP status code \"0\" is not valid. at C:\\xampp\\htdocs\\httpdocs\\gdocapi\\vendor\\symfony\\http-foundation\\Response.php:470)
[stacktrace]
#0 C:\\xampp\\htdocs\\httpdocs\\gdocapi\\vendor\\symfony\\http-foundation\\Response.php(219): Symfony\\Component\\HttpFoundation\\Response->setStatusCode(0)
#1 C:\\xampp\\htdocs\\httpdocs\\gdocapi\\vendor\\symfony\\http-foundation\\JsonResponse.php(44): Symfony\\Component\\HttpFoundation\\Response->__construct('', 0, Array)
#2 C:\\xampp\\htdocs\\httpdocs\\gdocapi\\vendor\\illuminate\\http\\JsonResponse.php(32): Symfony\\Component\\HttpFoundation\\JsonResponse->__construct(Array, 0, Array, false)
#3 C:\\xampp\\htdocs\\httpdocs\\gdocapi\\vendor\\laravel\\lumen-framework\\src\\Http\\ResponseFactory.php(40): Illuminate\\Http\\JsonResponse->__construct(Array, 0, Array, 0)
#4 C:\\xampp\\htdocs\\httpdocs\\gdocapi\\src\\Controllers\\Controller.php(22): Laravel\\Lumen\\Http\\ResponseFactory->json(Array, 0)
#5 C:\\xampp\\htdocs\\httpdocs\\gdocapi\\src\\Routes\\nodeRouter.php(29): GDocAPI\\Controllers\\Controller::execute('obtenerHijosNod...', 200, '09314e11-85ff-4...')
#6 C:\\xampp\\htdocs\\httpdocs\\gdocapi\\vendor\\illuminate\\container\\BoundMethod.php(36): Closure->{closure}('09314e11-85ff-4...')
#7 C:\\xampp\\htdocs\\httpdocs\\gdocapi\\vendor\\illuminate\\container\\Util.php(40): Illuminate\\Container\\BoundMethod::Illuminate\\Container\\{closure}()
#8 C:\\xampp\\htdocs\\httpdocs\\gdocapi\\vendor\\illuminate\\container\\BoundMethod.php(81): Illuminate\\Container\\Util::unwrapIfClosure(Object(Closure))
#9 C:\\xampp\\htdocs\\httpdocs\\gdocapi\\vendor\\illuminate\\container\\BoundMethod.php(35): Illuminate\\Container\\BoundMethod::callBoundMethod(Object(Laravel\\Lumen\\Application), Object(Closure), Object(Closure))
#10 C:\\xampp\\htdocs\\httpdocs\\gdocapi\\vendor\\illuminate\\container\\Container.php(653): Illuminate\\Container\\BoundMethod::call(Object(Laravel\\Lumen\\Application), Object(Closure), Array, NULL)
#11 C:\\xampp\\htdocs\\httpdocs\\gdocapi\\vendor\\laravel\\lumen-framework\\src\\Concerns\\RoutesRequests.php(302): Illuminate\\Container\\Container->call(Object(Closure), Array)
#12 C:\\xampp\\htdocs\\httpdocs\\gdocapi\\vendor\\laravel\\lumen-framework\\src\\Concerns\\RoutesRequests.php(267): Laravel\\Lumen\\Application->callActionOnArrayBasedRoute(Array)
#13 C:\\xampp\\htdocs\\httpdocs\\gdocapi\\vendor\\laravel\\lumen-framework\\src\\Concerns\\RoutesRequests.php(237): Laravel\\Lumen\\Application->handleFoundRoute(Array)
#14 C:\\xampp\\htdocs\\httpdocs\\gdocapi\\vendor\\laravel\\lumen-framework\\src\\Concerns\\RoutesRequests.php(172): Laravel\\Lumen\\Application->handleDispatcherResponse(Array)
#15 C:\\xampp\\htdocs\\httpdocs\\gdocapi\\vendor\\laravel\\lumen-framework\\src\\Concerns\\RoutesRequests.php(429): Laravel\\Lumen\\Application->Laravel\\Lumen\\Concerns\\{closure}(Object(Laravel\\Lumen\\Http\\Request))
#16 C:\\xampp\\htdocs\\httpdocs\\gdocapi\\vendor\\laravel\\lumen-framework\\src\\Concerns\\RoutesRequests.php(165): Laravel\\Lumen\\Application->sendThroughPipeline(Array, Object(Closure))
#17 C:\\xampp\\htdocs\\httpdocs\\gdocapi\\vendor\\laravel\\lumen-framework\\src\\Concerns\\RoutesRequests.php(112): Laravel\\Lumen\\Application->dispatch(NULL)
#18 C:\\xampp\\htdocs\\httpdocs\\gdocapi\\public\\index.php(13): Laravel\\Lumen\\Application->run()
#19 {main}
"} 
