[2024-12-26 14:27:29] testing.ERROR:  {"exception":"[object] (Symfony\\Component\\HttpKernel\\Exception\\MethodNotAllowedHttpException(code: 0):  at C:\\xampp\\htdocs\\gdocapi\\vendor\\laravel\\lumen-framework\\src\\Concerns\\RoutesRequests.php:235)
[stacktrace]
#0 C:\\xampp\\htdocs\\gdocapi\\vendor\\laravel\\lumen-framework\\src\\Concerns\\RoutesRequests.php(172): Laravel\\Lumen\\Application->handleDispatcherResponse(Array)
#1 C:\\xampp\\htdocs\\gdocapi\\vendor\\laravel\\lumen-framework\\src\\Concerns\\RoutesRequests.php(429): Laravel\\Lumen\\Application->Laravel\\Lumen\\Concerns\\{closure}(Object(Laravel\\Lumen\\Http\\Request))
#2 C:\\xampp\\htdocs\\gdocapi\\vendor\\laravel\\lumen-framework\\src\\Concerns\\RoutesRequests.php(165): Laravel\\Lumen\\Application->sendThroughPipeline(Array, Object(Closure))
#3 C:\\xampp\\htdocs\\gdocapi\\vendor\\laravel\\lumen-framework\\src\\Concerns\\RoutesRequests.php(112): Laravel\\Lumen\\Application->dispatch(NULL)
#4 C:\\xampp\\htdocs\\gdocapi\\public\\index.php(13): Laravel\\Lumen\\Application->run()
#5 {main}
"} 
[2024-12-26 14:28:34] testing.ERROR:  {"exception":"[object] (Symfony\\Component\\HttpKernel\\Exception\\MethodNotAllowedHttpException(code: 0):  at C:\\xampp\\htdocs\\gdocapi\\vendor\\laravel\\lumen-framework\\src\\Concerns\\RoutesRequests.php:235)
[stacktrace]
#0 C:\\xampp\\htdocs\\gdocapi\\vendor\\laravel\\lumen-framework\\src\\Concerns\\RoutesRequests.php(172): Laravel\\Lumen\\Application->handleDispatcherResponse(Array)
#1 C:\\xampp\\htdocs\\gdocapi\\vendor\\laravel\\lumen-framework\\src\\Concerns\\RoutesRequests.php(429): Laravel\\Lumen\\Application->Laravel\\Lumen\\Concerns\\{closure}(Object(Laravel\\Lumen\\Http\\Request))
#2 C:\\xampp\\htdocs\\gdocapi\\vendor\\laravel\\lumen-framework\\src\\Concerns\\RoutesRequests.php(165): Laravel\\Lumen\\Application->sendThroughPipeline(Array, Object(Closure))
#3 C:\\xampp\\htdocs\\gdocapi\\vendor\\laravel\\lumen-framework\\src\\Concerns\\RoutesRequests.php(112): Laravel\\Lumen\\Application->dispatch(NULL)
#4 C:\\xampp\\htdocs\\gdocapi\\public\\index.php(13): Laravel\\Lumen\\Application->run()
#5 {main}
"} 
[2024-12-26 14:29:28] testing.ERROR:  {"exception":"[object] (Symfony\\Component\\HttpKernel\\Exception\\MethodNotAllowedHttpException(code: 0):  at C:\\xampp\\htdocs\\gdocapi\\vendor\\laravel\\lumen-framework\\src\\Concerns\\RoutesRequests.php:235)
[stacktrace]
#0 C:\\xampp\\htdocs\\gdocapi\\vendor\\laravel\\lumen-framework\\src\\Concerns\\RoutesRequests.php(172): Laravel\\Lumen\\Application->handleDispatcherResponse(Array)
#1 C:\\xampp\\htdocs\\gdocapi\\vendor\\laravel\\lumen-framework\\src\\Concerns\\RoutesRequests.php(429): Laravel\\Lumen\\Application->Laravel\\Lumen\\Concerns\\{closure}(Object(Laravel\\Lumen\\Http\\Request))
#2 C:\\xampp\\htdocs\\gdocapi\\vendor\\laravel\\lumen-framework\\src\\Concerns\\RoutesRequests.php(165): Laravel\\Lumen\\Application->sendThroughPipeline(Array, Object(Closure))
#3 C:\\xampp\\htdocs\\gdocapi\\vendor\\laravel\\lumen-framework\\src\\Concerns\\RoutesRequests.php(112): Laravel\\Lumen\\Application->dispatch(NULL)
#4 C:\\xampp\\htdocs\\gdocapi\\public\\index.php(13): Laravel\\Lumen\\Application->run()
#5 {main}
"} 
[2024-12-26 14:30:08] testing.ERROR:  {"exception":"[object] (Symfony\\Component\\HttpKernel\\Exception\\MethodNotAllowedHttpException(code: 0):  at C:\\xampp\\htdocs\\gdocapi\\vendor\\laravel\\lumen-framework\\src\\Concerns\\RoutesRequests.php:235)
[stacktrace]
#0 C:\\xampp\\htdocs\\gdocapi\\vendor\\laravel\\lumen-framework\\src\\Concerns\\RoutesRequests.php(172): Laravel\\Lumen\\Application->handleDispatcherResponse(Array)
#1 C:\\xampp\\htdocs\\gdocapi\\vendor\\laravel\\lumen-framework\\src\\Concerns\\RoutesRequests.php(429): Laravel\\Lumen\\Application->Laravel\\Lumen\\Concerns\\{closure}(Object(Laravel\\Lumen\\Http\\Request))
#2 C:\\xampp\\htdocs\\gdocapi\\vendor\\laravel\\lumen-framework\\src\\Concerns\\RoutesRequests.php(165): Laravel\\Lumen\\Application->sendThroughPipeline(Array, Object(Closure))
#3 C:\\xampp\\htdocs\\gdocapi\\vendor\\laravel\\lumen-framework\\src\\Concerns\\RoutesRequests.php(112): Laravel\\Lumen\\Application->dispatch(NULL)
#4 C:\\xampp\\htdocs\\gdocapi\\public\\index.php(13): Laravel\\Lumen\\Application->run()
#5 {main}
"} 
[2024-12-26 14:31:17] testing.ERROR:  {"exception":"[object] (Symfony\\Component\\HttpKernel\\Exception\\MethodNotAllowedHttpException(code: 0):  at C:\\xampp\\htdocs\\gdocapi\\vendor\\laravel\\lumen-framework\\src\\Concerns\\RoutesRequests.php:235)
[stacktrace]
#0 C:\\xampp\\htdocs\\gdocapi\\vendor\\laravel\\lumen-framework\\src\\Concerns\\RoutesRequests.php(172): Laravel\\Lumen\\Application->handleDispatcherResponse(Array)
#1 C:\\xampp\\htdocs\\gdocapi\\vendor\\laravel\\lumen-framework\\src\\Concerns\\RoutesRequests.php(429): Laravel\\Lumen\\Application->Laravel\\Lumen\\Concerns\\{closure}(Object(Laravel\\Lumen\\Http\\Request))
#2 C:\\xampp\\htdocs\\gdocapi\\vendor\\laravel\\lumen-framework\\src\\Concerns\\RoutesRequests.php(165): Laravel\\Lumen\\Application->sendThroughPipeline(Array, Object(Closure))
#3 C:\\xampp\\htdocs\\gdocapi\\vendor\\laravel\\lumen-framework\\src\\Concerns\\RoutesRequests.php(112): Laravel\\Lumen\\Application->dispatch(NULL)
#4 C:\\xampp\\htdocs\\gdocapi\\public\\index.php(13): Laravel\\Lumen\\Application->run()
#5 {main}
"} 
[2024-12-26 14:32:28] testing.ERROR:  {"exception":"[object] (Symfony\\Component\\HttpKernel\\Exception\\MethodNotAllowedHttpException(code: 0):  at C:\\xampp\\htdocs\\gdocapi\\vendor\\laravel\\lumen-framework\\src\\Concerns\\RoutesRequests.php:235)
[stacktrace]
#0 C:\\xampp\\htdocs\\gdocapi\\vendor\\laravel\\lumen-framework\\src\\Concerns\\RoutesRequests.php(172): Laravel\\Lumen\\Application->handleDispatcherResponse(Array)
#1 C:\\xampp\\htdocs\\gdocapi\\vendor\\laravel\\lumen-framework\\src\\Concerns\\RoutesRequests.php(429): Laravel\\Lumen\\Application->Laravel\\Lumen\\Concerns\\{closure}(Object(Laravel\\Lumen\\Http\\Request))
#2 C:\\xampp\\htdocs\\gdocapi\\vendor\\laravel\\lumen-framework\\src\\Concerns\\RoutesRequests.php(165): Laravel\\Lumen\\Application->sendThroughPipeline(Array, Object(Closure))
#3 C:\\xampp\\htdocs\\gdocapi\\vendor\\laravel\\lumen-framework\\src\\Concerns\\RoutesRequests.php(112): Laravel\\Lumen\\Application->dispatch(NULL)
#4 C:\\xampp\\htdocs\\gdocapi\\public\\index.php(13): Laravel\\Lumen\\Application->run()
#5 {main}
"} 
[2024-12-26 14:32:34] testing.ERROR:  {"exception":"[object] (Symfony\\Component\\HttpKernel\\Exception\\MethodNotAllowedHttpException(code: 0):  at C:\\xampp\\htdocs\\gdocapi\\vendor\\laravel\\lumen-framework\\src\\Concerns\\RoutesRequests.php:235)
[stacktrace]
#0 C:\\xampp\\htdocs\\gdocapi\\vendor\\laravel\\lumen-framework\\src\\Concerns\\RoutesRequests.php(172): Laravel\\Lumen\\Application->handleDispatcherResponse(Array)
#1 C:\\xampp\\htdocs\\gdocapi\\vendor\\laravel\\lumen-framework\\src\\Concerns\\RoutesRequests.php(429): Laravel\\Lumen\\Application->Laravel\\Lumen\\Concerns\\{closure}(Object(Laravel\\Lumen\\Http\\Request))
#2 C:\\xampp\\htdocs\\gdocapi\\vendor\\laravel\\lumen-framework\\src\\Concerns\\RoutesRequests.php(165): Laravel\\Lumen\\Application->sendThroughPipeline(Array, Object(Closure))
#3 C:\\xampp\\htdocs\\gdocapi\\vendor\\laravel\\lumen-framework\\src\\Concerns\\RoutesRequests.php(112): Laravel\\Lumen\\Application->dispatch(NULL)
#4 C:\\xampp\\htdocs\\gdocapi\\public\\index.php(13): Laravel\\Lumen\\Application->run()
#5 {main}
"} 
[2024-12-26 14:32:58] testing.ERROR:  {"exception":"[object] (Symfony\\Component\\HttpKernel\\Exception\\MethodNotAllowedHttpException(code: 0):  at C:\\xampp\\htdocs\\gdocapi\\vendor\\laravel\\lumen-framework\\src\\Concerns\\RoutesRequests.php:235)
[stacktrace]
#0 C:\\xampp\\htdocs\\gdocapi\\vendor\\laravel\\lumen-framework\\src\\Concerns\\RoutesRequests.php(172): Laravel\\Lumen\\Application->handleDispatcherResponse(Array)
#1 C:\\xampp\\htdocs\\gdocapi\\vendor\\laravel\\lumen-framework\\src\\Concerns\\RoutesRequests.php(429): Laravel\\Lumen\\Application->Laravel\\Lumen\\Concerns\\{closure}(Object(Laravel\\Lumen\\Http\\Request))
#2 C:\\xampp\\htdocs\\gdocapi\\vendor\\laravel\\lumen-framework\\src\\Concerns\\RoutesRequests.php(165): Laravel\\Lumen\\Application->sendThroughPipeline(Array, Object(Closure))
#3 C:\\xampp\\htdocs\\gdocapi\\vendor\\laravel\\lumen-framework\\src\\Concerns\\RoutesRequests.php(112): Laravel\\Lumen\\Application->dispatch(NULL)
#4 C:\\xampp\\htdocs\\gdocapi\\public\\index.php(13): Laravel\\Lumen\\Application->run()
#5 {main}
"} 
[2024-12-26 14:34:00] testing.ERROR: The HTTP status code "0" is not valid. {"exception":"[object] (InvalidArgumentException(code: 0): The HTTP status code \"0\" is not valid. at C:\\xampp\\htdocs\\gdocapi\\vendor\\symfony\\http-foundation\\Response.php:470)
[stacktrace]
#0 C:\\xampp\\htdocs\\gdocapi\\vendor\\symfony\\http-foundation\\Response.php(219): Symfony\\Component\\HttpFoundation\\Response->setStatusCode(0)
#1 C:\\xampp\\htdocs\\gdocapi\\vendor\\symfony\\http-foundation\\JsonResponse.php(44): Symfony\\Component\\HttpFoundation\\Response->__construct('', 0, Array)
#2 C:\\xampp\\htdocs\\gdocapi\\vendor\\illuminate\\http\\JsonResponse.php(32): Symfony\\Component\\HttpFoundation\\JsonResponse->__construct(Array, 0, Array, false)
#3 C:\\xampp\\htdocs\\gdocapi\\vendor\\laravel\\lumen-framework\\src\\Http\\ResponseFactory.php(40): Illuminate\\Http\\JsonResponse->__construct(Array, 0, Array, 0)
#4 C:\\xampp\\htdocs\\gdocapi\\src\\Controllers\\Controller.php(22): Laravel\\Lumen\\Http\\ResponseFactory->json(Array, 0)
#5 C:\\xampp\\htdocs\\gdocapi\\src\\Routes\\nodeRouter.php(33): GDocAPI\\Controllers\\Controller::execute('crearNodo', 200, 'e0f528c2-ab37-4...')
#6 C:\\xampp\\htdocs\\gdocapi\\vendor\\illuminate\\container\\BoundMethod.php(36): Closure->{closure}('e0f528c2-ab37-4...')
#7 C:\\xampp\\htdocs\\gdocapi\\vendor\\illuminate\\container\\Util.php(40): Illuminate\\Container\\BoundMethod::Illuminate\\Container\\{closure}()
#8 C:\\xampp\\htdocs\\gdocapi\\vendor\\illuminate\\container\\BoundMethod.php(81): Illuminate\\Container\\Util::unwrapIfClosure(Object(Closure))
#9 C:\\xampp\\htdocs\\gdocapi\\vendor\\illuminate\\container\\BoundMethod.php(35): Illuminate\\Container\\BoundMethod::callBoundMethod(Object(Laravel\\Lumen\\Application), Object(Closure), Object(Closure))
#10 C:\\xampp\\htdocs\\gdocapi\\vendor\\illuminate\\container\\Container.php(653): Illuminate\\Container\\BoundMethod::call(Object(Laravel\\Lumen\\Application), Object(Closure), Array, NULL)
#11 C:\\xampp\\htdocs\\gdocapi\\vendor\\laravel\\lumen-framework\\src\\Concerns\\RoutesRequests.php(302): Illuminate\\Container\\Container->call(Object(Closure), Array)
#12 C:\\xampp\\htdocs\\gdocapi\\vendor\\laravel\\lumen-framework\\src\\Concerns\\RoutesRequests.php(267): Laravel\\Lumen\\Application->callActionOnArrayBasedRoute(Array)
#13 C:\\xampp\\htdocs\\gdocapi\\vendor\\laravel\\lumen-framework\\src\\Concerns\\RoutesRequests.php(237): Laravel\\Lumen\\Application->handleFoundRoute(Array)
#14 C:\\xampp\\htdocs\\gdocapi\\vendor\\laravel\\lumen-framework\\src\\Concerns\\RoutesRequests.php(172): Laravel\\Lumen\\Application->handleDispatcherResponse(Array)
#15 C:\\xampp\\htdocs\\gdocapi\\vendor\\laravel\\lumen-framework\\src\\Concerns\\RoutesRequests.php(429): Laravel\\Lumen\\Application->Laravel\\Lumen\\Concerns\\{closure}(Object(Laravel\\Lumen\\Http\\Request))
#16 C:\\xampp\\htdocs\\gdocapi\\vendor\\laravel\\lumen-framework\\src\\Concerns\\RoutesRequests.php(165): Laravel\\Lumen\\Application->sendThroughPipeline(Array, Object(Closure))
#17 C:\\xampp\\htdocs\\gdocapi\\vendor\\laravel\\lumen-framework\\src\\Concerns\\RoutesRequests.php(112): Laravel\\Lumen\\Application->dispatch(NULL)
#18 C:\\xampp\\htdocs\\gdocapi\\public\\index.php(13): Laravel\\Lumen\\Application->run()
#19 {main}
"} 
[2024-12-26 14:34:50] testing.ERROR: Cannot use object of type stdClass as array {"exception":"[object] (Error(code: 0): Cannot use object of type stdClass as array at C:\\xampp\\htdocs\\gdocapi\\src\\Controllers\\NodeController.php:103)
[stacktrace]
#0 [internal function]: GDocAPI\\Controllers\\NodeController::crearNodo('e0f528c2-ab37-4...')
#1 C:\\xampp\\htdocs\\gdocapi\\src\\Controllers\\Controller.php(18): call_user_func_array(Array, Array)
#2 C:\\xampp\\htdocs\\gdocapi\\src\\Routes\\nodeRouter.php(33): GDocAPI\\Controllers\\Controller::execute('crearNodo', 200, 'e0f528c2-ab37-4...')
#3 C:\\xampp\\htdocs\\gdocapi\\vendor\\illuminate\\container\\BoundMethod.php(36): Closure->{closure}('e0f528c2-ab37-4...')
#4 C:\\xampp\\htdocs\\gdocapi\\vendor\\illuminate\\container\\Util.php(40): Illuminate\\Container\\BoundMethod::Illuminate\\Container\\{closure}()
#5 C:\\xampp\\htdocs\\gdocapi\\vendor\\illuminate\\container\\BoundMethod.php(81): Illuminate\\Container\\Util::unwrapIfClosure(Object(Closure))
#6 C:\\xampp\\htdocs\\gdocapi\\vendor\\illuminate\\container\\BoundMethod.php(35): Illuminate\\Container\\BoundMethod::callBoundMethod(Object(Laravel\\Lumen\\Application), Object(Closure), Object(Closure))
#7 C:\\xampp\\htdocs\\gdocapi\\vendor\\illuminate\\container\\Container.php(653): Illuminate\\Container\\BoundMethod::call(Object(Laravel\\Lumen\\Application), Object(Closure), Array, NULL)
#8 C:\\xampp\\htdocs\\gdocapi\\vendor\\laravel\\lumen-framework\\src\\Concerns\\RoutesRequests.php(302): Illuminate\\Container\\Container->call(Object(Closure), Array)
#9 C:\\xampp\\htdocs\\gdocapi\\vendor\\laravel\\lumen-framework\\src\\Concerns\\RoutesRequests.php(267): Laravel\\Lumen\\Application->callActionOnArrayBasedRoute(Array)
#10 C:\\xampp\\htdocs\\gdocapi\\vendor\\laravel\\lumen-framework\\src\\Concerns\\RoutesRequests.php(237): Laravel\\Lumen\\Application->handleFoundRoute(Array)
#11 C:\\xampp\\htdocs\\gdocapi\\vendor\\laravel\\lumen-framework\\src\\Concerns\\RoutesRequests.php(172): Laravel\\Lumen\\Application->handleDispatcherResponse(Array)
#12 C:\\xampp\\htdocs\\gdocapi\\vendor\\laravel\\lumen-framework\\src\\Concerns\\RoutesRequests.php(429): Laravel\\Lumen\\Application->Laravel\\Lumen\\Concerns\\{closure}(Object(Laravel\\Lumen\\Http\\Request))
#13 C:\\xampp\\htdocs\\gdocapi\\vendor\\laravel\\lumen-framework\\src\\Concerns\\RoutesRequests.php(165): Laravel\\Lumen\\Application->sendThroughPipeline(Array, Object(Closure))
#14 C:\\xampp\\htdocs\\gdocapi\\vendor\\laravel\\lumen-framework\\src\\Concerns\\RoutesRequests.php(112): Laravel\\Lumen\\Application->dispatch(NULL)
#15 C:\\xampp\\htdocs\\gdocapi\\public\\index.php(13): Laravel\\Lumen\\Application->run()
#16 {main}
"} 
[2024-12-26 14:35:07] testing.ERROR: Cannot use object of type stdClass as array {"exception":"[object] (Error(code: 0): Cannot use object of type stdClass as array at C:\\xampp\\htdocs\\gdocapi\\src\\Controllers\\NodeController.php:103)
[stacktrace]
#0 [internal function]: GDocAPI\\Controllers\\NodeController::crearNodo('e0f528c2-ab37-4...')
#1 C:\\xampp\\htdocs\\gdocapi\\src\\Controllers\\Controller.php(18): call_user_func_array(Array, Array)
#2 C:\\xampp\\htdocs\\gdocapi\\src\\Routes\\nodeRouter.php(33): GDocAPI\\Controllers\\Controller::execute('crearNodo', 200, 'e0f528c2-ab37-4...')
#3 C:\\xampp\\htdocs\\gdocapi\\vendor\\illuminate\\container\\BoundMethod.php(36): Closure->{closure}('e0f528c2-ab37-4...')
#4 C:\\xampp\\htdocs\\gdocapi\\vendor\\illuminate\\container\\Util.php(40): Illuminate\\Container\\BoundMethod::Illuminate\\Container\\{closure}()
#5 C:\\xampp\\htdocs\\gdocapi\\vendor\\illuminate\\container\\BoundMethod.php(81): Illuminate\\Container\\Util::unwrapIfClosure(Object(Closure))
#6 C:\\xampp\\htdocs\\gdocapi\\vendor\\illuminate\\container\\BoundMethod.php(35): Illuminate\\Container\\BoundMethod::callBoundMethod(Object(Laravel\\Lumen\\Application), Object(Closure), Object(Closure))
#7 C:\\xampp\\htdocs\\gdocapi\\vendor\\illuminate\\container\\Container.php(653): Illuminate\\Container\\BoundMethod::call(Object(Laravel\\Lumen\\Application), Object(Closure), Array, NULL)
#8 C:\\xampp\\htdocs\\gdocapi\\vendor\\laravel\\lumen-framework\\src\\Concerns\\RoutesRequests.php(302): Illuminate\\Container\\Container->call(Object(Closure), Array)
#9 C:\\xampp\\htdocs\\gdocapi\\vendor\\laravel\\lumen-framework\\src\\Concerns\\RoutesRequests.php(267): Laravel\\Lumen\\Application->callActionOnArrayBasedRoute(Array)
#10 C:\\xampp\\htdocs\\gdocapi\\vendor\\laravel\\lumen-framework\\src\\Concerns\\RoutesRequests.php(237): Laravel\\Lumen\\Application->handleFoundRoute(Array)
#11 C:\\xampp\\htdocs\\gdocapi\\vendor\\laravel\\lumen-framework\\src\\Concerns\\RoutesRequests.php(172): Laravel\\Lumen\\Application->handleDispatcherResponse(Array)
#12 C:\\xampp\\htdocs\\gdocapi\\vendor\\laravel\\lumen-framework\\src\\Concerns\\RoutesRequests.php(429): Laravel\\Lumen\\Application->Laravel\\Lumen\\Concerns\\{closure}(Object(Laravel\\Lumen\\Http\\Request))
#13 C:\\xampp\\htdocs\\gdocapi\\vendor\\laravel\\lumen-framework\\src\\Concerns\\RoutesRequests.php(165): Laravel\\Lumen\\Application->sendThroughPipeline(Array, Object(Closure))
#14 C:\\xampp\\htdocs\\gdocapi\\vendor\\laravel\\lumen-framework\\src\\Concerns\\RoutesRequests.php(112): Laravel\\Lumen\\Application->dispatch(NULL)
#15 C:\\xampp\\htdocs\\gdocapi\\public\\index.php(13): Laravel\\Lumen\\Application->run()
#16 {main}
"} 
