[2024-12-17 09:23:27] testing.ERROR: Class "GDocAPI\Controllers\RequestService" not found {"exception":"[object] (Error(code: 0): Class \"GDocAPI\\Controllers\\RequestService\" not found at C:\\xampp\\htdocs\\gdocapi\\src\\Controllers\\FileController.php:156)
[stacktrace]
#0 [internal function]: GDocAPI\\Controllers\\FileController::descargarDocumentosPDF()
#1 C:\\xampp\\htdocs\\gdocapi\\src\\Controllers\\Controller.php(18): call_user_func_array(Array, Array)
#2 C:\\xampp\\htdocs\\gdocapi\\src\\Routes\\fileRouter.php(17): GDocAPI\\Controllers\\Controller::execute('descargarDocume...', 200)
#3 C:\\xampp\\htdocs\\gdocapi\\vendor\\illuminate\\container\\BoundMethod.php(36): Closure->{closure}()
#4 C:\\xampp\\htdocs\\gdocapi\\vendor\\illuminate\\container\\Util.php(40): Illuminate\\Container\\BoundMethod::Illuminate\\Container\\{closure}()
#5 C:\\xampp\\htdocs\\gdocapi\\vendor\\illuminate\\container\\BoundMethod.php(81): Illuminate\\Container\\Util::unwrapIfClosure(Object(Closure))
#6 C:\\xampp\\htdocs\\gdocapi\\vendor\\illuminate\\container\\BoundMethod.php(35): Illuminate\\Container\\BoundMethod::callBoundMethod(Object(Laravel\\Lumen\\Application), Object(Closure), Object(Closure))
#7 C:\\xampp\\htdocs\\gdocapi\\vendor\\illuminate\\container\\Container.php(653): Illuminate\\Container\\BoundMethod::call(Object(Laravel\\Lumen\\Application), Object(Closure), Array, NULL)
#8 C:\\xampp\\htdocs\\gdocapi\\vendor\\laravel\\lumen-framework\\src\\Concerns\\RoutesRequests.php(302): Illuminate\\Container\\Container->call(Object(Closure), Array)
#9 C:\\xampp\\htdocs\\gdocapi\\vendor\\laravel\\lumen-framework\\src\\Concerns\\RoutesRequests.php(267): Laravel\\Lumen\\Application->callActionOnArrayBasedRoute(Array)
#10 C:\\xampp\\htdocs\\gdocapi\\vendor\\laravel\\lumen-framework\\src\\Concerns\\RoutesRequests.php(169): Laravel\\Lumen\\Application->handleFoundRoute(Array)
#11 C:\\xampp\\htdocs\\gdocapi\\vendor\\laravel\\lumen-framework\\src\\Concerns\\RoutesRequests.php(429): Laravel\\Lumen\\Application->Laravel\\Lumen\\Concerns\\{closure}(Object(Laravel\\Lumen\\Http\\Request))
#12 C:\\xampp\\htdocs\\gdocapi\\vendor\\laravel\\lumen-framework\\src\\Concerns\\RoutesRequests.php(165): Laravel\\Lumen\\Application->sendThroughPipeline(Array, Object(Closure))
#13 C:\\xampp\\htdocs\\gdocapi\\vendor\\laravel\\lumen-framework\\src\\Concerns\\RoutesRequests.php(112): Laravel\\Lumen\\Application->dispatch(NULL)
#14 C:\\xampp\\htdocs\\gdocapi\\public\\index.php(13): Laravel\\Lumen\\Application->run()
#15 {main}
"} 
[2024-12-17 09:29:40] testing.ERROR: The HTTP status code "0" is not valid. {"exception":"[object] (InvalidArgumentException(code: 0): The HTTP status code \"0\" is not valid. at C:\\xampp\\htdocs\\gdocapi\\vendor\\symfony\\http-foundation\\Response.php:470)
[stacktrace]
#0 C:\\xampp\\htdocs\\gdocapi\\vendor\\symfony\\http-foundation\\Response.php(219): Symfony\\Component\\HttpFoundation\\Response->setStatusCode(0)
#1 C:\\xampp\\htdocs\\gdocapi\\vendor\\symfony\\http-foundation\\JsonResponse.php(44): Symfony\\Component\\HttpFoundation\\Response->__construct('', 0, Array)
#2 C:\\xampp\\htdocs\\gdocapi\\vendor\\illuminate\\http\\JsonResponse.php(32): Symfony\\Component\\HttpFoundation\\JsonResponse->__construct(Array, 0, Array, false)
#3 C:\\xampp\\htdocs\\gdocapi\\vendor\\laravel\\lumen-framework\\src\\Http\\ResponseFactory.php(40): Illuminate\\Http\\JsonResponse->__construct(Array, 0, Array, 0)
#4 C:\\xampp\\htdocs\\gdocapi\\src\\Controllers\\Controller.php(22): Laravel\\Lumen\\Http\\ResponseFactory->json(Array, 0)
#5 C:\\xampp\\htdocs\\gdocapi\\src\\Routes\\fileRouter.php(17): GDocAPI\\Controllers\\Controller::execute('descargarDocume...', 200)
#6 C:\\xampp\\htdocs\\gdocapi\\vendor\\illuminate\\container\\BoundMethod.php(36): Closure->{closure}()
#7 C:\\xampp\\htdocs\\gdocapi\\vendor\\illuminate\\container\\Util.php(40): Illuminate\\Container\\BoundMethod::Illuminate\\Container\\{closure}()
#8 C:\\xampp\\htdocs\\gdocapi\\vendor\\illuminate\\container\\BoundMethod.php(81): Illuminate\\Container\\Util::unwrapIfClosure(Object(Closure))
#9 C:\\xampp\\htdocs\\gdocapi\\vendor\\illuminate\\container\\BoundMethod.php(35): Illuminate\\Container\\BoundMethod::callBoundMethod(Object(Laravel\\Lumen\\Application), Object(Closure), Object(Closure))
#10 C:\\xampp\\htdocs\\gdocapi\\vendor\\illuminate\\container\\Container.php(653): Illuminate\\Container\\BoundMethod::call(Object(Laravel\\Lumen\\Application), Object(Closure), Array, NULL)
#11 C:\\xampp\\htdocs\\gdocapi\\vendor\\laravel\\lumen-framework\\src\\Concerns\\RoutesRequests.php(302): Illuminate\\Container\\Container->call(Object(Closure), Array)
#12 C:\\xampp\\htdocs\\gdocapi\\vendor\\laravel\\lumen-framework\\src\\Concerns\\RoutesRequests.php(267): Laravel\\Lumen\\Application->callActionOnArrayBasedRoute(Array)
#13 C:\\xampp\\htdocs\\gdocapi\\vendor\\laravel\\lumen-framework\\src\\Concerns\\RoutesRequests.php(169): Laravel\\Lumen\\Application->handleFoundRoute(Array)
#14 C:\\xampp\\htdocs\\gdocapi\\vendor\\laravel\\lumen-framework\\src\\Concerns\\RoutesRequests.php(429): Laravel\\Lumen\\Application->Laravel\\Lumen\\Concerns\\{closure}(Object(Laravel\\Lumen\\Http\\Request))
#15 C:\\xampp\\htdocs\\gdocapi\\vendor\\laravel\\lumen-framework\\src\\Concerns\\RoutesRequests.php(165): Laravel\\Lumen\\Application->sendThroughPipeline(Array, Object(Closure))
#16 C:\\xampp\\htdocs\\gdocapi\\vendor\\laravel\\lumen-framework\\src\\Concerns\\RoutesRequests.php(112): Laravel\\Lumen\\Application->dispatch(NULL)
#17 C:\\xampp\\htdocs\\gdocapi\\public\\index.php(13): Laravel\\Lumen\\Application->run()
#18 {main}
"} 
[2024-12-17 09:34:15] testing.ERROR: The HTTP status code "0" is not valid. {"exception":"[object] (InvalidArgumentException(code: 0): The HTTP status code \"0\" is not valid. at C:\\xampp\\htdocs\\gdocapi\\vendor\\symfony\\http-foundation\\Response.php:470)
[stacktrace]
#0 C:\\xampp\\htdocs\\gdocapi\\vendor\\symfony\\http-foundation\\Response.php(219): Symfony\\Component\\HttpFoundation\\Response->setStatusCode(0)
#1 C:\\xampp\\htdocs\\gdocapi\\vendor\\symfony\\http-foundation\\JsonResponse.php(44): Symfony\\Component\\HttpFoundation\\Response->__construct('', 0, Array)
#2 C:\\xampp\\htdocs\\gdocapi\\vendor\\illuminate\\http\\JsonResponse.php(32): Symfony\\Component\\HttpFoundation\\JsonResponse->__construct(Array, 0, Array, false)
#3 C:\\xampp\\htdocs\\gdocapi\\vendor\\laravel\\lumen-framework\\src\\Http\\ResponseFactory.php(40): Illuminate\\Http\\JsonResponse->__construct(Array, 0, Array, 0)
#4 C:\\xampp\\htdocs\\gdocapi\\src\\Controllers\\Controller.php(22): Laravel\\Lumen\\Http\\ResponseFactory->json(Array, 0)
#5 C:\\xampp\\htdocs\\gdocapi\\src\\Routes\\fileRouter.php(17): GDocAPI\\Controllers\\Controller::execute('descargarDocume...', 200)
#6 C:\\xampp\\htdocs\\gdocapi\\vendor\\illuminate\\container\\BoundMethod.php(36): Closure->{closure}()
#7 C:\\xampp\\htdocs\\gdocapi\\vendor\\illuminate\\container\\Util.php(40): Illuminate\\Container\\BoundMethod::Illuminate\\Container\\{closure}()
#8 C:\\xampp\\htdocs\\gdocapi\\vendor\\illuminate\\container\\BoundMethod.php(81): Illuminate\\Container\\Util::unwrapIfClosure(Object(Closure))
#9 C:\\xampp\\htdocs\\gdocapi\\vendor\\illuminate\\container\\BoundMethod.php(35): Illuminate\\Container\\BoundMethod::callBoundMethod(Object(Laravel\\Lumen\\Application), Object(Closure), Object(Closure))
#10 C:\\xampp\\htdocs\\gdocapi\\vendor\\illuminate\\container\\Container.php(653): Illuminate\\Container\\BoundMethod::call(Object(Laravel\\Lumen\\Application), Object(Closure), Array, NULL)
#11 C:\\xampp\\htdocs\\gdocapi\\vendor\\laravel\\lumen-framework\\src\\Concerns\\RoutesRequests.php(302): Illuminate\\Container\\Container->call(Object(Closure), Array)
#12 C:\\xampp\\htdocs\\gdocapi\\vendor\\laravel\\lumen-framework\\src\\Concerns\\RoutesRequests.php(267): Laravel\\Lumen\\Application->callActionOnArrayBasedRoute(Array)
#13 C:\\xampp\\htdocs\\gdocapi\\vendor\\laravel\\lumen-framework\\src\\Concerns\\RoutesRequests.php(169): Laravel\\Lumen\\Application->handleFoundRoute(Array)
#14 C:\\xampp\\htdocs\\gdocapi\\vendor\\laravel\\lumen-framework\\src\\Concerns\\RoutesRequests.php(429): Laravel\\Lumen\\Application->Laravel\\Lumen\\Concerns\\{closure}(Object(Laravel\\Lumen\\Http\\Request))
#15 C:\\xampp\\htdocs\\gdocapi\\vendor\\laravel\\lumen-framework\\src\\Concerns\\RoutesRequests.php(165): Laravel\\Lumen\\Application->sendThroughPipeline(Array, Object(Closure))
#16 C:\\xampp\\htdocs\\gdocapi\\vendor\\laravel\\lumen-framework\\src\\Concerns\\RoutesRequests.php(112): Laravel\\Lumen\\Application->dispatch(NULL)
#17 C:\\xampp\\htdocs\\gdocapi\\public\\index.php(13): Laravel\\Lumen\\Application->run()
#18 {main}
"} 
[2024-12-17 09:34:17] testing.ERROR: The HTTP status code "0" is not valid. {"exception":"[object] (InvalidArgumentException(code: 0): The HTTP status code \"0\" is not valid. at C:\\xampp\\htdocs\\gdocapi\\vendor\\symfony\\http-foundation\\Response.php:470)
[stacktrace]
#0 C:\\xampp\\htdocs\\gdocapi\\vendor\\symfony\\http-foundation\\Response.php(219): Symfony\\Component\\HttpFoundation\\Response->setStatusCode(0)
#1 C:\\xampp\\htdocs\\gdocapi\\vendor\\symfony\\http-foundation\\JsonResponse.php(44): Symfony\\Component\\HttpFoundation\\Response->__construct('', 0, Array)
#2 C:\\xampp\\htdocs\\gdocapi\\vendor\\illuminate\\http\\JsonResponse.php(32): Symfony\\Component\\HttpFoundation\\JsonResponse->__construct(Array, 0, Array, false)
#3 C:\\xampp\\htdocs\\gdocapi\\vendor\\laravel\\lumen-framework\\src\\Http\\ResponseFactory.php(40): Illuminate\\Http\\JsonResponse->__construct(Array, 0, Array, 0)
#4 C:\\xampp\\htdocs\\gdocapi\\src\\Controllers\\Controller.php(22): Laravel\\Lumen\\Http\\ResponseFactory->json(Array, 0)
#5 C:\\xampp\\htdocs\\gdocapi\\src\\Routes\\fileRouter.php(17): GDocAPI\\Controllers\\Controller::execute('descargarDocume...', 200)
#6 C:\\xampp\\htdocs\\gdocapi\\vendor\\illuminate\\container\\BoundMethod.php(36): Closure->{closure}()
#7 C:\\xampp\\htdocs\\gdocapi\\vendor\\illuminate\\container\\Util.php(40): Illuminate\\Container\\BoundMethod::Illuminate\\Container\\{closure}()
#8 C:\\xampp\\htdocs\\gdocapi\\vendor\\illuminate\\container\\BoundMethod.php(81): Illuminate\\Container\\Util::unwrapIfClosure(Object(Closure))
#9 C:\\xampp\\htdocs\\gdocapi\\vendor\\illuminate\\container\\BoundMethod.php(35): Illuminate\\Container\\BoundMethod::callBoundMethod(Object(Laravel\\Lumen\\Application), Object(Closure), Object(Closure))
#10 C:\\xampp\\htdocs\\gdocapi\\vendor\\illuminate\\container\\Container.php(653): Illuminate\\Container\\BoundMethod::call(Object(Laravel\\Lumen\\Application), Object(Closure), Array, NULL)
#11 C:\\xampp\\htdocs\\gdocapi\\vendor\\laravel\\lumen-framework\\src\\Concerns\\RoutesRequests.php(302): Illuminate\\Container\\Container->call(Object(Closure), Array)
#12 C:\\xampp\\htdocs\\gdocapi\\vendor\\laravel\\lumen-framework\\src\\Concerns\\RoutesRequests.php(267): Laravel\\Lumen\\Application->callActionOnArrayBasedRoute(Array)
#13 C:\\xampp\\htdocs\\gdocapi\\vendor\\laravel\\lumen-framework\\src\\Concerns\\RoutesRequests.php(169): Laravel\\Lumen\\Application->handleFoundRoute(Array)
#14 C:\\xampp\\htdocs\\gdocapi\\vendor\\laravel\\lumen-framework\\src\\Concerns\\RoutesRequests.php(429): Laravel\\Lumen\\Application->Laravel\\Lumen\\Concerns\\{closure}(Object(Laravel\\Lumen\\Http\\Request))
#15 C:\\xampp\\htdocs\\gdocapi\\vendor\\laravel\\lumen-framework\\src\\Concerns\\RoutesRequests.php(165): Laravel\\Lumen\\Application->sendThroughPipeline(Array, Object(Closure))
#16 C:\\xampp\\htdocs\\gdocapi\\vendor\\laravel\\lumen-framework\\src\\Concerns\\RoutesRequests.php(112): Laravel\\Lumen\\Application->dispatch(NULL)
#17 C:\\xampp\\htdocs\\gdocapi\\public\\index.php(13): Laravel\\Lumen\\Application->run()
#18 {main}
"} 
[2024-12-17 09:34:18] testing.ERROR: The HTTP status code "0" is not valid. {"exception":"[object] (InvalidArgumentException(code: 0): The HTTP status code \"0\" is not valid. at C:\\xampp\\htdocs\\gdocapi\\vendor\\symfony\\http-foundation\\Response.php:470)
[stacktrace]
#0 C:\\xampp\\htdocs\\gdocapi\\vendor\\symfony\\http-foundation\\Response.php(219): Symfony\\Component\\HttpFoundation\\Response->setStatusCode(0)
#1 C:\\xampp\\htdocs\\gdocapi\\vendor\\symfony\\http-foundation\\JsonResponse.php(44): Symfony\\Component\\HttpFoundation\\Response->__construct('', 0, Array)
#2 C:\\xampp\\htdocs\\gdocapi\\vendor\\illuminate\\http\\JsonResponse.php(32): Symfony\\Component\\HttpFoundation\\JsonResponse->__construct(Array, 0, Array, false)
#3 C:\\xampp\\htdocs\\gdocapi\\vendor\\laravel\\lumen-framework\\src\\Http\\ResponseFactory.php(40): Illuminate\\Http\\JsonResponse->__construct(Array, 0, Array, 0)
#4 C:\\xampp\\htdocs\\gdocapi\\src\\Controllers\\Controller.php(22): Laravel\\Lumen\\Http\\ResponseFactory->json(Array, 0)
#5 C:\\xampp\\htdocs\\gdocapi\\src\\Routes\\fileRouter.php(17): GDocAPI\\Controllers\\Controller::execute('descargarDocume...', 200)
#6 C:\\xampp\\htdocs\\gdocapi\\vendor\\illuminate\\container\\BoundMethod.php(36): Closure->{closure}()
#7 C:\\xampp\\htdocs\\gdocapi\\vendor\\illuminate\\container\\Util.php(40): Illuminate\\Container\\BoundMethod::Illuminate\\Container\\{closure}()
#8 C:\\xampp\\htdocs\\gdocapi\\vendor\\illuminate\\container\\BoundMethod.php(81): Illuminate\\Container\\Util::unwrapIfClosure(Object(Closure))
#9 C:\\xampp\\htdocs\\gdocapi\\vendor\\illuminate\\container\\BoundMethod.php(35): Illuminate\\Container\\BoundMethod::callBoundMethod(Object(Laravel\\Lumen\\Application), Object(Closure), Object(Closure))
#10 C:\\xampp\\htdocs\\gdocapi\\vendor\\illuminate\\container\\Container.php(653): Illuminate\\Container\\BoundMethod::call(Object(Laravel\\Lumen\\Application), Object(Closure), Array, NULL)
#11 C:\\xampp\\htdocs\\gdocapi\\vendor\\laravel\\lumen-framework\\src\\Concerns\\RoutesRequests.php(302): Illuminate\\Container\\Container->call(Object(Closure), Array)
#12 C:\\xampp\\htdocs\\gdocapi\\vendor\\laravel\\lumen-framework\\src\\Concerns\\RoutesRequests.php(267): Laravel\\Lumen\\Application->callActionOnArrayBasedRoute(Array)
#13 C:\\xampp\\htdocs\\gdocapi\\vendor\\laravel\\lumen-framework\\src\\Concerns\\RoutesRequests.php(169): Laravel\\Lumen\\Application->handleFoundRoute(Array)
#14 C:\\xampp\\htdocs\\gdocapi\\vendor\\laravel\\lumen-framework\\src\\Concerns\\RoutesRequests.php(429): Laravel\\Lumen\\Application->Laravel\\Lumen\\Concerns\\{closure}(Object(Laravel\\Lumen\\Http\\Request))
#15 C:\\xampp\\htdocs\\gdocapi\\vendor\\laravel\\lumen-framework\\src\\Concerns\\RoutesRequests.php(165): Laravel\\Lumen\\Application->sendThroughPipeline(Array, Object(Closure))
#16 C:\\xampp\\htdocs\\gdocapi\\vendor\\laravel\\lumen-framework\\src\\Concerns\\RoutesRequests.php(112): Laravel\\Lumen\\Application->dispatch(NULL)
#17 C:\\xampp\\htdocs\\gdocapi\\public\\index.php(13): Laravel\\Lumen\\Application->run()
#18 {main}
"} 
[2024-12-17 09:34:19] testing.ERROR: The HTTP status code "0" is not valid. {"exception":"[object] (InvalidArgumentException(code: 0): The HTTP status code \"0\" is not valid. at C:\\xampp\\htdocs\\gdocapi\\vendor\\symfony\\http-foundation\\Response.php:470)
[stacktrace]
#0 C:\\xampp\\htdocs\\gdocapi\\vendor\\symfony\\http-foundation\\Response.php(219): Symfony\\Component\\HttpFoundation\\Response->setStatusCode(0)
#1 C:\\xampp\\htdocs\\gdocapi\\vendor\\symfony\\http-foundation\\JsonResponse.php(44): Symfony\\Component\\HttpFoundation\\Response->__construct('', 0, Array)
#2 C:\\xampp\\htdocs\\gdocapi\\vendor\\illuminate\\http\\JsonResponse.php(32): Symfony\\Component\\HttpFoundation\\JsonResponse->__construct(Array, 0, Array, false)
#3 C:\\xampp\\htdocs\\gdocapi\\vendor\\laravel\\lumen-framework\\src\\Http\\ResponseFactory.php(40): Illuminate\\Http\\JsonResponse->__construct(Array, 0, Array, 0)
#4 C:\\xampp\\htdocs\\gdocapi\\src\\Controllers\\Controller.php(22): Laravel\\Lumen\\Http\\ResponseFactory->json(Array, 0)
#5 C:\\xampp\\htdocs\\gdocapi\\src\\Routes\\fileRouter.php(17): GDocAPI\\Controllers\\Controller::execute('descargarDocume...', 200)
#6 C:\\xampp\\htdocs\\gdocapi\\vendor\\illuminate\\container\\BoundMethod.php(36): Closure->{closure}()
#7 C:\\xampp\\htdocs\\gdocapi\\vendor\\illuminate\\container\\Util.php(40): Illuminate\\Container\\BoundMethod::Illuminate\\Container\\{closure}()
#8 C:\\xampp\\htdocs\\gdocapi\\vendor\\illuminate\\container\\BoundMethod.php(81): Illuminate\\Container\\Util::unwrapIfClosure(Object(Closure))
#9 C:\\xampp\\htdocs\\gdocapi\\vendor\\illuminate\\container\\BoundMethod.php(35): Illuminate\\Container\\BoundMethod::callBoundMethod(Object(Laravel\\Lumen\\Application), Object(Closure), Object(Closure))
#10 C:\\xampp\\htdocs\\gdocapi\\vendor\\illuminate\\container\\Container.php(653): Illuminate\\Container\\BoundMethod::call(Object(Laravel\\Lumen\\Application), Object(Closure), Array, NULL)
#11 C:\\xampp\\htdocs\\gdocapi\\vendor\\laravel\\lumen-framework\\src\\Concerns\\RoutesRequests.php(302): Illuminate\\Container\\Container->call(Object(Closure), Array)
#12 C:\\xampp\\htdocs\\gdocapi\\vendor\\laravel\\lumen-framework\\src\\Concerns\\RoutesRequests.php(267): Laravel\\Lumen\\Application->callActionOnArrayBasedRoute(Array)
#13 C:\\xampp\\htdocs\\gdocapi\\vendor\\laravel\\lumen-framework\\src\\Concerns\\RoutesRequests.php(169): Laravel\\Lumen\\Application->handleFoundRoute(Array)
#14 C:\\xampp\\htdocs\\gdocapi\\vendor\\laravel\\lumen-framework\\src\\Concerns\\RoutesRequests.php(429): Laravel\\Lumen\\Application->Laravel\\Lumen\\Concerns\\{closure}(Object(Laravel\\Lumen\\Http\\Request))
#15 C:\\xampp\\htdocs\\gdocapi\\vendor\\laravel\\lumen-framework\\src\\Concerns\\RoutesRequests.php(165): Laravel\\Lumen\\Application->sendThroughPipeline(Array, Object(Closure))
#16 C:\\xampp\\htdocs\\gdocapi\\vendor\\laravel\\lumen-framework\\src\\Concerns\\RoutesRequests.php(112): Laravel\\Lumen\\Application->dispatch(NULL)
#17 C:\\xampp\\htdocs\\gdocapi\\public\\index.php(13): Laravel\\Lumen\\Application->run()
#18 {main}
"} 
[2024-12-17 09:34:20] testing.ERROR: The HTTP status code "0" is not valid. {"exception":"[object] (InvalidArgumentException(code: 0): The HTTP status code \"0\" is not valid. at C:\\xampp\\htdocs\\gdocapi\\vendor\\symfony\\http-foundation\\Response.php:470)
[stacktrace]
#0 C:\\xampp\\htdocs\\gdocapi\\vendor\\symfony\\http-foundation\\Response.php(219): Symfony\\Component\\HttpFoundation\\Response->setStatusCode(0)
#1 C:\\xampp\\htdocs\\gdocapi\\vendor\\symfony\\http-foundation\\JsonResponse.php(44): Symfony\\Component\\HttpFoundation\\Response->__construct('', 0, Array)
#2 C:\\xampp\\htdocs\\gdocapi\\vendor\\illuminate\\http\\JsonResponse.php(32): Symfony\\Component\\HttpFoundation\\JsonResponse->__construct(Array, 0, Array, false)
#3 C:\\xampp\\htdocs\\gdocapi\\vendor\\laravel\\lumen-framework\\src\\Http\\ResponseFactory.php(40): Illuminate\\Http\\JsonResponse->__construct(Array, 0, Array, 0)
#4 C:\\xampp\\htdocs\\gdocapi\\src\\Controllers\\Controller.php(22): Laravel\\Lumen\\Http\\ResponseFactory->json(Array, 0)
#5 C:\\xampp\\htdocs\\gdocapi\\src\\Routes\\fileRouter.php(17): GDocAPI\\Controllers\\Controller::execute('descargarDocume...', 200)
#6 C:\\xampp\\htdocs\\gdocapi\\vendor\\illuminate\\container\\BoundMethod.php(36): Closure->{closure}()
#7 C:\\xampp\\htdocs\\gdocapi\\vendor\\illuminate\\container\\Util.php(40): Illuminate\\Container\\BoundMethod::Illuminate\\Container\\{closure}()
#8 C:\\xampp\\htdocs\\gdocapi\\vendor\\illuminate\\container\\BoundMethod.php(81): Illuminate\\Container\\Util::unwrapIfClosure(Object(Closure))
#9 C:\\xampp\\htdocs\\gdocapi\\vendor\\illuminate\\container\\BoundMethod.php(35): Illuminate\\Container\\BoundMethod::callBoundMethod(Object(Laravel\\Lumen\\Application), Object(Closure), Object(Closure))
#10 C:\\xampp\\htdocs\\gdocapi\\vendor\\illuminate\\container\\Container.php(653): Illuminate\\Container\\BoundMethod::call(Object(Laravel\\Lumen\\Application), Object(Closure), Array, NULL)
#11 C:\\xampp\\htdocs\\gdocapi\\vendor\\laravel\\lumen-framework\\src\\Concerns\\RoutesRequests.php(302): Illuminate\\Container\\Container->call(Object(Closure), Array)
#12 C:\\xampp\\htdocs\\gdocapi\\vendor\\laravel\\lumen-framework\\src\\Concerns\\RoutesRequests.php(267): Laravel\\Lumen\\Application->callActionOnArrayBasedRoute(Array)
#13 C:\\xampp\\htdocs\\gdocapi\\vendor\\laravel\\lumen-framework\\src\\Concerns\\RoutesRequests.php(169): Laravel\\Lumen\\Application->handleFoundRoute(Array)
#14 C:\\xampp\\htdocs\\gdocapi\\vendor\\laravel\\lumen-framework\\src\\Concerns\\RoutesRequests.php(429): Laravel\\Lumen\\Application->Laravel\\Lumen\\Concerns\\{closure}(Object(Laravel\\Lumen\\Http\\Request))
#15 C:\\xampp\\htdocs\\gdocapi\\vendor\\laravel\\lumen-framework\\src\\Concerns\\RoutesRequests.php(165): Laravel\\Lumen\\Application->sendThroughPipeline(Array, Object(Closure))
#16 C:\\xampp\\htdocs\\gdocapi\\vendor\\laravel\\lumen-framework\\src\\Concerns\\RoutesRequests.php(112): Laravel\\Lumen\\Application->dispatch(NULL)
#17 C:\\xampp\\htdocs\\gdocapi\\public\\index.php(13): Laravel\\Lumen\\Application->run()
#18 {main}
"} 
[2024-12-17 09:34:21] testing.ERROR: The HTTP status code "0" is not valid. {"exception":"[object] (InvalidArgumentException(code: 0): The HTTP status code \"0\" is not valid. at C:\\xampp\\htdocs\\gdocapi\\vendor\\symfony\\http-foundation\\Response.php:470)
[stacktrace]
#0 C:\\xampp\\htdocs\\gdocapi\\vendor\\symfony\\http-foundation\\Response.php(219): Symfony\\Component\\HttpFoundation\\Response->setStatusCode(0)
#1 C:\\xampp\\htdocs\\gdocapi\\vendor\\symfony\\http-foundation\\JsonResponse.php(44): Symfony\\Component\\HttpFoundation\\Response->__construct('', 0, Array)
#2 C:\\xampp\\htdocs\\gdocapi\\vendor\\illuminate\\http\\JsonResponse.php(32): Symfony\\Component\\HttpFoundation\\JsonResponse->__construct(Array, 0, Array, false)
#3 C:\\xampp\\htdocs\\gdocapi\\vendor\\laravel\\lumen-framework\\src\\Http\\ResponseFactory.php(40): Illuminate\\Http\\JsonResponse->__construct(Array, 0, Array, 0)
#4 C:\\xampp\\htdocs\\gdocapi\\src\\Controllers\\Controller.php(22): Laravel\\Lumen\\Http\\ResponseFactory->json(Array, 0)
#5 C:\\xampp\\htdocs\\gdocapi\\src\\Routes\\fileRouter.php(17): GDocAPI\\Controllers\\Controller::execute('descargarDocume...', 200)
#6 C:\\xampp\\htdocs\\gdocapi\\vendor\\illuminate\\container\\BoundMethod.php(36): Closure->{closure}()
#7 C:\\xampp\\htdocs\\gdocapi\\vendor\\illuminate\\container\\Util.php(40): Illuminate\\Container\\BoundMethod::Illuminate\\Container\\{closure}()
#8 C:\\xampp\\htdocs\\gdocapi\\vendor\\illuminate\\container\\BoundMethod.php(81): Illuminate\\Container\\Util::unwrapIfClosure(Object(Closure))
#9 C:\\xampp\\htdocs\\gdocapi\\vendor\\illuminate\\container\\BoundMethod.php(35): Illuminate\\Container\\BoundMethod::callBoundMethod(Object(Laravel\\Lumen\\Application), Object(Closure), Object(Closure))
#10 C:\\xampp\\htdocs\\gdocapi\\vendor\\illuminate\\container\\Container.php(653): Illuminate\\Container\\BoundMethod::call(Object(Laravel\\Lumen\\Application), Object(Closure), Array, NULL)
#11 C:\\xampp\\htdocs\\gdocapi\\vendor\\laravel\\lumen-framework\\src\\Concerns\\RoutesRequests.php(302): Illuminate\\Container\\Container->call(Object(Closure), Array)
#12 C:\\xampp\\htdocs\\gdocapi\\vendor\\laravel\\lumen-framework\\src\\Concerns\\RoutesRequests.php(267): Laravel\\Lumen\\Application->callActionOnArrayBasedRoute(Array)
#13 C:\\xampp\\htdocs\\gdocapi\\vendor\\laravel\\lumen-framework\\src\\Concerns\\RoutesRequests.php(169): Laravel\\Lumen\\Application->handleFoundRoute(Array)
#14 C:\\xampp\\htdocs\\gdocapi\\vendor\\laravel\\lumen-framework\\src\\Concerns\\RoutesRequests.php(429): Laravel\\Lumen\\Application->Laravel\\Lumen\\Concerns\\{closure}(Object(Laravel\\Lumen\\Http\\Request))
#15 C:\\xampp\\htdocs\\gdocapi\\vendor\\laravel\\lumen-framework\\src\\Concerns\\RoutesRequests.php(165): Laravel\\Lumen\\Application->sendThroughPipeline(Array, Object(Closure))
#16 C:\\xampp\\htdocs\\gdocapi\\vendor\\laravel\\lumen-framework\\src\\Concerns\\RoutesRequests.php(112): Laravel\\Lumen\\Application->dispatch(NULL)
#17 C:\\xampp\\htdocs\\gdocapi\\public\\index.php(13): Laravel\\Lumen\\Application->run()
#18 {main}
"} 
[2024-12-17 09:34:32] testing.ERROR: The HTTP status code "0" is not valid. {"exception":"[object] (InvalidArgumentException(code: 0): The HTTP status code \"0\" is not valid. at C:\\xampp\\htdocs\\gdocapi\\vendor\\symfony\\http-foundation\\Response.php:470)
[stacktrace]
#0 C:\\xampp\\htdocs\\gdocapi\\vendor\\symfony\\http-foundation\\Response.php(219): Symfony\\Component\\HttpFoundation\\Response->setStatusCode(0)
#1 C:\\xampp\\htdocs\\gdocapi\\vendor\\symfony\\http-foundation\\JsonResponse.php(44): Symfony\\Component\\HttpFoundation\\Response->__construct('', 0, Array)
#2 C:\\xampp\\htdocs\\gdocapi\\vendor\\illuminate\\http\\JsonResponse.php(32): Symfony\\Component\\HttpFoundation\\JsonResponse->__construct(Array, 0, Array, false)
#3 C:\\xampp\\htdocs\\gdocapi\\vendor\\laravel\\lumen-framework\\src\\Http\\ResponseFactory.php(40): Illuminate\\Http\\JsonResponse->__construct(Array, 0, Array, 0)
#4 C:\\xampp\\htdocs\\gdocapi\\src\\Controllers\\Controller.php(22): Laravel\\Lumen\\Http\\ResponseFactory->json(Array, 0)
#5 C:\\xampp\\htdocs\\gdocapi\\src\\Routes\\fileRouter.php(17): GDocAPI\\Controllers\\Controller::execute('descargarDocume...', 200)
#6 C:\\xampp\\htdocs\\gdocapi\\vendor\\illuminate\\container\\BoundMethod.php(36): Closure->{closure}()
#7 C:\\xampp\\htdocs\\gdocapi\\vendor\\illuminate\\container\\Util.php(40): Illuminate\\Container\\BoundMethod::Illuminate\\Container\\{closure}()
#8 C:\\xampp\\htdocs\\gdocapi\\vendor\\illuminate\\container\\BoundMethod.php(81): Illuminate\\Container\\Util::unwrapIfClosure(Object(Closure))
#9 C:\\xampp\\htdocs\\gdocapi\\vendor\\illuminate\\container\\BoundMethod.php(35): Illuminate\\Container\\BoundMethod::callBoundMethod(Object(Laravel\\Lumen\\Application), Object(Closure), Object(Closure))
#10 C:\\xampp\\htdocs\\gdocapi\\vendor\\illuminate\\container\\Container.php(653): Illuminate\\Container\\BoundMethod::call(Object(Laravel\\Lumen\\Application), Object(Closure), Array, NULL)
#11 C:\\xampp\\htdocs\\gdocapi\\vendor\\laravel\\lumen-framework\\src\\Concerns\\RoutesRequests.php(302): Illuminate\\Container\\Container->call(Object(Closure), Array)
#12 C:\\xampp\\htdocs\\gdocapi\\vendor\\laravel\\lumen-framework\\src\\Concerns\\RoutesRequests.php(267): Laravel\\Lumen\\Application->callActionOnArrayBasedRoute(Array)
#13 C:\\xampp\\htdocs\\gdocapi\\vendor\\laravel\\lumen-framework\\src\\Concerns\\RoutesRequests.php(169): Laravel\\Lumen\\Application->handleFoundRoute(Array)
#14 C:\\xampp\\htdocs\\gdocapi\\vendor\\laravel\\lumen-framework\\src\\Concerns\\RoutesRequests.php(429): Laravel\\Lumen\\Application->Laravel\\Lumen\\Concerns\\{closure}(Object(Laravel\\Lumen\\Http\\Request))
#15 C:\\xampp\\htdocs\\gdocapi\\vendor\\laravel\\lumen-framework\\src\\Concerns\\RoutesRequests.php(165): Laravel\\Lumen\\Application->sendThroughPipeline(Array, Object(Closure))
#16 C:\\xampp\\htdocs\\gdocapi\\vendor\\laravel\\lumen-framework\\src\\Concerns\\RoutesRequests.php(112): Laravel\\Lumen\\Application->dispatch(NULL)
#17 C:\\xampp\\htdocs\\gdocapi\\public\\index.php(13): Laravel\\Lumen\\Application->run()
#18 {main}
"} 
[2024-12-17 09:34:33] testing.ERROR: The HTTP status code "0" is not valid. {"exception":"[object] (InvalidArgumentException(code: 0): The HTTP status code \"0\" is not valid. at C:\\xampp\\htdocs\\gdocapi\\vendor\\symfony\\http-foundation\\Response.php:470)
[stacktrace]
#0 C:\\xampp\\htdocs\\gdocapi\\vendor\\symfony\\http-foundation\\Response.php(219): Symfony\\Component\\HttpFoundation\\Response->setStatusCode(0)
#1 C:\\xampp\\htdocs\\gdocapi\\vendor\\symfony\\http-foundation\\JsonResponse.php(44): Symfony\\Component\\HttpFoundation\\Response->__construct('', 0, Array)
#2 C:\\xampp\\htdocs\\gdocapi\\vendor\\illuminate\\http\\JsonResponse.php(32): Symfony\\Component\\HttpFoundation\\JsonResponse->__construct(Array, 0, Array, false)
#3 C:\\xampp\\htdocs\\gdocapi\\vendor\\laravel\\lumen-framework\\src\\Http\\ResponseFactory.php(40): Illuminate\\Http\\JsonResponse->__construct(Array, 0, Array, 0)
#4 C:\\xampp\\htdocs\\gdocapi\\src\\Controllers\\Controller.php(22): Laravel\\Lumen\\Http\\ResponseFactory->json(Array, 0)
#5 C:\\xampp\\htdocs\\gdocapi\\src\\Routes\\fileRouter.php(17): GDocAPI\\Controllers\\Controller::execute('descargarDocume...', 200)
#6 C:\\xampp\\htdocs\\gdocapi\\vendor\\illuminate\\container\\BoundMethod.php(36): Closure->{closure}()
#7 C:\\xampp\\htdocs\\gdocapi\\vendor\\illuminate\\container\\Util.php(40): Illuminate\\Container\\BoundMethod::Illuminate\\Container\\{closure}()
#8 C:\\xampp\\htdocs\\gdocapi\\vendor\\illuminate\\container\\BoundMethod.php(81): Illuminate\\Container\\Util::unwrapIfClosure(Object(Closure))
#9 C:\\xampp\\htdocs\\gdocapi\\vendor\\illuminate\\container\\BoundMethod.php(35): Illuminate\\Container\\BoundMethod::callBoundMethod(Object(Laravel\\Lumen\\Application), Object(Closure), Object(Closure))
#10 C:\\xampp\\htdocs\\gdocapi\\vendor\\illuminate\\container\\Container.php(653): Illuminate\\Container\\BoundMethod::call(Object(Laravel\\Lumen\\Application), Object(Closure), Array, NULL)
#11 C:\\xampp\\htdocs\\gdocapi\\vendor\\laravel\\lumen-framework\\src\\Concerns\\RoutesRequests.php(302): Illuminate\\Container\\Container->call(Object(Closure), Array)
#12 C:\\xampp\\htdocs\\gdocapi\\vendor\\laravel\\lumen-framework\\src\\Concerns\\RoutesRequests.php(267): Laravel\\Lumen\\Application->callActionOnArrayBasedRoute(Array)
#13 C:\\xampp\\htdocs\\gdocapi\\vendor\\laravel\\lumen-framework\\src\\Concerns\\RoutesRequests.php(169): Laravel\\Lumen\\Application->handleFoundRoute(Array)
#14 C:\\xampp\\htdocs\\gdocapi\\vendor\\laravel\\lumen-framework\\src\\Concerns\\RoutesRequests.php(429): Laravel\\Lumen\\Application->Laravel\\Lumen\\Concerns\\{closure}(Object(Laravel\\Lumen\\Http\\Request))
#15 C:\\xampp\\htdocs\\gdocapi\\vendor\\laravel\\lumen-framework\\src\\Concerns\\RoutesRequests.php(165): Laravel\\Lumen\\Application->sendThroughPipeline(Array, Object(Closure))
#16 C:\\xampp\\htdocs\\gdocapi\\vendor\\laravel\\lumen-framework\\src\\Concerns\\RoutesRequests.php(112): Laravel\\Lumen\\Application->dispatch(NULL)
#17 C:\\xampp\\htdocs\\gdocapi\\public\\index.php(13): Laravel\\Lumen\\Application->run()
#18 {main}
"} 
[2024-12-17 09:34:34] testing.ERROR: The HTTP status code "0" is not valid. {"exception":"[object] (InvalidArgumentException(code: 0): The HTTP status code \"0\" is not valid. at C:\\xampp\\htdocs\\gdocapi\\vendor\\symfony\\http-foundation\\Response.php:470)
[stacktrace]
#0 C:\\xampp\\htdocs\\gdocapi\\vendor\\symfony\\http-foundation\\Response.php(219): Symfony\\Component\\HttpFoundation\\Response->setStatusCode(0)
#1 C:\\xampp\\htdocs\\gdocapi\\vendor\\symfony\\http-foundation\\JsonResponse.php(44): Symfony\\Component\\HttpFoundation\\Response->__construct('', 0, Array)
#2 C:\\xampp\\htdocs\\gdocapi\\vendor\\illuminate\\http\\JsonResponse.php(32): Symfony\\Component\\HttpFoundation\\JsonResponse->__construct(Array, 0, Array, false)
#3 C:\\xampp\\htdocs\\gdocapi\\vendor\\laravel\\lumen-framework\\src\\Http\\ResponseFactory.php(40): Illuminate\\Http\\JsonResponse->__construct(Array, 0, Array, 0)
#4 C:\\xampp\\htdocs\\gdocapi\\src\\Controllers\\Controller.php(22): Laravel\\Lumen\\Http\\ResponseFactory->json(Array, 0)
#5 C:\\xampp\\htdocs\\gdocapi\\src\\Routes\\fileRouter.php(17): GDocAPI\\Controllers\\Controller::execute('descargarDocume...', 200)
#6 C:\\xampp\\htdocs\\gdocapi\\vendor\\illuminate\\container\\BoundMethod.php(36): Closure->{closure}()
#7 C:\\xampp\\htdocs\\gdocapi\\vendor\\illuminate\\container\\Util.php(40): Illuminate\\Container\\BoundMethod::Illuminate\\Container\\{closure}()
#8 C:\\xampp\\htdocs\\gdocapi\\vendor\\illuminate\\container\\BoundMethod.php(81): Illuminate\\Container\\Util::unwrapIfClosure(Object(Closure))
#9 C:\\xampp\\htdocs\\gdocapi\\vendor\\illuminate\\container\\BoundMethod.php(35): Illuminate\\Container\\BoundMethod::callBoundMethod(Object(Laravel\\Lumen\\Application), Object(Closure), Object(Closure))
#10 C:\\xampp\\htdocs\\gdocapi\\vendor\\illuminate\\container\\Container.php(653): Illuminate\\Container\\BoundMethod::call(Object(Laravel\\Lumen\\Application), Object(Closure), Array, NULL)
#11 C:\\xampp\\htdocs\\gdocapi\\vendor\\laravel\\lumen-framework\\src\\Concerns\\RoutesRequests.php(302): Illuminate\\Container\\Container->call(Object(Closure), Array)
#12 C:\\xampp\\htdocs\\gdocapi\\vendor\\laravel\\lumen-framework\\src\\Concerns\\RoutesRequests.php(267): Laravel\\Lumen\\Application->callActionOnArrayBasedRoute(Array)
#13 C:\\xampp\\htdocs\\gdocapi\\vendor\\laravel\\lumen-framework\\src\\Concerns\\RoutesRequests.php(169): Laravel\\Lumen\\Application->handleFoundRoute(Array)
#14 C:\\xampp\\htdocs\\gdocapi\\vendor\\laravel\\lumen-framework\\src\\Concerns\\RoutesRequests.php(429): Laravel\\Lumen\\Application->Laravel\\Lumen\\Concerns\\{closure}(Object(Laravel\\Lumen\\Http\\Request))
#15 C:\\xampp\\htdocs\\gdocapi\\vendor\\laravel\\lumen-framework\\src\\Concerns\\RoutesRequests.php(165): Laravel\\Lumen\\Application->sendThroughPipeline(Array, Object(Closure))
#16 C:\\xampp\\htdocs\\gdocapi\\vendor\\laravel\\lumen-framework\\src\\Concerns\\RoutesRequests.php(112): Laravel\\Lumen\\Application->dispatch(NULL)
#17 C:\\xampp\\htdocs\\gdocapi\\public\\index.php(13): Laravel\\Lumen\\Application->run()
#18 {main}
"} 
[2024-12-17 09:37:21] testing.ERROR: The HTTP status code "0" is not valid. {"exception":"[object] (InvalidArgumentException(code: 0): The HTTP status code \"0\" is not valid. at C:\\xampp\\htdocs\\gdocapi\\vendor\\symfony\\http-foundation\\Response.php:470)
[stacktrace]
#0 C:\\xampp\\htdocs\\gdocapi\\vendor\\symfony\\http-foundation\\Response.php(219): Symfony\\Component\\HttpFoundation\\Response->setStatusCode(0)
#1 C:\\xampp\\htdocs\\gdocapi\\vendor\\symfony\\http-foundation\\JsonResponse.php(44): Symfony\\Component\\HttpFoundation\\Response->__construct('', 0, Array)
#2 C:\\xampp\\htdocs\\gdocapi\\vendor\\illuminate\\http\\JsonResponse.php(32): Symfony\\Component\\HttpFoundation\\JsonResponse->__construct(Array, 0, Array, false)
#3 C:\\xampp\\htdocs\\gdocapi\\vendor\\laravel\\lumen-framework\\src\\Http\\ResponseFactory.php(40): Illuminate\\Http\\JsonResponse->__construct(Array, 0, Array, 0)
#4 C:\\xampp\\htdocs\\gdocapi\\src\\Controllers\\Controller.php(22): Laravel\\Lumen\\Http\\ResponseFactory->json(Array, 0)
#5 C:\\xampp\\htdocs\\gdocapi\\src\\Routes\\fileRouter.php(17): GDocAPI\\Controllers\\Controller::execute('descargarDocume...', 200)
#6 C:\\xampp\\htdocs\\gdocapi\\vendor\\illuminate\\container\\BoundMethod.php(36): Closure->{closure}()
#7 C:\\xampp\\htdocs\\gdocapi\\vendor\\illuminate\\container\\Util.php(40): Illuminate\\Container\\BoundMethod::Illuminate\\Container\\{closure}()
#8 C:\\xampp\\htdocs\\gdocapi\\vendor\\illuminate\\container\\BoundMethod.php(81): Illuminate\\Container\\Util::unwrapIfClosure(Object(Closure))
#9 C:\\xampp\\htdocs\\gdocapi\\vendor\\illuminate\\container\\BoundMethod.php(35): Illuminate\\Container\\BoundMethod::callBoundMethod(Object(Laravel\\Lumen\\Application), Object(Closure), Object(Closure))
#10 C:\\xampp\\htdocs\\gdocapi\\vendor\\illuminate\\container\\Container.php(653): Illuminate\\Container\\BoundMethod::call(Object(Laravel\\Lumen\\Application), Object(Closure), Array, NULL)
#11 C:\\xampp\\htdocs\\gdocapi\\vendor\\laravel\\lumen-framework\\src\\Concerns\\RoutesRequests.php(302): Illuminate\\Container\\Container->call(Object(Closure), Array)
#12 C:\\xampp\\htdocs\\gdocapi\\vendor\\laravel\\lumen-framework\\src\\Concerns\\RoutesRequests.php(267): Laravel\\Lumen\\Application->callActionOnArrayBasedRoute(Array)
#13 C:\\xampp\\htdocs\\gdocapi\\vendor\\laravel\\lumen-framework\\src\\Concerns\\RoutesRequests.php(169): Laravel\\Lumen\\Application->handleFoundRoute(Array)
#14 C:\\xampp\\htdocs\\gdocapi\\vendor\\laravel\\lumen-framework\\src\\Concerns\\RoutesRequests.php(429): Laravel\\Lumen\\Application->Laravel\\Lumen\\Concerns\\{closure}(Object(Laravel\\Lumen\\Http\\Request))
#15 C:\\xampp\\htdocs\\gdocapi\\vendor\\laravel\\lumen-framework\\src\\Concerns\\RoutesRequests.php(165): Laravel\\Lumen\\Application->sendThroughPipeline(Array, Object(Closure))
#16 C:\\xampp\\htdocs\\gdocapi\\vendor\\laravel\\lumen-framework\\src\\Concerns\\RoutesRequests.php(112): Laravel\\Lumen\\Application->dispatch(NULL)
#17 C:\\xampp\\htdocs\\gdocapi\\public\\index.php(13): Laravel\\Lumen\\Application->run()
#18 {main}
"} 
[2024-12-17 09:37:25] testing.ERROR: The HTTP status code "0" is not valid. {"exception":"[object] (InvalidArgumentException(code: 0): The HTTP status code \"0\" is not valid. at C:\\xampp\\htdocs\\gdocapi\\vendor\\symfony\\http-foundation\\Response.php:470)
[stacktrace]
#0 C:\\xampp\\htdocs\\gdocapi\\vendor\\symfony\\http-foundation\\Response.php(219): Symfony\\Component\\HttpFoundation\\Response->setStatusCode(0)
#1 C:\\xampp\\htdocs\\gdocapi\\vendor\\symfony\\http-foundation\\JsonResponse.php(44): Symfony\\Component\\HttpFoundation\\Response->__construct('', 0, Array)
#2 C:\\xampp\\htdocs\\gdocapi\\vendor\\illuminate\\http\\JsonResponse.php(32): Symfony\\Component\\HttpFoundation\\JsonResponse->__construct(Array, 0, Array, false)
#3 C:\\xampp\\htdocs\\gdocapi\\vendor\\laravel\\lumen-framework\\src\\Http\\ResponseFactory.php(40): Illuminate\\Http\\JsonResponse->__construct(Array, 0, Array, 0)
#4 C:\\xampp\\htdocs\\gdocapi\\src\\Controllers\\Controller.php(22): Laravel\\Lumen\\Http\\ResponseFactory->json(Array, 0)
#5 C:\\xampp\\htdocs\\gdocapi\\src\\Routes\\fileRouter.php(17): GDocAPI\\Controllers\\Controller::execute('descargarDocume...', 200)
#6 C:\\xampp\\htdocs\\gdocapi\\vendor\\illuminate\\container\\BoundMethod.php(36): Closure->{closure}()
#7 C:\\xampp\\htdocs\\gdocapi\\vendor\\illuminate\\container\\Util.php(40): Illuminate\\Container\\BoundMethod::Illuminate\\Container\\{closure}()
#8 C:\\xampp\\htdocs\\gdocapi\\vendor\\illuminate\\container\\BoundMethod.php(81): Illuminate\\Container\\Util::unwrapIfClosure(Object(Closure))
#9 C:\\xampp\\htdocs\\gdocapi\\vendor\\illuminate\\container\\BoundMethod.php(35): Illuminate\\Container\\BoundMethod::callBoundMethod(Object(Laravel\\Lumen\\Application), Object(Closure), Object(Closure))
#10 C:\\xampp\\htdocs\\gdocapi\\vendor\\illuminate\\container\\Container.php(653): Illuminate\\Container\\BoundMethod::call(Object(Laravel\\Lumen\\Application), Object(Closure), Array, NULL)
#11 C:\\xampp\\htdocs\\gdocapi\\vendor\\laravel\\lumen-framework\\src\\Concerns\\RoutesRequests.php(302): Illuminate\\Container\\Container->call(Object(Closure), Array)
#12 C:\\xampp\\htdocs\\gdocapi\\vendor\\laravel\\lumen-framework\\src\\Concerns\\RoutesRequests.php(267): Laravel\\Lumen\\Application->callActionOnArrayBasedRoute(Array)
#13 C:\\xampp\\htdocs\\gdocapi\\vendor\\laravel\\lumen-framework\\src\\Concerns\\RoutesRequests.php(169): Laravel\\Lumen\\Application->handleFoundRoute(Array)
#14 C:\\xampp\\htdocs\\gdocapi\\vendor\\laravel\\lumen-framework\\src\\Concerns\\RoutesRequests.php(429): Laravel\\Lumen\\Application->Laravel\\Lumen\\Concerns\\{closure}(Object(Laravel\\Lumen\\Http\\Request))
#15 C:\\xampp\\htdocs\\gdocapi\\vendor\\laravel\\lumen-framework\\src\\Concerns\\RoutesRequests.php(165): Laravel\\Lumen\\Application->sendThroughPipeline(Array, Object(Closure))
#16 C:\\xampp\\htdocs\\gdocapi\\vendor\\laravel\\lumen-framework\\src\\Concerns\\RoutesRequests.php(112): Laravel\\Lumen\\Application->dispatch(NULL)
#17 C:\\xampp\\htdocs\\gdocapi\\public\\index.php(13): Laravel\\Lumen\\Application->run()
#18 {main}
"} 
[2024-12-17 09:37:30] testing.ERROR: The HTTP status code "0" is not valid. {"exception":"[object] (InvalidArgumentException(code: 0): The HTTP status code \"0\" is not valid. at C:\\xampp\\htdocs\\gdocapi\\vendor\\symfony\\http-foundation\\Response.php:470)
[stacktrace]
#0 C:\\xampp\\htdocs\\gdocapi\\vendor\\symfony\\http-foundation\\Response.php(219): Symfony\\Component\\HttpFoundation\\Response->setStatusCode(0)
#1 C:\\xampp\\htdocs\\gdocapi\\vendor\\symfony\\http-foundation\\JsonResponse.php(44): Symfony\\Component\\HttpFoundation\\Response->__construct('', 0, Array)
#2 C:\\xampp\\htdocs\\gdocapi\\vendor\\illuminate\\http\\JsonResponse.php(32): Symfony\\Component\\HttpFoundation\\JsonResponse->__construct(Array, 0, Array, false)
#3 C:\\xampp\\htdocs\\gdocapi\\vendor\\laravel\\lumen-framework\\src\\Http\\ResponseFactory.php(40): Illuminate\\Http\\JsonResponse->__construct(Array, 0, Array, 0)
#4 C:\\xampp\\htdocs\\gdocapi\\src\\Controllers\\Controller.php(22): Laravel\\Lumen\\Http\\ResponseFactory->json(Array, 0)
#5 C:\\xampp\\htdocs\\gdocapi\\src\\Routes\\fileRouter.php(17): GDocAPI\\Controllers\\Controller::execute('descargarDocume...', 200)
#6 C:\\xampp\\htdocs\\gdocapi\\vendor\\illuminate\\container\\BoundMethod.php(36): Closure->{closure}()
#7 C:\\xampp\\htdocs\\gdocapi\\vendor\\illuminate\\container\\Util.php(40): Illuminate\\Container\\BoundMethod::Illuminate\\Container\\{closure}()
#8 C:\\xampp\\htdocs\\gdocapi\\vendor\\illuminate\\container\\BoundMethod.php(81): Illuminate\\Container\\Util::unwrapIfClosure(Object(Closure))
#9 C:\\xampp\\htdocs\\gdocapi\\vendor\\illuminate\\container\\BoundMethod.php(35): Illuminate\\Container\\BoundMethod::callBoundMethod(Object(Laravel\\Lumen\\Application), Object(Closure), Object(Closure))
#10 C:\\xampp\\htdocs\\gdocapi\\vendor\\illuminate\\container\\Container.php(653): Illuminate\\Container\\BoundMethod::call(Object(Laravel\\Lumen\\Application), Object(Closure), Array, NULL)
#11 C:\\xampp\\htdocs\\gdocapi\\vendor\\laravel\\lumen-framework\\src\\Concerns\\RoutesRequests.php(302): Illuminate\\Container\\Container->call(Object(Closure), Array)
#12 C:\\xampp\\htdocs\\gdocapi\\vendor\\laravel\\lumen-framework\\src\\Concerns\\RoutesRequests.php(267): Laravel\\Lumen\\Application->callActionOnArrayBasedRoute(Array)
#13 C:\\xampp\\htdocs\\gdocapi\\vendor\\laravel\\lumen-framework\\src\\Concerns\\RoutesRequests.php(169): Laravel\\Lumen\\Application->handleFoundRoute(Array)
#14 C:\\xampp\\htdocs\\gdocapi\\vendor\\laravel\\lumen-framework\\src\\Concerns\\RoutesRequests.php(429): Laravel\\Lumen\\Application->Laravel\\Lumen\\Concerns\\{closure}(Object(Laravel\\Lumen\\Http\\Request))
#15 C:\\xampp\\htdocs\\gdocapi\\vendor\\laravel\\lumen-framework\\src\\Concerns\\RoutesRequests.php(165): Laravel\\Lumen\\Application->sendThroughPipeline(Array, Object(Closure))
#16 C:\\xampp\\htdocs\\gdocapi\\vendor\\laravel\\lumen-framework\\src\\Concerns\\RoutesRequests.php(112): Laravel\\Lumen\\Application->dispatch(NULL)
#17 C:\\xampp\\htdocs\\gdocapi\\public\\index.php(13): Laravel\\Lumen\\Application->run()
#18 {main}
"} 
[2024-12-17 09:37:34] testing.ERROR: The HTTP status code "0" is not valid. {"exception":"[object] (InvalidArgumentException(code: 0): The HTTP status code \"0\" is not valid. at C:\\xampp\\htdocs\\gdocapi\\vendor\\symfony\\http-foundation\\Response.php:470)
[stacktrace]
#0 C:\\xampp\\htdocs\\gdocapi\\vendor\\symfony\\http-foundation\\Response.php(219): Symfony\\Component\\HttpFoundation\\Response->setStatusCode(0)
#1 C:\\xampp\\htdocs\\gdocapi\\vendor\\symfony\\http-foundation\\JsonResponse.php(44): Symfony\\Component\\HttpFoundation\\Response->__construct('', 0, Array)
#2 C:\\xampp\\htdocs\\gdocapi\\vendor\\illuminate\\http\\JsonResponse.php(32): Symfony\\Component\\HttpFoundation\\JsonResponse->__construct(Array, 0, Array, false)
#3 C:\\xampp\\htdocs\\gdocapi\\vendor\\laravel\\lumen-framework\\src\\Http\\ResponseFactory.php(40): Illuminate\\Http\\JsonResponse->__construct(Array, 0, Array, 0)
#4 C:\\xampp\\htdocs\\gdocapi\\src\\Controllers\\Controller.php(22): Laravel\\Lumen\\Http\\ResponseFactory->json(Array, 0)
#5 C:\\xampp\\htdocs\\gdocapi\\src\\Routes\\fileRouter.php(17): GDocAPI\\Controllers\\Controller::execute('descargarDocume...', 200)
#6 C:\\xampp\\htdocs\\gdocapi\\vendor\\illuminate\\container\\BoundMethod.php(36): Closure->{closure}()
#7 C:\\xampp\\htdocs\\gdocapi\\vendor\\illuminate\\container\\Util.php(40): Illuminate\\Container\\BoundMethod::Illuminate\\Container\\{closure}()
#8 C:\\xampp\\htdocs\\gdocapi\\vendor\\illuminate\\container\\BoundMethod.php(81): Illuminate\\Container\\Util::unwrapIfClosure(Object(Closure))
#9 C:\\xampp\\htdocs\\gdocapi\\vendor\\illuminate\\container\\BoundMethod.php(35): Illuminate\\Container\\BoundMethod::callBoundMethod(Object(Laravel\\Lumen\\Application), Object(Closure), Object(Closure))
#10 C:\\xampp\\htdocs\\gdocapi\\vendor\\illuminate\\container\\Container.php(653): Illuminate\\Container\\BoundMethod::call(Object(Laravel\\Lumen\\Application), Object(Closure), Array, NULL)
#11 C:\\xampp\\htdocs\\gdocapi\\vendor\\laravel\\lumen-framework\\src\\Concerns\\RoutesRequests.php(302): Illuminate\\Container\\Container->call(Object(Closure), Array)
#12 C:\\xampp\\htdocs\\gdocapi\\vendor\\laravel\\lumen-framework\\src\\Concerns\\RoutesRequests.php(267): Laravel\\Lumen\\Application->callActionOnArrayBasedRoute(Array)
#13 C:\\xampp\\htdocs\\gdocapi\\vendor\\laravel\\lumen-framework\\src\\Concerns\\RoutesRequests.php(169): Laravel\\Lumen\\Application->handleFoundRoute(Array)
#14 C:\\xampp\\htdocs\\gdocapi\\vendor\\laravel\\lumen-framework\\src\\Concerns\\RoutesRequests.php(429): Laravel\\Lumen\\Application->Laravel\\Lumen\\Concerns\\{closure}(Object(Laravel\\Lumen\\Http\\Request))
#15 C:\\xampp\\htdocs\\gdocapi\\vendor\\laravel\\lumen-framework\\src\\Concerns\\RoutesRequests.php(165): Laravel\\Lumen\\Application->sendThroughPipeline(Array, Object(Closure))
#16 C:\\xampp\\htdocs\\gdocapi\\vendor\\laravel\\lumen-framework\\src\\Concerns\\RoutesRequests.php(112): Laravel\\Lumen\\Application->dispatch(NULL)
#17 C:\\xampp\\htdocs\\gdocapi\\public\\index.php(13): Laravel\\Lumen\\Application->run()
#18 {main}
"} 
[2024-12-17 09:39:31] testing.ERROR: The HTTP status code "0" is not valid. {"exception":"[object] (InvalidArgumentException(code: 0): The HTTP status code \"0\" is not valid. at C:\\xampp\\htdocs\\gdocapi\\vendor\\symfony\\http-foundation\\Response.php:470)
[stacktrace]
#0 C:\\xampp\\htdocs\\gdocapi\\vendor\\symfony\\http-foundation\\Response.php(219): Symfony\\Component\\HttpFoundation\\Response->setStatusCode(0)
#1 C:\\xampp\\htdocs\\gdocapi\\vendor\\symfony\\http-foundation\\JsonResponse.php(44): Symfony\\Component\\HttpFoundation\\Response->__construct('', 0, Array)
#2 C:\\xampp\\htdocs\\gdocapi\\vendor\\illuminate\\http\\JsonResponse.php(32): Symfony\\Component\\HttpFoundation\\JsonResponse->__construct(Array, 0, Array, false)
#3 C:\\xampp\\htdocs\\gdocapi\\vendor\\laravel\\lumen-framework\\src\\Http\\ResponseFactory.php(40): Illuminate\\Http\\JsonResponse->__construct(Array, 0, Array, 0)
#4 C:\\xampp\\htdocs\\gdocapi\\src\\Controllers\\Controller.php(22): Laravel\\Lumen\\Http\\ResponseFactory->json(Array, 0)
#5 C:\\xampp\\htdocs\\gdocapi\\src\\Routes\\fileRouter.php(17): GDocAPI\\Controllers\\Controller::execute('descargarDocume...', 200)
#6 C:\\xampp\\htdocs\\gdocapi\\vendor\\illuminate\\container\\BoundMethod.php(36): Closure->{closure}()
#7 C:\\xampp\\htdocs\\gdocapi\\vendor\\illuminate\\container\\Util.php(40): Illuminate\\Container\\BoundMethod::Illuminate\\Container\\{closure}()
#8 C:\\xampp\\htdocs\\gdocapi\\vendor\\illuminate\\container\\BoundMethod.php(81): Illuminate\\Container\\Util::unwrapIfClosure(Object(Closure))
#9 C:\\xampp\\htdocs\\gdocapi\\vendor\\illuminate\\container\\BoundMethod.php(35): Illuminate\\Container\\BoundMethod::callBoundMethod(Object(Laravel\\Lumen\\Application), Object(Closure), Object(Closure))
#10 C:\\xampp\\htdocs\\gdocapi\\vendor\\illuminate\\container\\Container.php(653): Illuminate\\Container\\BoundMethod::call(Object(Laravel\\Lumen\\Application), Object(Closure), Array, NULL)
#11 C:\\xampp\\htdocs\\gdocapi\\vendor\\laravel\\lumen-framework\\src\\Concerns\\RoutesRequests.php(302): Illuminate\\Container\\Container->call(Object(Closure), Array)
#12 C:\\xampp\\htdocs\\gdocapi\\vendor\\laravel\\lumen-framework\\src\\Concerns\\RoutesRequests.php(267): Laravel\\Lumen\\Application->callActionOnArrayBasedRoute(Array)
#13 C:\\xampp\\htdocs\\gdocapi\\vendor\\laravel\\lumen-framework\\src\\Concerns\\RoutesRequests.php(169): Laravel\\Lumen\\Application->handleFoundRoute(Array)
#14 C:\\xampp\\htdocs\\gdocapi\\vendor\\laravel\\lumen-framework\\src\\Concerns\\RoutesRequests.php(429): Laravel\\Lumen\\Application->Laravel\\Lumen\\Concerns\\{closure}(Object(Laravel\\Lumen\\Http\\Request))
#15 C:\\xampp\\htdocs\\gdocapi\\vendor\\laravel\\lumen-framework\\src\\Concerns\\RoutesRequests.php(165): Laravel\\Lumen\\Application->sendThroughPipeline(Array, Object(Closure))
#16 C:\\xampp\\htdocs\\gdocapi\\vendor\\laravel\\lumen-framework\\src\\Concerns\\RoutesRequests.php(112): Laravel\\Lumen\\Application->dispatch(NULL)
#17 C:\\xampp\\htdocs\\gdocapi\\public\\index.php(13): Laravel\\Lumen\\Application->run()
#18 {main}
"} 
[2024-12-17 09:40:44] testing.ERROR: The HTTP status code "0" is not valid. {"exception":"[object] (InvalidArgumentException(code: 0): The HTTP status code \"0\" is not valid. at C:\\xampp\\htdocs\\gdocapi\\vendor\\symfony\\http-foundation\\Response.php:470)
[stacktrace]
#0 C:\\xampp\\htdocs\\gdocapi\\vendor\\symfony\\http-foundation\\Response.php(219): Symfony\\Component\\HttpFoundation\\Response->setStatusCode(0)
#1 C:\\xampp\\htdocs\\gdocapi\\vendor\\symfony\\http-foundation\\JsonResponse.php(44): Symfony\\Component\\HttpFoundation\\Response->__construct('', 0, Array)
#2 C:\\xampp\\htdocs\\gdocapi\\vendor\\illuminate\\http\\JsonResponse.php(32): Symfony\\Component\\HttpFoundation\\JsonResponse->__construct(Array, 0, Array, false)
#3 C:\\xampp\\htdocs\\gdocapi\\vendor\\laravel\\lumen-framework\\src\\Http\\ResponseFactory.php(40): Illuminate\\Http\\JsonResponse->__construct(Array, 0, Array, 0)
#4 C:\\xampp\\htdocs\\gdocapi\\src\\Controllers\\Controller.php(22): Laravel\\Lumen\\Http\\ResponseFactory->json(Array, 0)
#5 C:\\xampp\\htdocs\\gdocapi\\src\\Routes\\fileRouter.php(17): GDocAPI\\Controllers\\Controller::execute('descargarDocume...', 200)
#6 C:\\xampp\\htdocs\\gdocapi\\vendor\\illuminate\\container\\BoundMethod.php(36): Closure->{closure}()
#7 C:\\xampp\\htdocs\\gdocapi\\vendor\\illuminate\\container\\Util.php(40): Illuminate\\Container\\BoundMethod::Illuminate\\Container\\{closure}()
#8 C:\\xampp\\htdocs\\gdocapi\\vendor\\illuminate\\container\\BoundMethod.php(81): Illuminate\\Container\\Util::unwrapIfClosure(Object(Closure))
#9 C:\\xampp\\htdocs\\gdocapi\\vendor\\illuminate\\container\\BoundMethod.php(35): Illuminate\\Container\\BoundMethod::callBoundMethod(Object(Laravel\\Lumen\\Application), Object(Closure), Object(Closure))
#10 C:\\xampp\\htdocs\\gdocapi\\vendor\\illuminate\\container\\Container.php(653): Illuminate\\Container\\BoundMethod::call(Object(Laravel\\Lumen\\Application), Object(Closure), Array, NULL)
#11 C:\\xampp\\htdocs\\gdocapi\\vendor\\laravel\\lumen-framework\\src\\Concerns\\RoutesRequests.php(302): Illuminate\\Container\\Container->call(Object(Closure), Array)
#12 C:\\xampp\\htdocs\\gdocapi\\vendor\\laravel\\lumen-framework\\src\\Concerns\\RoutesRequests.php(267): Laravel\\Lumen\\Application->callActionOnArrayBasedRoute(Array)
#13 C:\\xampp\\htdocs\\gdocapi\\vendor\\laravel\\lumen-framework\\src\\Concerns\\RoutesRequests.php(169): Laravel\\Lumen\\Application->handleFoundRoute(Array)
#14 C:\\xampp\\htdocs\\gdocapi\\vendor\\laravel\\lumen-framework\\src\\Concerns\\RoutesRequests.php(429): Laravel\\Lumen\\Application->Laravel\\Lumen\\Concerns\\{closure}(Object(Laravel\\Lumen\\Http\\Request))
#15 C:\\xampp\\htdocs\\gdocapi\\vendor\\laravel\\lumen-framework\\src\\Concerns\\RoutesRequests.php(165): Laravel\\Lumen\\Application->sendThroughPipeline(Array, Object(Closure))
#16 C:\\xampp\\htdocs\\gdocapi\\vendor\\laravel\\lumen-framework\\src\\Concerns\\RoutesRequests.php(112): Laravel\\Lumen\\Application->dispatch(NULL)
#17 C:\\xampp\\htdocs\\gdocapi\\public\\index.php(13): Laravel\\Lumen\\Application->run()
#18 {main}
"} 
[2024-12-17 09:41:17] testing.ERROR: The HTTP status code "0" is not valid. {"exception":"[object] (InvalidArgumentException(code: 0): The HTTP status code \"0\" is not valid. at C:\\xampp\\htdocs\\gdocapi\\vendor\\symfony\\http-foundation\\Response.php:470)
[stacktrace]
#0 C:\\xampp\\htdocs\\gdocapi\\vendor\\symfony\\http-foundation\\Response.php(219): Symfony\\Component\\HttpFoundation\\Response->setStatusCode(0)
#1 C:\\xampp\\htdocs\\gdocapi\\vendor\\symfony\\http-foundation\\JsonResponse.php(44): Symfony\\Component\\HttpFoundation\\Response->__construct('', 0, Array)
#2 C:\\xampp\\htdocs\\gdocapi\\vendor\\illuminate\\http\\JsonResponse.php(32): Symfony\\Component\\HttpFoundation\\JsonResponse->__construct(Array, 0, Array, false)
#3 C:\\xampp\\htdocs\\gdocapi\\vendor\\laravel\\lumen-framework\\src\\Http\\ResponseFactory.php(40): Illuminate\\Http\\JsonResponse->__construct(Array, 0, Array, 0)
#4 C:\\xampp\\htdocs\\gdocapi\\src\\Controllers\\Controller.php(22): Laravel\\Lumen\\Http\\ResponseFactory->json(Array, 0)
#5 C:\\xampp\\htdocs\\gdocapi\\src\\Routes\\fileRouter.php(17): GDocAPI\\Controllers\\Controller::execute('descargarDocume...', 200)
#6 C:\\xampp\\htdocs\\gdocapi\\vendor\\illuminate\\container\\BoundMethod.php(36): Closure->{closure}()
#7 C:\\xampp\\htdocs\\gdocapi\\vendor\\illuminate\\container\\Util.php(40): Illuminate\\Container\\BoundMethod::Illuminate\\Container\\{closure}()
#8 C:\\xampp\\htdocs\\gdocapi\\vendor\\illuminate\\container\\BoundMethod.php(81): Illuminate\\Container\\Util::unwrapIfClosure(Object(Closure))
#9 C:\\xampp\\htdocs\\gdocapi\\vendor\\illuminate\\container\\BoundMethod.php(35): Illuminate\\Container\\BoundMethod::callBoundMethod(Object(Laravel\\Lumen\\Application), Object(Closure), Object(Closure))
#10 C:\\xampp\\htdocs\\gdocapi\\vendor\\illuminate\\container\\Container.php(653): Illuminate\\Container\\BoundMethod::call(Object(Laravel\\Lumen\\Application), Object(Closure), Array, NULL)
#11 C:\\xampp\\htdocs\\gdocapi\\vendor\\laravel\\lumen-framework\\src\\Concerns\\RoutesRequests.php(302): Illuminate\\Container\\Container->call(Object(Closure), Array)
#12 C:\\xampp\\htdocs\\gdocapi\\vendor\\laravel\\lumen-framework\\src\\Concerns\\RoutesRequests.php(267): Laravel\\Lumen\\Application->callActionOnArrayBasedRoute(Array)
#13 C:\\xampp\\htdocs\\gdocapi\\vendor\\laravel\\lumen-framework\\src\\Concerns\\RoutesRequests.php(169): Laravel\\Lumen\\Application->handleFoundRoute(Array)
#14 C:\\xampp\\htdocs\\gdocapi\\vendor\\laravel\\lumen-framework\\src\\Concerns\\RoutesRequests.php(429): Laravel\\Lumen\\Application->Laravel\\Lumen\\Concerns\\{closure}(Object(Laravel\\Lumen\\Http\\Request))
#15 C:\\xampp\\htdocs\\gdocapi\\vendor\\laravel\\lumen-framework\\src\\Concerns\\RoutesRequests.php(165): Laravel\\Lumen\\Application->sendThroughPipeline(Array, Object(Closure))
#16 C:\\xampp\\htdocs\\gdocapi\\vendor\\laravel\\lumen-framework\\src\\Concerns\\RoutesRequests.php(112): Laravel\\Lumen\\Application->dispatch(NULL)
#17 C:\\xampp\\htdocs\\gdocapi\\public\\index.php(13): Laravel\\Lumen\\Application->run()
#18 {main}
"} 
[2024-12-17 09:41:35] testing.ERROR: The HTTP status code "0" is not valid. {"exception":"[object] (InvalidArgumentException(code: 0): The HTTP status code \"0\" is not valid. at C:\\xampp\\htdocs\\gdocapi\\vendor\\symfony\\http-foundation\\Response.php:470)
[stacktrace]
#0 C:\\xampp\\htdocs\\gdocapi\\vendor\\symfony\\http-foundation\\Response.php(219): Symfony\\Component\\HttpFoundation\\Response->setStatusCode(0)
#1 C:\\xampp\\htdocs\\gdocapi\\vendor\\symfony\\http-foundation\\JsonResponse.php(44): Symfony\\Component\\HttpFoundation\\Response->__construct('', 0, Array)
#2 C:\\xampp\\htdocs\\gdocapi\\vendor\\illuminate\\http\\JsonResponse.php(32): Symfony\\Component\\HttpFoundation\\JsonResponse->__construct(Array, 0, Array, false)
#3 C:\\xampp\\htdocs\\gdocapi\\vendor\\laravel\\lumen-framework\\src\\Http\\ResponseFactory.php(40): Illuminate\\Http\\JsonResponse->__construct(Array, 0, Array, 0)
#4 C:\\xampp\\htdocs\\gdocapi\\src\\Controllers\\Controller.php(22): Laravel\\Lumen\\Http\\ResponseFactory->json(Array, 0)
#5 C:\\xampp\\htdocs\\gdocapi\\src\\Routes\\fileRouter.php(17): GDocAPI\\Controllers\\Controller::execute('descargarDocume...', 200)
#6 C:\\xampp\\htdocs\\gdocapi\\vendor\\illuminate\\container\\BoundMethod.php(36): Closure->{closure}()
#7 C:\\xampp\\htdocs\\gdocapi\\vendor\\illuminate\\container\\Util.php(40): Illuminate\\Container\\BoundMethod::Illuminate\\Container\\{closure}()
#8 C:\\xampp\\htdocs\\gdocapi\\vendor\\illuminate\\container\\BoundMethod.php(81): Illuminate\\Container\\Util::unwrapIfClosure(Object(Closure))
#9 C:\\xampp\\htdocs\\gdocapi\\vendor\\illuminate\\container\\BoundMethod.php(35): Illuminate\\Container\\BoundMethod::callBoundMethod(Object(Laravel\\Lumen\\Application), Object(Closure), Object(Closure))
#10 C:\\xampp\\htdocs\\gdocapi\\vendor\\illuminate\\container\\Container.php(653): Illuminate\\Container\\BoundMethod::call(Object(Laravel\\Lumen\\Application), Object(Closure), Array, NULL)
#11 C:\\xampp\\htdocs\\gdocapi\\vendor\\laravel\\lumen-framework\\src\\Concerns\\RoutesRequests.php(302): Illuminate\\Container\\Container->call(Object(Closure), Array)
#12 C:\\xampp\\htdocs\\gdocapi\\vendor\\laravel\\lumen-framework\\src\\Concerns\\RoutesRequests.php(267): Laravel\\Lumen\\Application->callActionOnArrayBasedRoute(Array)
#13 C:\\xampp\\htdocs\\gdocapi\\vendor\\laravel\\lumen-framework\\src\\Concerns\\RoutesRequests.php(169): Laravel\\Lumen\\Application->handleFoundRoute(Array)
#14 C:\\xampp\\htdocs\\gdocapi\\vendor\\laravel\\lumen-framework\\src\\Concerns\\RoutesRequests.php(429): Laravel\\Lumen\\Application->Laravel\\Lumen\\Concerns\\{closure}(Object(Laravel\\Lumen\\Http\\Request))
#15 C:\\xampp\\htdocs\\gdocapi\\vendor\\laravel\\lumen-framework\\src\\Concerns\\RoutesRequests.php(165): Laravel\\Lumen\\Application->sendThroughPipeline(Array, Object(Closure))
#16 C:\\xampp\\htdocs\\gdocapi\\vendor\\laravel\\lumen-framework\\src\\Concerns\\RoutesRequests.php(112): Laravel\\Lumen\\Application->dispatch(NULL)
#17 C:\\xampp\\htdocs\\gdocapi\\public\\index.php(13): Laravel\\Lumen\\Application->run()
#18 {main}
"} 
[2024-12-17 09:41:48] testing.ERROR: The HTTP status code "0" is not valid. {"exception":"[object] (InvalidArgumentException(code: 0): The HTTP status code \"0\" is not valid. at C:\\xampp\\htdocs\\gdocapi\\vendor\\symfony\\http-foundation\\Response.php:470)
[stacktrace]
#0 C:\\xampp\\htdocs\\gdocapi\\vendor\\symfony\\http-foundation\\Response.php(219): Symfony\\Component\\HttpFoundation\\Response->setStatusCode(0)
#1 C:\\xampp\\htdocs\\gdocapi\\vendor\\symfony\\http-foundation\\JsonResponse.php(44): Symfony\\Component\\HttpFoundation\\Response->__construct('', 0, Array)
#2 C:\\xampp\\htdocs\\gdocapi\\vendor\\illuminate\\http\\JsonResponse.php(32): Symfony\\Component\\HttpFoundation\\JsonResponse->__construct(Array, 0, Array, false)
#3 C:\\xampp\\htdocs\\gdocapi\\vendor\\laravel\\lumen-framework\\src\\Http\\ResponseFactory.php(40): Illuminate\\Http\\JsonResponse->__construct(Array, 0, Array, 0)
#4 C:\\xampp\\htdocs\\gdocapi\\src\\Controllers\\Controller.php(22): Laravel\\Lumen\\Http\\ResponseFactory->json(Array, 0)
#5 C:\\xampp\\htdocs\\gdocapi\\src\\Routes\\fileRouter.php(17): GDocAPI\\Controllers\\Controller::execute('descargarDocume...', 200)
#6 C:\\xampp\\htdocs\\gdocapi\\vendor\\illuminate\\container\\BoundMethod.php(36): Closure->{closure}()
#7 C:\\xampp\\htdocs\\gdocapi\\vendor\\illuminate\\container\\Util.php(40): Illuminate\\Container\\BoundMethod::Illuminate\\Container\\{closure}()
#8 C:\\xampp\\htdocs\\gdocapi\\vendor\\illuminate\\container\\BoundMethod.php(81): Illuminate\\Container\\Util::unwrapIfClosure(Object(Closure))
#9 C:\\xampp\\htdocs\\gdocapi\\vendor\\illuminate\\container\\BoundMethod.php(35): Illuminate\\Container\\BoundMethod::callBoundMethod(Object(Laravel\\Lumen\\Application), Object(Closure), Object(Closure))
#10 C:\\xampp\\htdocs\\gdocapi\\vendor\\illuminate\\container\\Container.php(653): Illuminate\\Container\\BoundMethod::call(Object(Laravel\\Lumen\\Application), Object(Closure), Array, NULL)
#11 C:\\xampp\\htdocs\\gdocapi\\vendor\\laravel\\lumen-framework\\src\\Concerns\\RoutesRequests.php(302): Illuminate\\Container\\Container->call(Object(Closure), Array)
#12 C:\\xampp\\htdocs\\gdocapi\\vendor\\laravel\\lumen-framework\\src\\Concerns\\RoutesRequests.php(267): Laravel\\Lumen\\Application->callActionOnArrayBasedRoute(Array)
#13 C:\\xampp\\htdocs\\gdocapi\\vendor\\laravel\\lumen-framework\\src\\Concerns\\RoutesRequests.php(169): Laravel\\Lumen\\Application->handleFoundRoute(Array)
#14 C:\\xampp\\htdocs\\gdocapi\\vendor\\laravel\\lumen-framework\\src\\Concerns\\RoutesRequests.php(429): Laravel\\Lumen\\Application->Laravel\\Lumen\\Concerns\\{closure}(Object(Laravel\\Lumen\\Http\\Request))
#15 C:\\xampp\\htdocs\\gdocapi\\vendor\\laravel\\lumen-framework\\src\\Concerns\\RoutesRequests.php(165): Laravel\\Lumen\\Application->sendThroughPipeline(Array, Object(Closure))
#16 C:\\xampp\\htdocs\\gdocapi\\vendor\\laravel\\lumen-framework\\src\\Concerns\\RoutesRequests.php(112): Laravel\\Lumen\\Application->dispatch(NULL)
#17 C:\\xampp\\htdocs\\gdocapi\\public\\index.php(13): Laravel\\Lumen\\Application->run()
#18 {main}
"} 
[2024-12-17 09:42:10] testing.ERROR: The HTTP status code "0" is not valid. {"exception":"[object] (InvalidArgumentException(code: 0): The HTTP status code \"0\" is not valid. at C:\\xampp\\htdocs\\gdocapi\\vendor\\symfony\\http-foundation\\Response.php:470)
[stacktrace]
#0 C:\\xampp\\htdocs\\gdocapi\\vendor\\symfony\\http-foundation\\Response.php(219): Symfony\\Component\\HttpFoundation\\Response->setStatusCode(0)
#1 C:\\xampp\\htdocs\\gdocapi\\vendor\\symfony\\http-foundation\\JsonResponse.php(44): Symfony\\Component\\HttpFoundation\\Response->__construct('', 0, Array)
#2 C:\\xampp\\htdocs\\gdocapi\\vendor\\illuminate\\http\\JsonResponse.php(32): Symfony\\Component\\HttpFoundation\\JsonResponse->__construct(Array, 0, Array, false)
#3 C:\\xampp\\htdocs\\gdocapi\\vendor\\laravel\\lumen-framework\\src\\Http\\ResponseFactory.php(40): Illuminate\\Http\\JsonResponse->__construct(Array, 0, Array, 0)
#4 C:\\xampp\\htdocs\\gdocapi\\src\\Controllers\\Controller.php(22): Laravel\\Lumen\\Http\\ResponseFactory->json(Array, 0)
#5 C:\\xampp\\htdocs\\gdocapi\\src\\Routes\\fileRouter.php(17): GDocAPI\\Controllers\\Controller::execute('descargarDocume...', 200)
#6 C:\\xampp\\htdocs\\gdocapi\\vendor\\illuminate\\container\\BoundMethod.php(36): Closure->{closure}()
#7 C:\\xampp\\htdocs\\gdocapi\\vendor\\illuminate\\container\\Util.php(40): Illuminate\\Container\\BoundMethod::Illuminate\\Container\\{closure}()
#8 C:\\xampp\\htdocs\\gdocapi\\vendor\\illuminate\\container\\BoundMethod.php(81): Illuminate\\Container\\Util::unwrapIfClosure(Object(Closure))
#9 C:\\xampp\\htdocs\\gdocapi\\vendor\\illuminate\\container\\BoundMethod.php(35): Illuminate\\Container\\BoundMethod::callBoundMethod(Object(Laravel\\Lumen\\Application), Object(Closure), Object(Closure))
#10 C:\\xampp\\htdocs\\gdocapi\\vendor\\illuminate\\container\\Container.php(653): Illuminate\\Container\\BoundMethod::call(Object(Laravel\\Lumen\\Application), Object(Closure), Array, NULL)
#11 C:\\xampp\\htdocs\\gdocapi\\vendor\\laravel\\lumen-framework\\src\\Concerns\\RoutesRequests.php(302): Illuminate\\Container\\Container->call(Object(Closure), Array)
#12 C:\\xampp\\htdocs\\gdocapi\\vendor\\laravel\\lumen-framework\\src\\Concerns\\RoutesRequests.php(267): Laravel\\Lumen\\Application->callActionOnArrayBasedRoute(Array)
#13 C:\\xampp\\htdocs\\gdocapi\\vendor\\laravel\\lumen-framework\\src\\Concerns\\RoutesRequests.php(169): Laravel\\Lumen\\Application->handleFoundRoute(Array)
#14 C:\\xampp\\htdocs\\gdocapi\\vendor\\laravel\\lumen-framework\\src\\Concerns\\RoutesRequests.php(429): Laravel\\Lumen\\Application->Laravel\\Lumen\\Concerns\\{closure}(Object(Laravel\\Lumen\\Http\\Request))
#15 C:\\xampp\\htdocs\\gdocapi\\vendor\\laravel\\lumen-framework\\src\\Concerns\\RoutesRequests.php(165): Laravel\\Lumen\\Application->sendThroughPipeline(Array, Object(Closure))
#16 C:\\xampp\\htdocs\\gdocapi\\vendor\\laravel\\lumen-framework\\src\\Concerns\\RoutesRequests.php(112): Laravel\\Lumen\\Application->dispatch(NULL)
#17 C:\\xampp\\htdocs\\gdocapi\\public\\index.php(13): Laravel\\Lumen\\Application->run()
#18 {main}
"} 
[2024-12-17 09:42:18] testing.ERROR: The HTTP status code "0" is not valid. {"exception":"[object] (InvalidArgumentException(code: 0): The HTTP status code \"0\" is not valid. at C:\\xampp\\htdocs\\gdocapi\\vendor\\symfony\\http-foundation\\Response.php:470)
[stacktrace]
#0 C:\\xampp\\htdocs\\gdocapi\\vendor\\symfony\\http-foundation\\Response.php(219): Symfony\\Component\\HttpFoundation\\Response->setStatusCode(0)
#1 C:\\xampp\\htdocs\\gdocapi\\vendor\\symfony\\http-foundation\\JsonResponse.php(44): Symfony\\Component\\HttpFoundation\\Response->__construct('', 0, Array)
#2 C:\\xampp\\htdocs\\gdocapi\\vendor\\illuminate\\http\\JsonResponse.php(32): Symfony\\Component\\HttpFoundation\\JsonResponse->__construct(Array, 0, Array, false)
#3 C:\\xampp\\htdocs\\gdocapi\\vendor\\laravel\\lumen-framework\\src\\Http\\ResponseFactory.php(40): Illuminate\\Http\\JsonResponse->__construct(Array, 0, Array, 0)
#4 C:\\xampp\\htdocs\\gdocapi\\src\\Controllers\\Controller.php(22): Laravel\\Lumen\\Http\\ResponseFactory->json(Array, 0)
#5 C:\\xampp\\htdocs\\gdocapi\\src\\Routes\\fileRouter.php(17): GDocAPI\\Controllers\\Controller::execute('descargarDocume...', 200)
#6 C:\\xampp\\htdocs\\gdocapi\\vendor\\illuminate\\container\\BoundMethod.php(36): Closure->{closure}()
#7 C:\\xampp\\htdocs\\gdocapi\\vendor\\illuminate\\container\\Util.php(40): Illuminate\\Container\\BoundMethod::Illuminate\\Container\\{closure}()
#8 C:\\xampp\\htdocs\\gdocapi\\vendor\\illuminate\\container\\BoundMethod.php(81): Illuminate\\Container\\Util::unwrapIfClosure(Object(Closure))
#9 C:\\xampp\\htdocs\\gdocapi\\vendor\\illuminate\\container\\BoundMethod.php(35): Illuminate\\Container\\BoundMethod::callBoundMethod(Object(Laravel\\Lumen\\Application), Object(Closure), Object(Closure))
#10 C:\\xampp\\htdocs\\gdocapi\\vendor\\illuminate\\container\\Container.php(653): Illuminate\\Container\\BoundMethod::call(Object(Laravel\\Lumen\\Application), Object(Closure), Array, NULL)
#11 C:\\xampp\\htdocs\\gdocapi\\vendor\\laravel\\lumen-framework\\src\\Concerns\\RoutesRequests.php(302): Illuminate\\Container\\Container->call(Object(Closure), Array)
#12 C:\\xampp\\htdocs\\gdocapi\\vendor\\laravel\\lumen-framework\\src\\Concerns\\RoutesRequests.php(267): Laravel\\Lumen\\Application->callActionOnArrayBasedRoute(Array)
#13 C:\\xampp\\htdocs\\gdocapi\\vendor\\laravel\\lumen-framework\\src\\Concerns\\RoutesRequests.php(169): Laravel\\Lumen\\Application->handleFoundRoute(Array)
#14 C:\\xampp\\htdocs\\gdocapi\\vendor\\laravel\\lumen-framework\\src\\Concerns\\RoutesRequests.php(429): Laravel\\Lumen\\Application->Laravel\\Lumen\\Concerns\\{closure}(Object(Laravel\\Lumen\\Http\\Request))
#15 C:\\xampp\\htdocs\\gdocapi\\vendor\\laravel\\lumen-framework\\src\\Concerns\\RoutesRequests.php(165): Laravel\\Lumen\\Application->sendThroughPipeline(Array, Object(Closure))
#16 C:\\xampp\\htdocs\\gdocapi\\vendor\\laravel\\lumen-framework\\src\\Concerns\\RoutesRequests.php(112): Laravel\\Lumen\\Application->dispatch(NULL)
#17 C:\\xampp\\htdocs\\gdocapi\\public\\index.php(13): Laravel\\Lumen\\Application->run()
#18 {main}
"} 
[2024-12-17 11:01:12] testing.ERROR: The HTTP status code "0" is not valid. {"exception":"[object] (InvalidArgumentException(code: 0): The HTTP status code \"0\" is not valid. at C:\\xampp\\htdocs\\gdocapi\\vendor\\symfony\\http-foundation\\Response.php:470)
[stacktrace]
#0 C:\\xampp\\htdocs\\gdocapi\\vendor\\symfony\\http-foundation\\Response.php(219): Symfony\\Component\\HttpFoundation\\Response->setStatusCode(0)
#1 C:\\xampp\\htdocs\\gdocapi\\vendor\\symfony\\http-foundation\\JsonResponse.php(44): Symfony\\Component\\HttpFoundation\\Response->__construct('', 0, Array)
#2 C:\\xampp\\htdocs\\gdocapi\\vendor\\illuminate\\http\\JsonResponse.php(32): Symfony\\Component\\HttpFoundation\\JsonResponse->__construct(Array, 0, Array, false)
#3 C:\\xampp\\htdocs\\gdocapi\\vendor\\laravel\\lumen-framework\\src\\Http\\ResponseFactory.php(40): Illuminate\\Http\\JsonResponse->__construct(Array, 0, Array, 0)
#4 C:\\xampp\\htdocs\\gdocapi\\src\\Controllers\\Controller.php(22): Laravel\\Lumen\\Http\\ResponseFactory->json(Array, 0)
#5 C:\\xampp\\htdocs\\gdocapi\\src\\Routes\\fileRouter.php(17): GDocAPI\\Controllers\\Controller::execute('descargarDocume...', 200)
#6 C:\\xampp\\htdocs\\gdocapi\\vendor\\illuminate\\container\\BoundMethod.php(36): Closure->{closure}()
#7 C:\\xampp\\htdocs\\gdocapi\\vendor\\illuminate\\container\\Util.php(40): Illuminate\\Container\\BoundMethod::Illuminate\\Container\\{closure}()
#8 C:\\xampp\\htdocs\\gdocapi\\vendor\\illuminate\\container\\BoundMethod.php(81): Illuminate\\Container\\Util::unwrapIfClosure(Object(Closure))
#9 C:\\xampp\\htdocs\\gdocapi\\vendor\\illuminate\\container\\BoundMethod.php(35): Illuminate\\Container\\BoundMethod::callBoundMethod(Object(Laravel\\Lumen\\Application), Object(Closure), Object(Closure))
#10 C:\\xampp\\htdocs\\gdocapi\\vendor\\illuminate\\container\\Container.php(653): Illuminate\\Container\\BoundMethod::call(Object(Laravel\\Lumen\\Application), Object(Closure), Array, NULL)
#11 C:\\xampp\\htdocs\\gdocapi\\vendor\\laravel\\lumen-framework\\src\\Concerns\\RoutesRequests.php(302): Illuminate\\Container\\Container->call(Object(Closure), Array)
#12 C:\\xampp\\htdocs\\gdocapi\\vendor\\laravel\\lumen-framework\\src\\Concerns\\RoutesRequests.php(267): Laravel\\Lumen\\Application->callActionOnArrayBasedRoute(Array)
#13 C:\\xampp\\htdocs\\gdocapi\\vendor\\laravel\\lumen-framework\\src\\Concerns\\RoutesRequests.php(169): Laravel\\Lumen\\Application->handleFoundRoute(Array)
#14 C:\\xampp\\htdocs\\gdocapi\\vendor\\laravel\\lumen-framework\\src\\Concerns\\RoutesRequests.php(429): Laravel\\Lumen\\Application->Laravel\\Lumen\\Concerns\\{closure}(Object(Laravel\\Lumen\\Http\\Request))
#15 C:\\xampp\\htdocs\\gdocapi\\vendor\\laravel\\lumen-framework\\src\\Concerns\\RoutesRequests.php(165): Laravel\\Lumen\\Application->sendThroughPipeline(Array, Object(Closure))
#16 C:\\xampp\\htdocs\\gdocapi\\vendor\\laravel\\lumen-framework\\src\\Concerns\\RoutesRequests.php(112): Laravel\\Lumen\\Application->dispatch(NULL)
#17 C:\\xampp\\htdocs\\gdocapi\\public\\index.php(13): Laravel\\Lumen\\Application->run()
#18 {main}
"} 
[2024-12-17 13:03:19] testing.ERROR: The HTTP status code "0" is not valid. {"exception":"[object] (InvalidArgumentException(code: 0): The HTTP status code \"0\" is not valid. at C:\\xampp\\htdocs\\gdocapi\\vendor\\symfony\\http-foundation\\Response.php:470)
[stacktrace]
#0 C:\\xampp\\htdocs\\gdocapi\\vendor\\symfony\\http-foundation\\Response.php(219): Symfony\\Component\\HttpFoundation\\Response->setStatusCode(0)
#1 C:\\xampp\\htdocs\\gdocapi\\vendor\\symfony\\http-foundation\\JsonResponse.php(44): Symfony\\Component\\HttpFoundation\\Response->__construct('', 0, Array)
#2 C:\\xampp\\htdocs\\gdocapi\\vendor\\illuminate\\http\\JsonResponse.php(32): Symfony\\Component\\HttpFoundation\\JsonResponse->__construct(Array, 0, Array, false)
#3 C:\\xampp\\htdocs\\gdocapi\\vendor\\laravel\\lumen-framework\\src\\Http\\ResponseFactory.php(40): Illuminate\\Http\\JsonResponse->__construct(Array, 0, Array, 0)
#4 C:\\xampp\\htdocs\\gdocapi\\src\\Controllers\\Controller.php(22): Laravel\\Lumen\\Http\\ResponseFactory->json(Array, 0)
#5 C:\\xampp\\htdocs\\gdocapi\\src\\Routes\\fileRouter.php(22): GDocAPI\\Controllers\\Controller::execute('descargarDocume...', 200)
#6 C:\\xampp\\htdocs\\gdocapi\\vendor\\illuminate\\container\\BoundMethod.php(36): Closure->{closure}()
#7 C:\\xampp\\htdocs\\gdocapi\\vendor\\illuminate\\container\\Util.php(40): Illuminate\\Container\\BoundMethod::Illuminate\\Container\\{closure}()
#8 C:\\xampp\\htdocs\\gdocapi\\vendor\\illuminate\\container\\BoundMethod.php(81): Illuminate\\Container\\Util::unwrapIfClosure(Object(Closure))
#9 C:\\xampp\\htdocs\\gdocapi\\vendor\\illuminate\\container\\BoundMethod.php(35): Illuminate\\Container\\BoundMethod::callBoundMethod(Object(Laravel\\Lumen\\Application), Object(Closure), Object(Closure))
#10 C:\\xampp\\htdocs\\gdocapi\\vendor\\illuminate\\container\\Container.php(653): Illuminate\\Container\\BoundMethod::call(Object(Laravel\\Lumen\\Application), Object(Closure), Array, NULL)
#11 C:\\xampp\\htdocs\\gdocapi\\vendor\\laravel\\lumen-framework\\src\\Concerns\\RoutesRequests.php(302): Illuminate\\Container\\Container->call(Object(Closure), Array)
#12 C:\\xampp\\htdocs\\gdocapi\\vendor\\laravel\\lumen-framework\\src\\Concerns\\RoutesRequests.php(267): Laravel\\Lumen\\Application->callActionOnArrayBasedRoute(Array)
#13 C:\\xampp\\htdocs\\gdocapi\\vendor\\laravel\\lumen-framework\\src\\Concerns\\RoutesRequests.php(169): Laravel\\Lumen\\Application->handleFoundRoute(Array)
#14 C:\\xampp\\htdocs\\gdocapi\\vendor\\laravel\\lumen-framework\\src\\Concerns\\RoutesRequests.php(429): Laravel\\Lumen\\Application->Laravel\\Lumen\\Concerns\\{closure}(Object(Laravel\\Lumen\\Http\\Request))
#15 C:\\xampp\\htdocs\\gdocapi\\vendor\\laravel\\lumen-framework\\src\\Concerns\\RoutesRequests.php(165): Laravel\\Lumen\\Application->sendThroughPipeline(Array, Object(Closure))
#16 C:\\xampp\\htdocs\\gdocapi\\vendor\\laravel\\lumen-framework\\src\\Concerns\\RoutesRequests.php(112): Laravel\\Lumen\\Application->dispatch(NULL)
#17 C:\\xampp\\htdocs\\gdocapi\\public\\index.php(13): Laravel\\Lumen\\Application->run()
#18 {main}
"} 
[2024-12-17 13:03:30] testing.ERROR: The HTTP status code "0" is not valid. {"exception":"[object] (InvalidArgumentException(code: 0): The HTTP status code \"0\" is not valid. at C:\\xampp\\htdocs\\gdocapi\\vendor\\symfony\\http-foundation\\Response.php:470)
[stacktrace]
#0 C:\\xampp\\htdocs\\gdocapi\\vendor\\symfony\\http-foundation\\Response.php(219): Symfony\\Component\\HttpFoundation\\Response->setStatusCode(0)
#1 C:\\xampp\\htdocs\\gdocapi\\vendor\\symfony\\http-foundation\\JsonResponse.php(44): Symfony\\Component\\HttpFoundation\\Response->__construct('', 0, Array)
#2 C:\\xampp\\htdocs\\gdocapi\\vendor\\illuminate\\http\\JsonResponse.php(32): Symfony\\Component\\HttpFoundation\\JsonResponse->__construct(Array, 0, Array, false)
#3 C:\\xampp\\htdocs\\gdocapi\\vendor\\laravel\\lumen-framework\\src\\Http\\ResponseFactory.php(40): Illuminate\\Http\\JsonResponse->__construct(Array, 0, Array, 0)
#4 C:\\xampp\\htdocs\\gdocapi\\src\\Controllers\\Controller.php(22): Laravel\\Lumen\\Http\\ResponseFactory->json(Array, 0)
#5 C:\\xampp\\htdocs\\gdocapi\\src\\Routes\\fileRouter.php(22): GDocAPI\\Controllers\\Controller::execute('descargarDocume...', 200)
#6 C:\\xampp\\htdocs\\gdocapi\\vendor\\illuminate\\container\\BoundMethod.php(36): Closure->{closure}()
#7 C:\\xampp\\htdocs\\gdocapi\\vendor\\illuminate\\container\\Util.php(40): Illuminate\\Container\\BoundMethod::Illuminate\\Container\\{closure}()
#8 C:\\xampp\\htdocs\\gdocapi\\vendor\\illuminate\\container\\BoundMethod.php(81): Illuminate\\Container\\Util::unwrapIfClosure(Object(Closure))
#9 C:\\xampp\\htdocs\\gdocapi\\vendor\\illuminate\\container\\BoundMethod.php(35): Illuminate\\Container\\BoundMethod::callBoundMethod(Object(Laravel\\Lumen\\Application), Object(Closure), Object(Closure))
#10 C:\\xampp\\htdocs\\gdocapi\\vendor\\illuminate\\container\\Container.php(653): Illuminate\\Container\\BoundMethod::call(Object(Laravel\\Lumen\\Application), Object(Closure), Array, NULL)
#11 C:\\xampp\\htdocs\\gdocapi\\vendor\\laravel\\lumen-framework\\src\\Concerns\\RoutesRequests.php(302): Illuminate\\Container\\Container->call(Object(Closure), Array)
#12 C:\\xampp\\htdocs\\gdocapi\\vendor\\laravel\\lumen-framework\\src\\Concerns\\RoutesRequests.php(267): Laravel\\Lumen\\Application->callActionOnArrayBasedRoute(Array)
#13 C:\\xampp\\htdocs\\gdocapi\\vendor\\laravel\\lumen-framework\\src\\Concerns\\RoutesRequests.php(169): Laravel\\Lumen\\Application->handleFoundRoute(Array)
#14 C:\\xampp\\htdocs\\gdocapi\\vendor\\laravel\\lumen-framework\\src\\Concerns\\RoutesRequests.php(429): Laravel\\Lumen\\Application->Laravel\\Lumen\\Concerns\\{closure}(Object(Laravel\\Lumen\\Http\\Request))
#15 C:\\xampp\\htdocs\\gdocapi\\vendor\\laravel\\lumen-framework\\src\\Concerns\\RoutesRequests.php(165): Laravel\\Lumen\\Application->sendThroughPipeline(Array, Object(Closure))
#16 C:\\xampp\\htdocs\\gdocapi\\vendor\\laravel\\lumen-framework\\src\\Concerns\\RoutesRequests.php(112): Laravel\\Lumen\\Application->dispatch(NULL)
#17 C:\\xampp\\htdocs\\gdocapi\\public\\index.php(13): Laravel\\Lumen\\Application->run()
#18 {main}
"} 
[2024-12-17 13:03:31] testing.ERROR: The HTTP status code "0" is not valid. {"exception":"[object] (InvalidArgumentException(code: 0): The HTTP status code \"0\" is not valid. at C:\\xampp\\htdocs\\gdocapi\\vendor\\symfony\\http-foundation\\Response.php:470)
[stacktrace]
#0 C:\\xampp\\htdocs\\gdocapi\\vendor\\symfony\\http-foundation\\Response.php(219): Symfony\\Component\\HttpFoundation\\Response->setStatusCode(0)
#1 C:\\xampp\\htdocs\\gdocapi\\vendor\\symfony\\http-foundation\\JsonResponse.php(44): Symfony\\Component\\HttpFoundation\\Response->__construct('', 0, Array)
#2 C:\\xampp\\htdocs\\gdocapi\\vendor\\illuminate\\http\\JsonResponse.php(32): Symfony\\Component\\HttpFoundation\\JsonResponse->__construct(Array, 0, Array, false)
#3 C:\\xampp\\htdocs\\gdocapi\\vendor\\laravel\\lumen-framework\\src\\Http\\ResponseFactory.php(40): Illuminate\\Http\\JsonResponse->__construct(Array, 0, Array, 0)
#4 C:\\xampp\\htdocs\\gdocapi\\src\\Controllers\\Controller.php(22): Laravel\\Lumen\\Http\\ResponseFactory->json(Array, 0)
#5 C:\\xampp\\htdocs\\gdocapi\\src\\Routes\\fileRouter.php(22): GDocAPI\\Controllers\\Controller::execute('descargarDocume...', 200)
#6 C:\\xampp\\htdocs\\gdocapi\\vendor\\illuminate\\container\\BoundMethod.php(36): Closure->{closure}()
#7 C:\\xampp\\htdocs\\gdocapi\\vendor\\illuminate\\container\\Util.php(40): Illuminate\\Container\\BoundMethod::Illuminate\\Container\\{closure}()
#8 C:\\xampp\\htdocs\\gdocapi\\vendor\\illuminate\\container\\BoundMethod.php(81): Illuminate\\Container\\Util::unwrapIfClosure(Object(Closure))
#9 C:\\xampp\\htdocs\\gdocapi\\vendor\\illuminate\\container\\BoundMethod.php(35): Illuminate\\Container\\BoundMethod::callBoundMethod(Object(Laravel\\Lumen\\Application), Object(Closure), Object(Closure))
#10 C:\\xampp\\htdocs\\gdocapi\\vendor\\illuminate\\container\\Container.php(653): Illuminate\\Container\\BoundMethod::call(Object(Laravel\\Lumen\\Application), Object(Closure), Array, NULL)
#11 C:\\xampp\\htdocs\\gdocapi\\vendor\\laravel\\lumen-framework\\src\\Concerns\\RoutesRequests.php(302): Illuminate\\Container\\Container->call(Object(Closure), Array)
#12 C:\\xampp\\htdocs\\gdocapi\\vendor\\laravel\\lumen-framework\\src\\Concerns\\RoutesRequests.php(267): Laravel\\Lumen\\Application->callActionOnArrayBasedRoute(Array)
#13 C:\\xampp\\htdocs\\gdocapi\\vendor\\laravel\\lumen-framework\\src\\Concerns\\RoutesRequests.php(169): Laravel\\Lumen\\Application->handleFoundRoute(Array)
#14 C:\\xampp\\htdocs\\gdocapi\\vendor\\laravel\\lumen-framework\\src\\Concerns\\RoutesRequests.php(429): Laravel\\Lumen\\Application->Laravel\\Lumen\\Concerns\\{closure}(Object(Laravel\\Lumen\\Http\\Request))
#15 C:\\xampp\\htdocs\\gdocapi\\vendor\\laravel\\lumen-framework\\src\\Concerns\\RoutesRequests.php(165): Laravel\\Lumen\\Application->sendThroughPipeline(Array, Object(Closure))
#16 C:\\xampp\\htdocs\\gdocapi\\vendor\\laravel\\lumen-framework\\src\\Concerns\\RoutesRequests.php(112): Laravel\\Lumen\\Application->dispatch(NULL)
#17 C:\\xampp\\htdocs\\gdocapi\\public\\index.php(13): Laravel\\Lumen\\Application->run()
#18 {main}
"} 
[2024-12-17 13:03:32] testing.ERROR: The HTTP status code "0" is not valid. {"exception":"[object] (InvalidArgumentException(code: 0): The HTTP status code \"0\" is not valid. at C:\\xampp\\htdocs\\gdocapi\\vendor\\symfony\\http-foundation\\Response.php:470)
[stacktrace]
#0 C:\\xampp\\htdocs\\gdocapi\\vendor\\symfony\\http-foundation\\Response.php(219): Symfony\\Component\\HttpFoundation\\Response->setStatusCode(0)
#1 C:\\xampp\\htdocs\\gdocapi\\vendor\\symfony\\http-foundation\\JsonResponse.php(44): Symfony\\Component\\HttpFoundation\\Response->__construct('', 0, Array)
#2 C:\\xampp\\htdocs\\gdocapi\\vendor\\illuminate\\http\\JsonResponse.php(32): Symfony\\Component\\HttpFoundation\\JsonResponse->__construct(Array, 0, Array, false)
#3 C:\\xampp\\htdocs\\gdocapi\\vendor\\laravel\\lumen-framework\\src\\Http\\ResponseFactory.php(40): Illuminate\\Http\\JsonResponse->__construct(Array, 0, Array, 0)
#4 C:\\xampp\\htdocs\\gdocapi\\src\\Controllers\\Controller.php(22): Laravel\\Lumen\\Http\\ResponseFactory->json(Array, 0)
#5 C:\\xampp\\htdocs\\gdocapi\\src\\Routes\\fileRouter.php(22): GDocAPI\\Controllers\\Controller::execute('descargarDocume...', 200)
#6 C:\\xampp\\htdocs\\gdocapi\\vendor\\illuminate\\container\\BoundMethod.php(36): Closure->{closure}()
#7 C:\\xampp\\htdocs\\gdocapi\\vendor\\illuminate\\container\\Util.php(40): Illuminate\\Container\\BoundMethod::Illuminate\\Container\\{closure}()
#8 C:\\xampp\\htdocs\\gdocapi\\vendor\\illuminate\\container\\BoundMethod.php(81): Illuminate\\Container\\Util::unwrapIfClosure(Object(Closure))
#9 C:\\xampp\\htdocs\\gdocapi\\vendor\\illuminate\\container\\BoundMethod.php(35): Illuminate\\Container\\BoundMethod::callBoundMethod(Object(Laravel\\Lumen\\Application), Object(Closure), Object(Closure))
#10 C:\\xampp\\htdocs\\gdocapi\\vendor\\illuminate\\container\\Container.php(653): Illuminate\\Container\\BoundMethod::call(Object(Laravel\\Lumen\\Application), Object(Closure), Array, NULL)
#11 C:\\xampp\\htdocs\\gdocapi\\vendor\\laravel\\lumen-framework\\src\\Concerns\\RoutesRequests.php(302): Illuminate\\Container\\Container->call(Object(Closure), Array)
#12 C:\\xampp\\htdocs\\gdocapi\\vendor\\laravel\\lumen-framework\\src\\Concerns\\RoutesRequests.php(267): Laravel\\Lumen\\Application->callActionOnArrayBasedRoute(Array)
#13 C:\\xampp\\htdocs\\gdocapi\\vendor\\laravel\\lumen-framework\\src\\Concerns\\RoutesRequests.php(169): Laravel\\Lumen\\Application->handleFoundRoute(Array)
#14 C:\\xampp\\htdocs\\gdocapi\\vendor\\laravel\\lumen-framework\\src\\Concerns\\RoutesRequests.php(429): Laravel\\Lumen\\Application->Laravel\\Lumen\\Concerns\\{closure}(Object(Laravel\\Lumen\\Http\\Request))
#15 C:\\xampp\\htdocs\\gdocapi\\vendor\\laravel\\lumen-framework\\src\\Concerns\\RoutesRequests.php(165): Laravel\\Lumen\\Application->sendThroughPipeline(Array, Object(Closure))
#16 C:\\xampp\\htdocs\\gdocapi\\vendor\\laravel\\lumen-framework\\src\\Concerns\\RoutesRequests.php(112): Laravel\\Lumen\\Application->dispatch(NULL)
#17 C:\\xampp\\htdocs\\gdocapi\\public\\index.php(13): Laravel\\Lumen\\Application->run()
#18 {main}
"} 
[2024-12-17 13:03:37] testing.ERROR: The HTTP status code "0" is not valid. {"exception":"[object] (InvalidArgumentException(code: 0): The HTTP status code \"0\" is not valid. at C:\\xampp\\htdocs\\gdocapi\\vendor\\symfony\\http-foundation\\Response.php:470)
[stacktrace]
#0 C:\\xampp\\htdocs\\gdocapi\\vendor\\symfony\\http-foundation\\Response.php(219): Symfony\\Component\\HttpFoundation\\Response->setStatusCode(0)
#1 C:\\xampp\\htdocs\\gdocapi\\vendor\\symfony\\http-foundation\\JsonResponse.php(44): Symfony\\Component\\HttpFoundation\\Response->__construct('', 0, Array)
#2 C:\\xampp\\htdocs\\gdocapi\\vendor\\illuminate\\http\\JsonResponse.php(32): Symfony\\Component\\HttpFoundation\\JsonResponse->__construct(Array, 0, Array, false)
#3 C:\\xampp\\htdocs\\gdocapi\\vendor\\laravel\\lumen-framework\\src\\Http\\ResponseFactory.php(40): Illuminate\\Http\\JsonResponse->__construct(Array, 0, Array, 0)
#4 C:\\xampp\\htdocs\\gdocapi\\src\\Controllers\\Controller.php(22): Laravel\\Lumen\\Http\\ResponseFactory->json(Array, 0)
#5 C:\\xampp\\htdocs\\gdocapi\\src\\Routes\\fileRouter.php(22): GDocAPI\\Controllers\\Controller::execute('descargarDocume...', 200)
#6 C:\\xampp\\htdocs\\gdocapi\\vendor\\illuminate\\container\\BoundMethod.php(36): Closure->{closure}()
#7 C:\\xampp\\htdocs\\gdocapi\\vendor\\illuminate\\container\\Util.php(40): Illuminate\\Container\\BoundMethod::Illuminate\\Container\\{closure}()
#8 C:\\xampp\\htdocs\\gdocapi\\vendor\\illuminate\\container\\BoundMethod.php(81): Illuminate\\Container\\Util::unwrapIfClosure(Object(Closure))
#9 C:\\xampp\\htdocs\\gdocapi\\vendor\\illuminate\\container\\BoundMethod.php(35): Illuminate\\Container\\BoundMethod::callBoundMethod(Object(Laravel\\Lumen\\Application), Object(Closure), Object(Closure))
#10 C:\\xampp\\htdocs\\gdocapi\\vendor\\illuminate\\container\\Container.php(653): Illuminate\\Container\\BoundMethod::call(Object(Laravel\\Lumen\\Application), Object(Closure), Array, NULL)
#11 C:\\xampp\\htdocs\\gdocapi\\vendor\\laravel\\lumen-framework\\src\\Concerns\\RoutesRequests.php(302): Illuminate\\Container\\Container->call(Object(Closure), Array)
#12 C:\\xampp\\htdocs\\gdocapi\\vendor\\laravel\\lumen-framework\\src\\Concerns\\RoutesRequests.php(267): Laravel\\Lumen\\Application->callActionOnArrayBasedRoute(Array)
#13 C:\\xampp\\htdocs\\gdocapi\\vendor\\laravel\\lumen-framework\\src\\Concerns\\RoutesRequests.php(169): Laravel\\Lumen\\Application->handleFoundRoute(Array)
#14 C:\\xampp\\htdocs\\gdocapi\\vendor\\laravel\\lumen-framework\\src\\Concerns\\RoutesRequests.php(429): Laravel\\Lumen\\Application->Laravel\\Lumen\\Concerns\\{closure}(Object(Laravel\\Lumen\\Http\\Request))
#15 C:\\xampp\\htdocs\\gdocapi\\vendor\\laravel\\lumen-framework\\src\\Concerns\\RoutesRequests.php(165): Laravel\\Lumen\\Application->sendThroughPipeline(Array, Object(Closure))
#16 C:\\xampp\\htdocs\\gdocapi\\vendor\\laravel\\lumen-framework\\src\\Concerns\\RoutesRequests.php(112): Laravel\\Lumen\\Application->dispatch(NULL)
#17 C:\\xampp\\htdocs\\gdocapi\\public\\index.php(13): Laravel\\Lumen\\Application->run()
#18 {main}
"} 
