[2025-01-14 10:04:25] testing.ERROR: Class "Auditor" not found {"exception":"[object] (Error(code: 0): Class \"Auditor\" not found at C:\\xampp\\htdocs\\httpdocs\\gdocapi\\v1\\src\\Services\\AuditorService.php:31)
[stacktrace]
#0 C:\\xampp\\htdocs\\httpdocs\\gdocapi\\v1\\src\\Controllers\\Controller.php(30): GDocAPI\\Services\\AuditorService::auditarError()
#1 C:\\xampp\\htdocs\\httpdocs\\gdocapi\\v1\\src\\Routes\\nodeRouter.php(33): GDocAPI\\Controllers\\Controller::execute('obtenerHijosNod...', 200, '49e247ea-2f40-4...', '01.-Datos%20Per...')
#2 C:\\xampp\\htdocs\\httpdocs\\gdocapi\\v1\\vendor\\illuminate\\container\\BoundMethod.php(36): Closure->{closure}('49e247ea-2f40-4...', '01.-Datos%20Per...')
#3 C:\\xampp\\htdocs\\httpdocs\\gdocapi\\v1\\vendor\\illuminate\\container\\Util.php(40): Illuminate\\Container\\BoundMethod::Illuminate\\Container\\{closure}()
#4 C:\\xampp\\htdocs\\httpdocs\\gdocapi\\v1\\vendor\\illuminate\\container\\BoundMethod.php(81): Illuminate\\Container\\Util::unwrapIfClosure(Object(Closure))
#5 C:\\xampp\\htdocs\\httpdocs\\gdocapi\\v1\\vendor\\illuminate\\container\\BoundMethod.php(35): Illuminate\\Container\\BoundMethod::callBoundMethod(Object(Laravel\\Lumen\\Application), Object(Closure), Object(Closure))
#6 C:\\xampp\\htdocs\\httpdocs\\gdocapi\\v1\\vendor\\illuminate\\container\\Container.php(653): Illuminate\\Container\\BoundMethod::call(Object(Laravel\\Lumen\\Application), Object(Closure), Array, NULL)
#7 C:\\xampp\\htdocs\\httpdocs\\gdocapi\\v1\\vendor\\laravel\\lumen-framework\\src\\Concerns\\RoutesRequests.php(302): Illuminate\\Container\\Container->call(Object(Closure), Array)
#8 C:\\xampp\\htdocs\\httpdocs\\gdocapi\\v1\\vendor\\laravel\\lumen-framework\\src\\Concerns\\RoutesRequests.php(267): Laravel\\Lumen\\Application->callActionOnArrayBasedRoute(Array)
#9 C:\\xampp\\htdocs\\httpdocs\\gdocapi\\v1\\vendor\\laravel\\lumen-framework\\src\\Concerns\\RoutesRequests.php(237): Laravel\\Lumen\\Application->handleFoundRoute(Array)
#10 C:\\xampp\\htdocs\\httpdocs\\gdocapi\\v1\\vendor\\laravel\\lumen-framework\\src\\Concerns\\RoutesRequests.php(172): Laravel\\Lumen\\Application->handleDispatcherResponse(Array)
#11 C:\\xampp\\htdocs\\httpdocs\\gdocapi\\v1\\vendor\\laravel\\lumen-framework\\src\\Concerns\\RoutesRequests.php(429): Laravel\\Lumen\\Application->Laravel\\Lumen\\Concerns\\{closure}(Object(Laravel\\Lumen\\Http\\Request))
#12 C:\\xampp\\htdocs\\httpdocs\\gdocapi\\v1\\vendor\\laravel\\lumen-framework\\src\\Concerns\\RoutesRequests.php(165): Laravel\\Lumen\\Application->sendThroughPipeline(Array, Object(Closure))
#13 C:\\xampp\\htdocs\\httpdocs\\gdocapi\\v1\\vendor\\laravel\\lumen-framework\\src\\Concerns\\RoutesRequests.php(112): Laravel\\Lumen\\Application->dispatch(NULL)
#14 C:\\xampp\\htdocs\\httpdocs\\gdocapi\\v1\\public\\index.php(13): Laravel\\Lumen\\Application->run()
#15 {main}
"} 
[2025-01-14 10:06:18] testing.ERROR: Class "Auditor" not found {"exception":"[object] (Error(code: 0): Class \"Auditor\" not found at C:\\xampp\\htdocs\\httpdocs\\gdocapi\\v1\\src\\Services\\AuditorService.php:31)
[stacktrace]
#0 C:\\xampp\\htdocs\\httpdocs\\gdocapi\\v1\\src\\Controllers\\Controller.php(30): GDocAPI\\Services\\AuditorService::auditarError()
#1 C:\\xampp\\htdocs\\httpdocs\\gdocapi\\v1\\src\\Routes\\nodeRouter.php(33): GDocAPI\\Controllers\\Controller::execute('obtenerHijosNod...', 200, '49e247ea-2f40-4...', '01.-Datos%20Per...')
#2 C:\\xampp\\htdocs\\httpdocs\\gdocapi\\v1\\vendor\\illuminate\\container\\BoundMethod.php(36): Closure->{closure}('49e247ea-2f40-4...', '01.-Datos%20Per...')
#3 C:\\xampp\\htdocs\\httpdocs\\gdocapi\\v1\\vendor\\illuminate\\container\\Util.php(40): Illuminate\\Container\\BoundMethod::Illuminate\\Container\\{closure}()
#4 C:\\xampp\\htdocs\\httpdocs\\gdocapi\\v1\\vendor\\illuminate\\container\\BoundMethod.php(81): Illuminate\\Container\\Util::unwrapIfClosure(Object(Closure))
#5 C:\\xampp\\htdocs\\httpdocs\\gdocapi\\v1\\vendor\\illuminate\\container\\BoundMethod.php(35): Illuminate\\Container\\BoundMethod::callBoundMethod(Object(Laravel\\Lumen\\Application), Object(Closure), Object(Closure))
#6 C:\\xampp\\htdocs\\httpdocs\\gdocapi\\v1\\vendor\\illuminate\\container\\Container.php(653): Illuminate\\Container\\BoundMethod::call(Object(Laravel\\Lumen\\Application), Object(Closure), Array, NULL)
#7 C:\\xampp\\htdocs\\httpdocs\\gdocapi\\v1\\vendor\\laravel\\lumen-framework\\src\\Concerns\\RoutesRequests.php(302): Illuminate\\Container\\Container->call(Object(Closure), Array)
#8 C:\\xampp\\htdocs\\httpdocs\\gdocapi\\v1\\vendor\\laravel\\lumen-framework\\src\\Concerns\\RoutesRequests.php(267): Laravel\\Lumen\\Application->callActionOnArrayBasedRoute(Array)
#9 C:\\xampp\\htdocs\\httpdocs\\gdocapi\\v1\\vendor\\laravel\\lumen-framework\\src\\Concerns\\RoutesRequests.php(237): Laravel\\Lumen\\Application->handleFoundRoute(Array)
#10 C:\\xampp\\htdocs\\httpdocs\\gdocapi\\v1\\vendor\\laravel\\lumen-framework\\src\\Concerns\\RoutesRequests.php(172): Laravel\\Lumen\\Application->handleDispatcherResponse(Array)
#11 C:\\xampp\\htdocs\\httpdocs\\gdocapi\\v1\\vendor\\laravel\\lumen-framework\\src\\Concerns\\RoutesRequests.php(429): Laravel\\Lumen\\Application->Laravel\\Lumen\\Concerns\\{closure}(Object(Laravel\\Lumen\\Http\\Request))
#12 C:\\xampp\\htdocs\\httpdocs\\gdocapi\\v1\\vendor\\laravel\\lumen-framework\\src\\Concerns\\RoutesRequests.php(165): Laravel\\Lumen\\Application->sendThroughPipeline(Array, Object(Closure))
#13 C:\\xampp\\htdocs\\httpdocs\\gdocapi\\v1\\vendor\\laravel\\lumen-framework\\src\\Concerns\\RoutesRequests.php(112): Laravel\\Lumen\\Application->dispatch(NULL)
#14 C:\\xampp\\htdocs\\httpdocs\\gdocapi\\v1\\public\\index.php(13): Laravel\\Lumen\\Application->run()
#15 {main}
"} 
[2025-01-14 10:12:03] testing.ERROR: Class "Auditor" not found {"exception":"[object] (Error(code: 0): Class \"Auditor\" not found at C:\\xampp\\htdocs\\httpdocs\\gdocapi\\v1\\src\\Services\\AuditorService.php:31)
[stacktrace]
#0 C:\\xampp\\htdocs\\httpdocs\\gdocapi\\v1\\src\\Controllers\\Controller.php(30): GDocAPI\\Services\\AuditorService::auditarError()
#1 C:\\xampp\\htdocs\\httpdocs\\gdocapi\\v1\\src\\Routes\\nodeRouter.php(33): GDocAPI\\Controllers\\Controller::execute('obtenerHijosNod...', 200, '49e247ea-2f40-4...', '01.-Datos%20Per...')
#2 C:\\xampp\\htdocs\\httpdocs\\gdocapi\\v1\\vendor\\illuminate\\container\\BoundMethod.php(36): Closure->{closure}('49e247ea-2f40-4...', '01.-Datos%20Per...')
#3 C:\\xampp\\htdocs\\httpdocs\\gdocapi\\v1\\vendor\\illuminate\\container\\Util.php(40): Illuminate\\Container\\BoundMethod::Illuminate\\Container\\{closure}()
#4 C:\\xampp\\htdocs\\httpdocs\\gdocapi\\v1\\vendor\\illuminate\\container\\BoundMethod.php(81): Illuminate\\Container\\Util::unwrapIfClosure(Object(Closure))
#5 C:\\xampp\\htdocs\\httpdocs\\gdocapi\\v1\\vendor\\illuminate\\container\\BoundMethod.php(35): Illuminate\\Container\\BoundMethod::callBoundMethod(Object(Laravel\\Lumen\\Application), Object(Closure), Object(Closure))
#6 C:\\xampp\\htdocs\\httpdocs\\gdocapi\\v1\\vendor\\illuminate\\container\\Container.php(653): Illuminate\\Container\\BoundMethod::call(Object(Laravel\\Lumen\\Application), Object(Closure), Array, NULL)
#7 C:\\xampp\\htdocs\\httpdocs\\gdocapi\\v1\\vendor\\laravel\\lumen-framework\\src\\Concerns\\RoutesRequests.php(302): Illuminate\\Container\\Container->call(Object(Closure), Array)
#8 C:\\xampp\\htdocs\\httpdocs\\gdocapi\\v1\\vendor\\laravel\\lumen-framework\\src\\Concerns\\RoutesRequests.php(267): Laravel\\Lumen\\Application->callActionOnArrayBasedRoute(Array)
#9 C:\\xampp\\htdocs\\httpdocs\\gdocapi\\v1\\vendor\\laravel\\lumen-framework\\src\\Concerns\\RoutesRequests.php(237): Laravel\\Lumen\\Application->handleFoundRoute(Array)
#10 C:\\xampp\\htdocs\\httpdocs\\gdocapi\\v1\\vendor\\laravel\\lumen-framework\\src\\Concerns\\RoutesRequests.php(172): Laravel\\Lumen\\Application->handleDispatcherResponse(Array)
#11 C:\\xampp\\htdocs\\httpdocs\\gdocapi\\v1\\vendor\\laravel\\lumen-framework\\src\\Concerns\\RoutesRequests.php(429): Laravel\\Lumen\\Application->Laravel\\Lumen\\Concerns\\{closure}(Object(Laravel\\Lumen\\Http\\Request))
#12 C:\\xampp\\htdocs\\httpdocs\\gdocapi\\v1\\vendor\\laravel\\lumen-framework\\src\\Concerns\\RoutesRequests.php(165): Laravel\\Lumen\\Application->sendThroughPipeline(Array, Object(Closure))
#13 C:\\xampp\\htdocs\\httpdocs\\gdocapi\\v1\\vendor\\laravel\\lumen-framework\\src\\Concerns\\RoutesRequests.php(112): Laravel\\Lumen\\Application->dispatch(NULL)
#14 C:\\xampp\\htdocs\\httpdocs\\gdocapi\\v1\\public\\index.php(13): Laravel\\Lumen\\Application->run()
#15 {main}
"} 
[2025-01-14 10:12:29] testing.ERROR: Class "Auditor" not found {"exception":"[object] (Error(code: 0): Class \"Auditor\" not found at C:\\xampp\\htdocs\\httpdocs\\gdocapi\\v1\\src\\Services\\AuditorService.php:31)
[stacktrace]
#0 C:\\xampp\\htdocs\\httpdocs\\gdocapi\\v1\\src\\Controllers\\Controller.php(30): GDocAPI\\Services\\AuditorService::auditarError()
#1 C:\\xampp\\htdocs\\httpdocs\\gdocapi\\v1\\src\\Routes\\nodeRouter.php(33): GDocAPI\\Controllers\\Controller::execute('obtenerHijosNod...', 200, '49e247ea-2f40-4...', '01.-Datos%20Per...')
#2 C:\\xampp\\htdocs\\httpdocs\\gdocapi\\v1\\vendor\\illuminate\\container\\BoundMethod.php(36): Closure->{closure}('49e247ea-2f40-4...', '01.-Datos%20Per...')
#3 C:\\xampp\\htdocs\\httpdocs\\gdocapi\\v1\\vendor\\illuminate\\container\\Util.php(40): Illuminate\\Container\\BoundMethod::Illuminate\\Container\\{closure}()
#4 C:\\xampp\\htdocs\\httpdocs\\gdocapi\\v1\\vendor\\illuminate\\container\\BoundMethod.php(81): Illuminate\\Container\\Util::unwrapIfClosure(Object(Closure))
#5 C:\\xampp\\htdocs\\httpdocs\\gdocapi\\v1\\vendor\\illuminate\\container\\BoundMethod.php(35): Illuminate\\Container\\BoundMethod::callBoundMethod(Object(Laravel\\Lumen\\Application), Object(Closure), Object(Closure))
#6 C:\\xampp\\htdocs\\httpdocs\\gdocapi\\v1\\vendor\\illuminate\\container\\Container.php(653): Illuminate\\Container\\BoundMethod::call(Object(Laravel\\Lumen\\Application), Object(Closure), Array, NULL)
#7 C:\\xampp\\htdocs\\httpdocs\\gdocapi\\v1\\vendor\\laravel\\lumen-framework\\src\\Concerns\\RoutesRequests.php(302): Illuminate\\Container\\Container->call(Object(Closure), Array)
#8 C:\\xampp\\htdocs\\httpdocs\\gdocapi\\v1\\vendor\\laravel\\lumen-framework\\src\\Concerns\\RoutesRequests.php(267): Laravel\\Lumen\\Application->callActionOnArrayBasedRoute(Array)
#9 C:\\xampp\\htdocs\\httpdocs\\gdocapi\\v1\\vendor\\laravel\\lumen-framework\\src\\Concerns\\RoutesRequests.php(237): Laravel\\Lumen\\Application->handleFoundRoute(Array)
#10 C:\\xampp\\htdocs\\httpdocs\\gdocapi\\v1\\vendor\\laravel\\lumen-framework\\src\\Concerns\\RoutesRequests.php(172): Laravel\\Lumen\\Application->handleDispatcherResponse(Array)
#11 C:\\xampp\\htdocs\\httpdocs\\gdocapi\\v1\\vendor\\laravel\\lumen-framework\\src\\Concerns\\RoutesRequests.php(429): Laravel\\Lumen\\Application->Laravel\\Lumen\\Concerns\\{closure}(Object(Laravel\\Lumen\\Http\\Request))
#12 C:\\xampp\\htdocs\\httpdocs\\gdocapi\\v1\\vendor\\laravel\\lumen-framework\\src\\Concerns\\RoutesRequests.php(165): Laravel\\Lumen\\Application->sendThroughPipeline(Array, Object(Closure))
#13 C:\\xampp\\htdocs\\httpdocs\\gdocapi\\v1\\vendor\\laravel\\lumen-framework\\src\\Concerns\\RoutesRequests.php(112): Laravel\\Lumen\\Application->dispatch(NULL)
#14 C:\\xampp\\htdocs\\httpdocs\\gdocapi\\v1\\public\\index.php(13): Laravel\\Lumen\\Application->run()
#15 {main}
"} 
[2025-01-14 10:13:08] testing.ERROR: Class "Auditor" not found {"exception":"[object] (Error(code: 0): Class \"Auditor\" not found at C:\\xampp\\htdocs\\httpdocs\\gdocapi\\v1\\src\\Services\\AuditorService.php:31)
[stacktrace]
#0 C:\\xampp\\htdocs\\httpdocs\\gdocapi\\v1\\src\\Controllers\\Controller.php(30): GDocAPI\\Services\\AuditorService::auditarError()
#1 C:\\xampp\\htdocs\\httpdocs\\gdocapi\\v1\\src\\Routes\\nodeRouter.php(33): GDocAPI\\Controllers\\Controller::execute('obtenerHijosNod...', 200, '49e247ea-2f40-4...', '01.-Datos%20Per...')
#2 C:\\xampp\\htdocs\\httpdocs\\gdocapi\\v1\\vendor\\illuminate\\container\\BoundMethod.php(36): Closure->{closure}('49e247ea-2f40-4...', '01.-Datos%20Per...')
#3 C:\\xampp\\htdocs\\httpdocs\\gdocapi\\v1\\vendor\\illuminate\\container\\Util.php(40): Illuminate\\Container\\BoundMethod::Illuminate\\Container\\{closure}()
#4 C:\\xampp\\htdocs\\httpdocs\\gdocapi\\v1\\vendor\\illuminate\\container\\BoundMethod.php(81): Illuminate\\Container\\Util::unwrapIfClosure(Object(Closure))
#5 C:\\xampp\\htdocs\\httpdocs\\gdocapi\\v1\\vendor\\illuminate\\container\\BoundMethod.php(35): Illuminate\\Container\\BoundMethod::callBoundMethod(Object(Laravel\\Lumen\\Application), Object(Closure), Object(Closure))
#6 C:\\xampp\\htdocs\\httpdocs\\gdocapi\\v1\\vendor\\illuminate\\container\\Container.php(653): Illuminate\\Container\\BoundMethod::call(Object(Laravel\\Lumen\\Application), Object(Closure), Array, NULL)
#7 C:\\xampp\\htdocs\\httpdocs\\gdocapi\\v1\\vendor\\laravel\\lumen-framework\\src\\Concerns\\RoutesRequests.php(302): Illuminate\\Container\\Container->call(Object(Closure), Array)
#8 C:\\xampp\\htdocs\\httpdocs\\gdocapi\\v1\\vendor\\laravel\\lumen-framework\\src\\Concerns\\RoutesRequests.php(267): Laravel\\Lumen\\Application->callActionOnArrayBasedRoute(Array)
#9 C:\\xampp\\htdocs\\httpdocs\\gdocapi\\v1\\vendor\\laravel\\lumen-framework\\src\\Concerns\\RoutesRequests.php(237): Laravel\\Lumen\\Application->handleFoundRoute(Array)
#10 C:\\xampp\\htdocs\\httpdocs\\gdocapi\\v1\\vendor\\laravel\\lumen-framework\\src\\Concerns\\RoutesRequests.php(172): Laravel\\Lumen\\Application->handleDispatcherResponse(Array)
#11 C:\\xampp\\htdocs\\httpdocs\\gdocapi\\v1\\vendor\\laravel\\lumen-framework\\src\\Concerns\\RoutesRequests.php(429): Laravel\\Lumen\\Application->Laravel\\Lumen\\Concerns\\{closure}(Object(Laravel\\Lumen\\Http\\Request))
#12 C:\\xampp\\htdocs\\httpdocs\\gdocapi\\v1\\vendor\\laravel\\lumen-framework\\src\\Concerns\\RoutesRequests.php(165): Laravel\\Lumen\\Application->sendThroughPipeline(Array, Object(Closure))
#13 C:\\xampp\\htdocs\\httpdocs\\gdocapi\\v1\\vendor\\laravel\\lumen-framework\\src\\Concerns\\RoutesRequests.php(112): Laravel\\Lumen\\Application->dispatch(NULL)
#14 C:\\xampp\\htdocs\\httpdocs\\gdocapi\\v1\\public\\index.php(13): Laravel\\Lumen\\Application->run()
#15 {main}
"} 
[2025-01-14 10:14:04] testing.ERROR: Class "Auditor" not found {"exception":"[object] (Error(code: 0): Class \"Auditor\" not found at C:\\xampp\\htdocs\\httpdocs\\gdocapi\\v1\\src\\Services\\AuditorService.php:31)
[stacktrace]
#0 C:\\xampp\\htdocs\\httpdocs\\gdocapi\\v1\\src\\Controllers\\Controller.php(30): GDocAPI\\Services\\AuditorService::auditarError()
#1 C:\\xampp\\htdocs\\httpdocs\\gdocapi\\v1\\src\\Routes\\nodeRouter.php(33): GDocAPI\\Controllers\\Controller::execute('obtenerHijosNod...', 200, '49e247ea-2f40-4...', '01.-Datos%20Per...')
#2 C:\\xampp\\htdocs\\httpdocs\\gdocapi\\v1\\vendor\\illuminate\\container\\BoundMethod.php(36): Closure->{closure}('49e247ea-2f40-4...', '01.-Datos%20Per...')
#3 C:\\xampp\\htdocs\\httpdocs\\gdocapi\\v1\\vendor\\illuminate\\container\\Util.php(40): Illuminate\\Container\\BoundMethod::Illuminate\\Container\\{closure}()
#4 C:\\xampp\\htdocs\\httpdocs\\gdocapi\\v1\\vendor\\illuminate\\container\\BoundMethod.php(81): Illuminate\\Container\\Util::unwrapIfClosure(Object(Closure))
#5 C:\\xampp\\htdocs\\httpdocs\\gdocapi\\v1\\vendor\\illuminate\\container\\BoundMethod.php(35): Illuminate\\Container\\BoundMethod::callBoundMethod(Object(Laravel\\Lumen\\Application), Object(Closure), Object(Closure))
#6 C:\\xampp\\htdocs\\httpdocs\\gdocapi\\v1\\vendor\\illuminate\\container\\Container.php(653): Illuminate\\Container\\BoundMethod::call(Object(Laravel\\Lumen\\Application), Object(Closure), Array, NULL)
#7 C:\\xampp\\htdocs\\httpdocs\\gdocapi\\v1\\vendor\\laravel\\lumen-framework\\src\\Concerns\\RoutesRequests.php(302): Illuminate\\Container\\Container->call(Object(Closure), Array)
#8 C:\\xampp\\htdocs\\httpdocs\\gdocapi\\v1\\vendor\\laravel\\lumen-framework\\src\\Concerns\\RoutesRequests.php(267): Laravel\\Lumen\\Application->callActionOnArrayBasedRoute(Array)
#9 C:\\xampp\\htdocs\\httpdocs\\gdocapi\\v1\\vendor\\laravel\\lumen-framework\\src\\Concerns\\RoutesRequests.php(237): Laravel\\Lumen\\Application->handleFoundRoute(Array)
#10 C:\\xampp\\htdocs\\httpdocs\\gdocapi\\v1\\vendor\\laravel\\lumen-framework\\src\\Concerns\\RoutesRequests.php(172): Laravel\\Lumen\\Application->handleDispatcherResponse(Array)
#11 C:\\xampp\\htdocs\\httpdocs\\gdocapi\\v1\\vendor\\laravel\\lumen-framework\\src\\Concerns\\RoutesRequests.php(429): Laravel\\Lumen\\Application->Laravel\\Lumen\\Concerns\\{closure}(Object(Laravel\\Lumen\\Http\\Request))
#12 C:\\xampp\\htdocs\\httpdocs\\gdocapi\\v1\\vendor\\laravel\\lumen-framework\\src\\Concerns\\RoutesRequests.php(165): Laravel\\Lumen\\Application->sendThroughPipeline(Array, Object(Closure))
#13 C:\\xampp\\htdocs\\httpdocs\\gdocapi\\v1\\vendor\\laravel\\lumen-framework\\src\\Concerns\\RoutesRequests.php(112): Laravel\\Lumen\\Application->dispatch(NULL)
#14 C:\\xampp\\htdocs\\httpdocs\\gdocapi\\v1\\public\\index.php(13): Laravel\\Lumen\\Application->run()
#15 {main}
"} 
[2025-01-14 10:15:00] testing.ERROR: Class "Auditor" not found {"exception":"[object] (Error(code: 0): Class \"Auditor\" not found at C:\\xampp\\htdocs\\httpdocs\\gdocapi\\v1\\src\\Services\\AuditorService.php:17)
[stacktrace]
#0 C:\\xampp\\htdocs\\httpdocs\\gdocapi\\v1\\src\\Controllers\\Controller.php(23): GDocAPI\\Services\\AuditorService::auditar()
#1 C:\\xampp\\htdocs\\httpdocs\\gdocapi\\v1\\src\\Routes\\nodeRouter.php(33): GDocAPI\\Controllers\\Controller::execute('obtenerHijosNod...', 200, '49e247ea-2f40-4...', '01.-Datos%20Per...')
#2 C:\\xampp\\htdocs\\httpdocs\\gdocapi\\v1\\vendor\\illuminate\\container\\BoundMethod.php(36): Closure->{closure}('49e247ea-2f40-4...', '01.-Datos%20Per...')
#3 C:\\xampp\\htdocs\\httpdocs\\gdocapi\\v1\\vendor\\illuminate\\container\\Util.php(40): Illuminate\\Container\\BoundMethod::Illuminate\\Container\\{closure}()
#4 C:\\xampp\\htdocs\\httpdocs\\gdocapi\\v1\\vendor\\illuminate\\container\\BoundMethod.php(81): Illuminate\\Container\\Util::unwrapIfClosure(Object(Closure))
#5 C:\\xampp\\htdocs\\httpdocs\\gdocapi\\v1\\vendor\\illuminate\\container\\BoundMethod.php(35): Illuminate\\Container\\BoundMethod::callBoundMethod(Object(Laravel\\Lumen\\Application), Object(Closure), Object(Closure))
#6 C:\\xampp\\htdocs\\httpdocs\\gdocapi\\v1\\vendor\\illuminate\\container\\Container.php(653): Illuminate\\Container\\BoundMethod::call(Object(Laravel\\Lumen\\Application), Object(Closure), Array, NULL)
#7 C:\\xampp\\htdocs\\httpdocs\\gdocapi\\v1\\vendor\\laravel\\lumen-framework\\src\\Concerns\\RoutesRequests.php(302): Illuminate\\Container\\Container->call(Object(Closure), Array)
#8 C:\\xampp\\htdocs\\httpdocs\\gdocapi\\v1\\vendor\\laravel\\lumen-framework\\src\\Concerns\\RoutesRequests.php(267): Laravel\\Lumen\\Application->callActionOnArrayBasedRoute(Array)
#9 C:\\xampp\\htdocs\\httpdocs\\gdocapi\\v1\\vendor\\laravel\\lumen-framework\\src\\Concerns\\RoutesRequests.php(237): Laravel\\Lumen\\Application->handleFoundRoute(Array)
#10 C:\\xampp\\htdocs\\httpdocs\\gdocapi\\v1\\vendor\\laravel\\lumen-framework\\src\\Concerns\\RoutesRequests.php(172): Laravel\\Lumen\\Application->handleDispatcherResponse(Array)
#11 C:\\xampp\\htdocs\\httpdocs\\gdocapi\\v1\\vendor\\laravel\\lumen-framework\\src\\Concerns\\RoutesRequests.php(429): Laravel\\Lumen\\Application->Laravel\\Lumen\\Concerns\\{closure}(Object(Laravel\\Lumen\\Http\\Request))
#12 C:\\xampp\\htdocs\\httpdocs\\gdocapi\\v1\\vendor\\laravel\\lumen-framework\\src\\Concerns\\RoutesRequests.php(165): Laravel\\Lumen\\Application->sendThroughPipeline(Array, Object(Closure))
#13 C:\\xampp\\htdocs\\httpdocs\\gdocapi\\v1\\vendor\\laravel\\lumen-framework\\src\\Concerns\\RoutesRequests.php(112): Laravel\\Lumen\\Application->dispatch(NULL)
#14 C:\\xampp\\htdocs\\httpdocs\\gdocapi\\v1\\public\\index.php(13): Laravel\\Lumen\\Application->run()
#15 {main}
"} 
[2025-01-14 10:15:18] testing.ERROR: Class "Auditor" not found {"exception":"[object] (Error(code: 0): Class \"Auditor\" not found at C:\\xampp\\htdocs\\httpdocs\\gdocapi\\v1\\src\\Services\\AuditorService.php:17)
[stacktrace]
#0 C:\\xampp\\htdocs\\httpdocs\\gdocapi\\v1\\src\\Controllers\\Controller.php(23): GDocAPI\\Services\\AuditorService::auditar()
#1 C:\\xampp\\htdocs\\httpdocs\\gdocapi\\v1\\src\\Routes\\nodeRouter.php(33): GDocAPI\\Controllers\\Controller::execute('obtenerHijosNod...', 200, '49e247ea-2f40-4...', '01.-Datos%20Per...')
#2 C:\\xampp\\htdocs\\httpdocs\\gdocapi\\v1\\vendor\\illuminate\\container\\BoundMethod.php(36): Closure->{closure}('49e247ea-2f40-4...', '01.-Datos%20Per...')
#3 C:\\xampp\\htdocs\\httpdocs\\gdocapi\\v1\\vendor\\illuminate\\container\\Util.php(40): Illuminate\\Container\\BoundMethod::Illuminate\\Container\\{closure}()
#4 C:\\xampp\\htdocs\\httpdocs\\gdocapi\\v1\\vendor\\illuminate\\container\\BoundMethod.php(81): Illuminate\\Container\\Util::unwrapIfClosure(Object(Closure))
#5 C:\\xampp\\htdocs\\httpdocs\\gdocapi\\v1\\vendor\\illuminate\\container\\BoundMethod.php(35): Illuminate\\Container\\BoundMethod::callBoundMethod(Object(Laravel\\Lumen\\Application), Object(Closure), Object(Closure))
#6 C:\\xampp\\htdocs\\httpdocs\\gdocapi\\v1\\vendor\\illuminate\\container\\Container.php(653): Illuminate\\Container\\BoundMethod::call(Object(Laravel\\Lumen\\Application), Object(Closure), Array, NULL)
#7 C:\\xampp\\htdocs\\httpdocs\\gdocapi\\v1\\vendor\\laravel\\lumen-framework\\src\\Concerns\\RoutesRequests.php(302): Illuminate\\Container\\Container->call(Object(Closure), Array)
#8 C:\\xampp\\htdocs\\httpdocs\\gdocapi\\v1\\vendor\\laravel\\lumen-framework\\src\\Concerns\\RoutesRequests.php(267): Laravel\\Lumen\\Application->callActionOnArrayBasedRoute(Array)
#9 C:\\xampp\\htdocs\\httpdocs\\gdocapi\\v1\\vendor\\laravel\\lumen-framework\\src\\Concerns\\RoutesRequests.php(237): Laravel\\Lumen\\Application->handleFoundRoute(Array)
#10 C:\\xampp\\htdocs\\httpdocs\\gdocapi\\v1\\vendor\\laravel\\lumen-framework\\src\\Concerns\\RoutesRequests.php(172): Laravel\\Lumen\\Application->handleDispatcherResponse(Array)
#11 C:\\xampp\\htdocs\\httpdocs\\gdocapi\\v1\\vendor\\laravel\\lumen-framework\\src\\Concerns\\RoutesRequests.php(429): Laravel\\Lumen\\Application->Laravel\\Lumen\\Concerns\\{closure}(Object(Laravel\\Lumen\\Http\\Request))
#12 C:\\xampp\\htdocs\\httpdocs\\gdocapi\\v1\\vendor\\laravel\\lumen-framework\\src\\Concerns\\RoutesRequests.php(165): Laravel\\Lumen\\Application->sendThroughPipeline(Array, Object(Closure))
#13 C:\\xampp\\htdocs\\httpdocs\\gdocapi\\v1\\vendor\\laravel\\lumen-framework\\src\\Concerns\\RoutesRequests.php(112): Laravel\\Lumen\\Application->dispatch(NULL)
#14 C:\\xampp\\htdocs\\httpdocs\\gdocapi\\v1\\public\\index.php(13): Laravel\\Lumen\\Application->run()
#15 {main}
"} 
[2025-01-14 10:15:28] testing.ERROR: Class "Auditor" not found {"exception":"[object] (Error(code: 0): Class \"Auditor\" not found at C:\\xampp\\htdocs\\httpdocs\\gdocapi\\v1\\src\\Services\\AuditorService.php:17)
[stacktrace]
#0 C:\\xampp\\htdocs\\httpdocs\\gdocapi\\v1\\src\\Controllers\\Controller.php(23): GDocAPI\\Services\\AuditorService::auditar()
#1 C:\\xampp\\htdocs\\httpdocs\\gdocapi\\v1\\src\\Routes\\nodeRouter.php(33): GDocAPI\\Controllers\\Controller::execute('obtenerHijosNod...', 200, '49e247ea-2f40-4...', '01.-Datos%20Per...')
#2 C:\\xampp\\htdocs\\httpdocs\\gdocapi\\v1\\vendor\\illuminate\\container\\BoundMethod.php(36): Closure->{closure}('49e247ea-2f40-4...', '01.-Datos%20Per...')
#3 C:\\xampp\\htdocs\\httpdocs\\gdocapi\\v1\\vendor\\illuminate\\container\\Util.php(40): Illuminate\\Container\\BoundMethod::Illuminate\\Container\\{closure}()
#4 C:\\xampp\\htdocs\\httpdocs\\gdocapi\\v1\\vendor\\illuminate\\container\\BoundMethod.php(81): Illuminate\\Container\\Util::unwrapIfClosure(Object(Closure))
#5 C:\\xampp\\htdocs\\httpdocs\\gdocapi\\v1\\vendor\\illuminate\\container\\BoundMethod.php(35): Illuminate\\Container\\BoundMethod::callBoundMethod(Object(Laravel\\Lumen\\Application), Object(Closure), Object(Closure))
#6 C:\\xampp\\htdocs\\httpdocs\\gdocapi\\v1\\vendor\\illuminate\\container\\Container.php(653): Illuminate\\Container\\BoundMethod::call(Object(Laravel\\Lumen\\Application), Object(Closure), Array, NULL)
#7 C:\\xampp\\htdocs\\httpdocs\\gdocapi\\v1\\vendor\\laravel\\lumen-framework\\src\\Concerns\\RoutesRequests.php(302): Illuminate\\Container\\Container->call(Object(Closure), Array)
#8 C:\\xampp\\htdocs\\httpdocs\\gdocapi\\v1\\vendor\\laravel\\lumen-framework\\src\\Concerns\\RoutesRequests.php(267): Laravel\\Lumen\\Application->callActionOnArrayBasedRoute(Array)
#9 C:\\xampp\\htdocs\\httpdocs\\gdocapi\\v1\\vendor\\laravel\\lumen-framework\\src\\Concerns\\RoutesRequests.php(237): Laravel\\Lumen\\Application->handleFoundRoute(Array)
#10 C:\\xampp\\htdocs\\httpdocs\\gdocapi\\v1\\vendor\\laravel\\lumen-framework\\src\\Concerns\\RoutesRequests.php(172): Laravel\\Lumen\\Application->handleDispatcherResponse(Array)
#11 C:\\xampp\\htdocs\\httpdocs\\gdocapi\\v1\\vendor\\laravel\\lumen-framework\\src\\Concerns\\RoutesRequests.php(429): Laravel\\Lumen\\Application->Laravel\\Lumen\\Concerns\\{closure}(Object(Laravel\\Lumen\\Http\\Request))
#12 C:\\xampp\\htdocs\\httpdocs\\gdocapi\\v1\\vendor\\laravel\\lumen-framework\\src\\Concerns\\RoutesRequests.php(165): Laravel\\Lumen\\Application->sendThroughPipeline(Array, Object(Closure))
#13 C:\\xampp\\htdocs\\httpdocs\\gdocapi\\v1\\vendor\\laravel\\lumen-framework\\src\\Concerns\\RoutesRequests.php(112): Laravel\\Lumen\\Application->dispatch(NULL)
#14 C:\\xampp\\htdocs\\httpdocs\\gdocapi\\v1\\public\\index.php(13): Laravel\\Lumen\\Application->run()
#15 {main}
"} 
[2025-01-14 10:16:04] testing.ERROR: Class "Auditor" not found {"exception":"[object] (Error(code: 0): Class \"Auditor\" not found at C:\\xampp\\htdocs\\httpdocs\\gdocapi\\v1\\src\\Services\\AuditorService.php:17)
[stacktrace]
#0 C:\\xampp\\htdocs\\httpdocs\\gdocapi\\v1\\src\\Controllers\\Controller.php(23): GDocAPI\\Services\\AuditorService::auditar()
#1 C:\\xampp\\htdocs\\httpdocs\\gdocapi\\v1\\src\\Routes\\nodeRouter.php(33): GDocAPI\\Controllers\\Controller::execute('obtenerHijosNod...', 200, '49e247ea-2f40-4...', '01.-Datos%20Per...')
#2 C:\\xampp\\htdocs\\httpdocs\\gdocapi\\v1\\vendor\\illuminate\\container\\BoundMethod.php(36): Closure->{closure}('49e247ea-2f40-4...', '01.-Datos%20Per...')
#3 C:\\xampp\\htdocs\\httpdocs\\gdocapi\\v1\\vendor\\illuminate\\container\\Util.php(40): Illuminate\\Container\\BoundMethod::Illuminate\\Container\\{closure}()
#4 C:\\xampp\\htdocs\\httpdocs\\gdocapi\\v1\\vendor\\illuminate\\container\\BoundMethod.php(81): Illuminate\\Container\\Util::unwrapIfClosure(Object(Closure))
#5 C:\\xampp\\htdocs\\httpdocs\\gdocapi\\v1\\vendor\\illuminate\\container\\BoundMethod.php(35): Illuminate\\Container\\BoundMethod::callBoundMethod(Object(Laravel\\Lumen\\Application), Object(Closure), Object(Closure))
#6 C:\\xampp\\htdocs\\httpdocs\\gdocapi\\v1\\vendor\\illuminate\\container\\Container.php(653): Illuminate\\Container\\BoundMethod::call(Object(Laravel\\Lumen\\Application), Object(Closure), Array, NULL)
#7 C:\\xampp\\htdocs\\httpdocs\\gdocapi\\v1\\vendor\\laravel\\lumen-framework\\src\\Concerns\\RoutesRequests.php(302): Illuminate\\Container\\Container->call(Object(Closure), Array)
#8 C:\\xampp\\htdocs\\httpdocs\\gdocapi\\v1\\vendor\\laravel\\lumen-framework\\src\\Concerns\\RoutesRequests.php(267): Laravel\\Lumen\\Application->callActionOnArrayBasedRoute(Array)
#9 C:\\xampp\\htdocs\\httpdocs\\gdocapi\\v1\\vendor\\laravel\\lumen-framework\\src\\Concerns\\RoutesRequests.php(237): Laravel\\Lumen\\Application->handleFoundRoute(Array)
#10 C:\\xampp\\htdocs\\httpdocs\\gdocapi\\v1\\vendor\\laravel\\lumen-framework\\src\\Concerns\\RoutesRequests.php(172): Laravel\\Lumen\\Application->handleDispatcherResponse(Array)
#11 C:\\xampp\\htdocs\\httpdocs\\gdocapi\\v1\\vendor\\laravel\\lumen-framework\\src\\Concerns\\RoutesRequests.php(429): Laravel\\Lumen\\Application->Laravel\\Lumen\\Concerns\\{closure}(Object(Laravel\\Lumen\\Http\\Request))
#12 C:\\xampp\\htdocs\\httpdocs\\gdocapi\\v1\\vendor\\laravel\\lumen-framework\\src\\Concerns\\RoutesRequests.php(165): Laravel\\Lumen\\Application->sendThroughPipeline(Array, Object(Closure))
#13 C:\\xampp\\htdocs\\httpdocs\\gdocapi\\v1\\vendor\\laravel\\lumen-framework\\src\\Concerns\\RoutesRequests.php(112): Laravel\\Lumen\\Application->dispatch(NULL)
#14 C:\\xampp\\htdocs\\httpdocs\\gdocapi\\v1\\public\\index.php(13): Laravel\\Lumen\\Application->run()
#15 {main}
"} 
[2025-01-14 10:16:40] testing.ERROR: Class "Auditor" not found {"exception":"[object] (Error(code: 0): Class \"Auditor\" not found at C:\\xampp\\htdocs\\httpdocs\\gdocapi\\v1\\src\\Services\\AuditorService.php:31)
[stacktrace]
#0 C:\\xampp\\htdocs\\httpdocs\\gdocapi\\v1\\src\\Controllers\\Controller.php(30): GDocAPI\\Services\\AuditorService::auditarError()
#1 C:\\xampp\\htdocs\\httpdocs\\gdocapi\\v1\\src\\Routes\\nodeRouter.php(37): GDocAPI\\Controllers\\Controller::execute('crearNodo', 200, '134ff8fc-1e7b-4...')
#2 C:\\xampp\\htdocs\\httpdocs\\gdocapi\\v1\\vendor\\illuminate\\container\\BoundMethod.php(36): Closure->{closure}('134ff8fc-1e7b-4...')
#3 C:\\xampp\\htdocs\\httpdocs\\gdocapi\\v1\\vendor\\illuminate\\container\\Util.php(40): Illuminate\\Container\\BoundMethod::Illuminate\\Container\\{closure}()
#4 C:\\xampp\\htdocs\\httpdocs\\gdocapi\\v1\\vendor\\illuminate\\container\\BoundMethod.php(81): Illuminate\\Container\\Util::unwrapIfClosure(Object(Closure))
#5 C:\\xampp\\htdocs\\httpdocs\\gdocapi\\v1\\vendor\\illuminate\\container\\BoundMethod.php(35): Illuminate\\Container\\BoundMethod::callBoundMethod(Object(Laravel\\Lumen\\Application), Object(Closure), Object(Closure))
#6 C:\\xampp\\htdocs\\httpdocs\\gdocapi\\v1\\vendor\\illuminate\\container\\Container.php(653): Illuminate\\Container\\BoundMethod::call(Object(Laravel\\Lumen\\Application), Object(Closure), Array, NULL)
#7 C:\\xampp\\htdocs\\httpdocs\\gdocapi\\v1\\vendor\\laravel\\lumen-framework\\src\\Concerns\\RoutesRequests.php(302): Illuminate\\Container\\Container->call(Object(Closure), Array)
#8 C:\\xampp\\htdocs\\httpdocs\\gdocapi\\v1\\vendor\\laravel\\lumen-framework\\src\\Concerns\\RoutesRequests.php(267): Laravel\\Lumen\\Application->callActionOnArrayBasedRoute(Array)
#9 C:\\xampp\\htdocs\\httpdocs\\gdocapi\\v1\\vendor\\laravel\\lumen-framework\\src\\Concerns\\RoutesRequests.php(237): Laravel\\Lumen\\Application->handleFoundRoute(Array)
#10 C:\\xampp\\htdocs\\httpdocs\\gdocapi\\v1\\vendor\\laravel\\lumen-framework\\src\\Concerns\\RoutesRequests.php(172): Laravel\\Lumen\\Application->handleDispatcherResponse(Array)
#11 C:\\xampp\\htdocs\\httpdocs\\gdocapi\\v1\\vendor\\laravel\\lumen-framework\\src\\Concerns\\RoutesRequests.php(429): Laravel\\Lumen\\Application->Laravel\\Lumen\\Concerns\\{closure}(Object(Laravel\\Lumen\\Http\\Request))
#12 C:\\xampp\\htdocs\\httpdocs\\gdocapi\\v1\\vendor\\laravel\\lumen-framework\\src\\Concerns\\RoutesRequests.php(165): Laravel\\Lumen\\Application->sendThroughPipeline(Array, Object(Closure))
#13 C:\\xampp\\htdocs\\httpdocs\\gdocapi\\v1\\vendor\\laravel\\lumen-framework\\src\\Concerns\\RoutesRequests.php(112): Laravel\\Lumen\\Application->dispatch(NULL)
#14 C:\\xampp\\htdocs\\httpdocs\\gdocapi\\v1\\public\\index.php(13): Laravel\\Lumen\\Application->run()
#15 {main}
"} 
[2025-01-14 10:18:51] testing.ERROR: Class "GDocAPI\Services\AuditorService" not found {"exception":"[object] (Error(code: 0): Class \"GDocAPI\\Services\\AuditorService\" not found at C:\\xampp\\htdocs\\httpdocs\\gdocapi\\v1\\src\\Controllers\\Controller.php:23)
[stacktrace]
#0 C:\\xampp\\htdocs\\httpdocs\\gdocapi\\v1\\src\\Routes\\nodeRouter.php(33): GDocAPI\\Controllers\\Controller::execute('obtenerHijosNod...', 200, '49e247ea-2f40-4...', '01.-Datos%20Per...')
#1 C:\\xampp\\htdocs\\httpdocs\\gdocapi\\v1\\vendor\\illuminate\\container\\BoundMethod.php(36): Closure->{closure}('49e247ea-2f40-4...', '01.-Datos%20Per...')
#2 C:\\xampp\\htdocs\\httpdocs\\gdocapi\\v1\\vendor\\illuminate\\container\\Util.php(40): Illuminate\\Container\\BoundMethod::Illuminate\\Container\\{closure}()
#3 C:\\xampp\\htdocs\\httpdocs\\gdocapi\\v1\\vendor\\illuminate\\container\\BoundMethod.php(81): Illuminate\\Container\\Util::unwrapIfClosure(Object(Closure))
#4 C:\\xampp\\htdocs\\httpdocs\\gdocapi\\v1\\vendor\\illuminate\\container\\BoundMethod.php(35): Illuminate\\Container\\BoundMethod::callBoundMethod(Object(Laravel\\Lumen\\Application), Object(Closure), Object(Closure))
#5 C:\\xampp\\htdocs\\httpdocs\\gdocapi\\v1\\vendor\\illuminate\\container\\Container.php(653): Illuminate\\Container\\BoundMethod::call(Object(Laravel\\Lumen\\Application), Object(Closure), Array, NULL)
#6 C:\\xampp\\htdocs\\httpdocs\\gdocapi\\v1\\vendor\\laravel\\lumen-framework\\src\\Concerns\\RoutesRequests.php(302): Illuminate\\Container\\Container->call(Object(Closure), Array)
#7 C:\\xampp\\htdocs\\httpdocs\\gdocapi\\v1\\vendor\\laravel\\lumen-framework\\src\\Concerns\\RoutesRequests.php(267): Laravel\\Lumen\\Application->callActionOnArrayBasedRoute(Array)
#8 C:\\xampp\\htdocs\\httpdocs\\gdocapi\\v1\\vendor\\laravel\\lumen-framework\\src\\Concerns\\RoutesRequests.php(237): Laravel\\Lumen\\Application->handleFoundRoute(Array)
#9 C:\\xampp\\htdocs\\httpdocs\\gdocapi\\v1\\vendor\\laravel\\lumen-framework\\src\\Concerns\\RoutesRequests.php(172): Laravel\\Lumen\\Application->handleDispatcherResponse(Array)
#10 C:\\xampp\\htdocs\\httpdocs\\gdocapi\\v1\\vendor\\laravel\\lumen-framework\\src\\Concerns\\RoutesRequests.php(429): Laravel\\Lumen\\Application->Laravel\\Lumen\\Concerns\\{closure}(Object(Laravel\\Lumen\\Http\\Request))
#11 C:\\xampp\\htdocs\\httpdocs\\gdocapi\\v1\\vendor\\laravel\\lumen-framework\\src\\Concerns\\RoutesRequests.php(165): Laravel\\Lumen\\Application->sendThroughPipeline(Array, Object(Closure))
#12 C:\\xampp\\htdocs\\httpdocs\\gdocapi\\v1\\vendor\\laravel\\lumen-framework\\src\\Concerns\\RoutesRequests.php(112): Laravel\\Lumen\\Application->dispatch(NULL)
#13 C:\\xampp\\htdocs\\httpdocs\\gdocapi\\v1\\public\\index.php(13): Laravel\\Lumen\\Application->run()
#14 {main}
"} 
[2025-01-14 10:19:47] testing.ERROR: syntax error, unexpected token ">" {"exception":"[object] (ParseError(code: 0): syntax error, unexpected token \">\" at C:\\xampp\\htdocs\\httpdocs\\gdocapi\\v1\\src\\Services\\AuditorService.php:38)
[stacktrace]
#0 C:\\xampp\\htdocs\\httpdocs\\gdocapi\\v1\\vendor\\composer\\ClassLoader.php(427): Composer\\Autoload\\{closure}('C:\\\\xampp\\\\htdocs...')
#1 C:\\xampp\\htdocs\\httpdocs\\gdocapi\\v1\\src\\Controllers\\Controller.php(23): Composer\\Autoload\\ClassLoader->loadClass('GDocAPI\\\\Service...')
#2 C:\\xampp\\htdocs\\httpdocs\\gdocapi\\v1\\src\\Routes\\nodeRouter.php(33): GDocAPI\\Controllers\\Controller::execute('obtenerHijosNod...', 200, '49e247ea-2f40-4...', '01.-Datos%20Per...')
#3 C:\\xampp\\htdocs\\httpdocs\\gdocapi\\v1\\vendor\\illuminate\\container\\BoundMethod.php(36): Closure->{closure}('49e247ea-2f40-4...', '01.-Datos%20Per...')
#4 C:\\xampp\\htdocs\\httpdocs\\gdocapi\\v1\\vendor\\illuminate\\container\\Util.php(40): Illuminate\\Container\\BoundMethod::Illuminate\\Container\\{closure}()
#5 C:\\xampp\\htdocs\\httpdocs\\gdocapi\\v1\\vendor\\illuminate\\container\\BoundMethod.php(81): Illuminate\\Container\\Util::unwrapIfClosure(Object(Closure))
#6 C:\\xampp\\htdocs\\httpdocs\\gdocapi\\v1\\vendor\\illuminate\\container\\BoundMethod.php(35): Illuminate\\Container\\BoundMethod::callBoundMethod(Object(Laravel\\Lumen\\Application), Object(Closure), Object(Closure))
#7 C:\\xampp\\htdocs\\httpdocs\\gdocapi\\v1\\vendor\\illuminate\\container\\Container.php(653): Illuminate\\Container\\BoundMethod::call(Object(Laravel\\Lumen\\Application), Object(Closure), Array, NULL)
#8 C:\\xampp\\htdocs\\httpdocs\\gdocapi\\v1\\vendor\\laravel\\lumen-framework\\src\\Concerns\\RoutesRequests.php(302): Illuminate\\Container\\Container->call(Object(Closure), Array)
#9 C:\\xampp\\htdocs\\httpdocs\\gdocapi\\v1\\vendor\\laravel\\lumen-framework\\src\\Concerns\\RoutesRequests.php(267): Laravel\\Lumen\\Application->callActionOnArrayBasedRoute(Array)
#10 C:\\xampp\\htdocs\\httpdocs\\gdocapi\\v1\\vendor\\laravel\\lumen-framework\\src\\Concerns\\RoutesRequests.php(237): Laravel\\Lumen\\Application->handleFoundRoute(Array)
#11 C:\\xampp\\htdocs\\httpdocs\\gdocapi\\v1\\vendor\\laravel\\lumen-framework\\src\\Concerns\\RoutesRequests.php(172): Laravel\\Lumen\\Application->handleDispatcherResponse(Array)
#12 C:\\xampp\\htdocs\\httpdocs\\gdocapi\\v1\\vendor\\laravel\\lumen-framework\\src\\Concerns\\RoutesRequests.php(429): Laravel\\Lumen\\Application->Laravel\\Lumen\\Concerns\\{closure}(Object(Laravel\\Lumen\\Http\\Request))
#13 C:\\xampp\\htdocs\\httpdocs\\gdocapi\\v1\\vendor\\laravel\\lumen-framework\\src\\Concerns\\RoutesRequests.php(165): Laravel\\Lumen\\Application->sendThroughPipeline(Array, Object(Closure))
#14 C:\\xampp\\htdocs\\httpdocs\\gdocapi\\v1\\vendor\\laravel\\lumen-framework\\src\\Concerns\\RoutesRequests.php(112): Laravel\\Lumen\\Application->dispatch(NULL)
#15 C:\\xampp\\htdocs\\httpdocs\\gdocapi\\v1\\public\\index.php(13): Laravel\\Lumen\\Application->run()
#16 {main}
"} 
[2025-01-14 10:20:02] testing.ERROR: Namespace declaration statement has to be the very first statement or after any declare call in the script {"exception":"[object] (Symfony\\Component\\ErrorHandler\\Error\\FatalError(code: 0): Namespace declaration statement has to be the very first statement or after any declare call in the script at C:\\xampp\\htdocs\\httpdocs\\gdocapi\\v1\\src\\Services\\AuditorService.php:3)
[stacktrace]
#0 {main}
"} 
[2025-01-14 10:20:18] testing.ERROR: Class "GDocAPI\Services\AuditorService" not found {"exception":"[object] (Error(code: 0): Class \"GDocAPI\\Services\\AuditorService\" not found at C:\\xampp\\htdocs\\httpdocs\\gdocapi\\v1\\src\\Controllers\\Controller.php:23)
[stacktrace]
#0 C:\\xampp\\htdocs\\httpdocs\\gdocapi\\v1\\src\\Routes\\nodeRouter.php(33): GDocAPI\\Controllers\\Controller::execute('obtenerHijosNod...', 200, '49e247ea-2f40-4...', '01.-Datos%20Per...')
#1 C:\\xampp\\htdocs\\httpdocs\\gdocapi\\v1\\vendor\\illuminate\\container\\BoundMethod.php(36): Closure->{closure}('49e247ea-2f40-4...', '01.-Datos%20Per...')
#2 C:\\xampp\\htdocs\\httpdocs\\gdocapi\\v1\\vendor\\illuminate\\container\\Util.php(40): Illuminate\\Container\\BoundMethod::Illuminate\\Container\\{closure}()
#3 C:\\xampp\\htdocs\\httpdocs\\gdocapi\\v1\\vendor\\illuminate\\container\\BoundMethod.php(81): Illuminate\\Container\\Util::unwrapIfClosure(Object(Closure))
#4 C:\\xampp\\htdocs\\httpdocs\\gdocapi\\v1\\vendor\\illuminate\\container\\BoundMethod.php(35): Illuminate\\Container\\BoundMethod::callBoundMethod(Object(Laravel\\Lumen\\Application), Object(Closure), Object(Closure))
#5 C:\\xampp\\htdocs\\httpdocs\\gdocapi\\v1\\vendor\\illuminate\\container\\Container.php(653): Illuminate\\Container\\BoundMethod::call(Object(Laravel\\Lumen\\Application), Object(Closure), Array, NULL)
#6 C:\\xampp\\htdocs\\httpdocs\\gdocapi\\v1\\vendor\\laravel\\lumen-framework\\src\\Concerns\\RoutesRequests.php(302): Illuminate\\Container\\Container->call(Object(Closure), Array)
#7 C:\\xampp\\htdocs\\httpdocs\\gdocapi\\v1\\vendor\\laravel\\lumen-framework\\src\\Concerns\\RoutesRequests.php(267): Laravel\\Lumen\\Application->callActionOnArrayBasedRoute(Array)
#8 C:\\xampp\\htdocs\\httpdocs\\gdocapi\\v1\\vendor\\laravel\\lumen-framework\\src\\Concerns\\RoutesRequests.php(237): Laravel\\Lumen\\Application->handleFoundRoute(Array)
#9 C:\\xampp\\htdocs\\httpdocs\\gdocapi\\v1\\vendor\\laravel\\lumen-framework\\src\\Concerns\\RoutesRequests.php(172): Laravel\\Lumen\\Application->handleDispatcherResponse(Array)
#10 C:\\xampp\\htdocs\\httpdocs\\gdocapi\\v1\\vendor\\laravel\\lumen-framework\\src\\Concerns\\RoutesRequests.php(429): Laravel\\Lumen\\Application->Laravel\\Lumen\\Concerns\\{closure}(Object(Laravel\\Lumen\\Http\\Request))
#11 C:\\xampp\\htdocs\\httpdocs\\gdocapi\\v1\\vendor\\laravel\\lumen-framework\\src\\Concerns\\RoutesRequests.php(165): Laravel\\Lumen\\Application->sendThroughPipeline(Array, Object(Closure))
#12 C:\\xampp\\htdocs\\httpdocs\\gdocapi\\v1\\vendor\\laravel\\lumen-framework\\src\\Concerns\\RoutesRequests.php(112): Laravel\\Lumen\\Application->dispatch(NULL)
#13 C:\\xampp\\htdocs\\httpdocs\\gdocapi\\v1\\public\\index.php(13): Laravel\\Lumen\\Application->run()
#14 {main}
"} 
[2025-01-14 10:37:25] testing.ERROR: The HTTP status code "0" is not valid. {"exception":"[object] (InvalidArgumentException(code: 0): The HTTP status code \"0\" is not valid. at C:\\xampp\\htdocs\\httpdocs\\gdocapi\\v1\\vendor\\symfony\\http-foundation\\Response.php:470)
[stacktrace]
#0 C:\\xampp\\htdocs\\httpdocs\\gdocapi\\v1\\vendor\\symfony\\http-foundation\\Response.php(219): Symfony\\Component\\HttpFoundation\\Response->setStatusCode(0)
#1 C:\\xampp\\htdocs\\httpdocs\\gdocapi\\v1\\vendor\\symfony\\http-foundation\\JsonResponse.php(44): Symfony\\Component\\HttpFoundation\\Response->__construct('', 0, Array)
#2 C:\\xampp\\htdocs\\httpdocs\\gdocapi\\v1\\vendor\\illuminate\\http\\JsonResponse.php(32): Symfony\\Component\\HttpFoundation\\JsonResponse->__construct(Array, 0, Array, false)
#3 C:\\xampp\\htdocs\\httpdocs\\gdocapi\\v1\\vendor\\laravel\\lumen-framework\\src\\Http\\ResponseFactory.php(40): Illuminate\\Http\\JsonResponse->__construct(Array, 0, Array, 0)
#4 C:\\xampp\\htdocs\\httpdocs\\gdocapi\\v1\\src\\Controllers\\Controller.php(28): Laravel\\Lumen\\Http\\ResponseFactory->json(Array, 0)
#5 C:\\xampp\\htdocs\\httpdocs\\gdocapi\\v1\\src\\Routes\\nodeRouter.php(33): GDocAPI\\Controllers\\Controller::execute('obtenerHijosNod...', 200, '48829517B_MANUE...', '01.-Datos%20Per...')
#6 C:\\xampp\\htdocs\\httpdocs\\gdocapi\\v1\\vendor\\illuminate\\container\\BoundMethod.php(36): Closure->{closure}('48829517B_MANUE...', '01.-Datos%20Per...')
#7 C:\\xampp\\htdocs\\httpdocs\\gdocapi\\v1\\vendor\\illuminate\\container\\Util.php(40): Illuminate\\Container\\BoundMethod::Illuminate\\Container\\{closure}()
#8 C:\\xampp\\htdocs\\httpdocs\\gdocapi\\v1\\vendor\\illuminate\\container\\BoundMethod.php(81): Illuminate\\Container\\Util::unwrapIfClosure(Object(Closure))
#9 C:\\xampp\\htdocs\\httpdocs\\gdocapi\\v1\\vendor\\illuminate\\container\\BoundMethod.php(35): Illuminate\\Container\\BoundMethod::callBoundMethod(Object(Laravel\\Lumen\\Application), Object(Closure), Object(Closure))
#10 C:\\xampp\\htdocs\\httpdocs\\gdocapi\\v1\\vendor\\illuminate\\container\\Container.php(653): Illuminate\\Container\\BoundMethod::call(Object(Laravel\\Lumen\\Application), Object(Closure), Array, NULL)
#11 C:\\xampp\\htdocs\\httpdocs\\gdocapi\\v1\\vendor\\laravel\\lumen-framework\\src\\Concerns\\RoutesRequests.php(302): Illuminate\\Container\\Container->call(Object(Closure), Array)
#12 C:\\xampp\\htdocs\\httpdocs\\gdocapi\\v1\\vendor\\laravel\\lumen-framework\\src\\Concerns\\RoutesRequests.php(267): Laravel\\Lumen\\Application->callActionOnArrayBasedRoute(Array)
#13 C:\\xampp\\htdocs\\httpdocs\\gdocapi\\v1\\vendor\\laravel\\lumen-framework\\src\\Concerns\\RoutesRequests.php(237): Laravel\\Lumen\\Application->handleFoundRoute(Array)
#14 C:\\xampp\\htdocs\\httpdocs\\gdocapi\\v1\\vendor\\laravel\\lumen-framework\\src\\Concerns\\RoutesRequests.php(172): Laravel\\Lumen\\Application->handleDispatcherResponse(Array)
#15 C:\\xampp\\htdocs\\httpdocs\\gdocapi\\v1\\vendor\\laravel\\lumen-framework\\src\\Concerns\\RoutesRequests.php(429): Laravel\\Lumen\\Application->Laravel\\Lumen\\Concerns\\{closure}(Object(Laravel\\Lumen\\Http\\Request))
#16 C:\\xampp\\htdocs\\httpdocs\\gdocapi\\v1\\vendor\\laravel\\lumen-framework\\src\\Concerns\\RoutesRequests.php(165): Laravel\\Lumen\\Application->sendThroughPipeline(Array, Object(Closure))
#17 C:\\xampp\\htdocs\\httpdocs\\gdocapi\\v1\\vendor\\laravel\\lumen-framework\\src\\Concerns\\RoutesRequests.php(112): Laravel\\Lumen\\Application->dispatch(NULL)
#18 C:\\xampp\\htdocs\\httpdocs\\gdocapi\\v1\\public\\index.php(13): Laravel\\Lumen\\Application->run()
#19 {main}
"} 
[2025-01-14 10:39:03] testing.ERROR: The HTTP status code "0" is not valid. {"exception":"[object] (InvalidArgumentException(code: 0): The HTTP status code \"0\" is not valid. at C:\\xampp\\htdocs\\httpdocs\\gdocapi\\v1\\vendor\\symfony\\http-foundation\\Response.php:470)
[stacktrace]
#0 C:\\xampp\\htdocs\\httpdocs\\gdocapi\\v1\\vendor\\symfony\\http-foundation\\Response.php(219): Symfony\\Component\\HttpFoundation\\Response->setStatusCode(0)
#1 C:\\xampp\\htdocs\\httpdocs\\gdocapi\\v1\\vendor\\symfony\\http-foundation\\JsonResponse.php(44): Symfony\\Component\\HttpFoundation\\Response->__construct('', 0, Array)
#2 C:\\xampp\\htdocs\\httpdocs\\gdocapi\\v1\\vendor\\illuminate\\http\\JsonResponse.php(32): Symfony\\Component\\HttpFoundation\\JsonResponse->__construct(Array, 0, Array, false)
#3 C:\\xampp\\htdocs\\httpdocs\\gdocapi\\v1\\vendor\\laravel\\lumen-framework\\src\\Http\\ResponseFactory.php(40): Illuminate\\Http\\JsonResponse->__construct(Array, 0, Array, 0)
#4 C:\\xampp\\htdocs\\httpdocs\\gdocapi\\v1\\src\\Controllers\\Controller.php(28): Laravel\\Lumen\\Http\\ResponseFactory->json(Array, 0)
#5 C:\\xampp\\htdocs\\httpdocs\\gdocapi\\v1\\src\\Routes\\nodeRouter.php(33): GDocAPI\\Controllers\\Controller::execute('obtenerHijosNod...', 200, '48829517B_MANUE...', '01.-Datos%20Per...')
#6 C:\\xampp\\htdocs\\httpdocs\\gdocapi\\v1\\vendor\\illuminate\\container\\BoundMethod.php(36): Closure->{closure}('48829517B_MANUE...', '01.-Datos%20Per...')
#7 C:\\xampp\\htdocs\\httpdocs\\gdocapi\\v1\\vendor\\illuminate\\container\\Util.php(40): Illuminate\\Container\\BoundMethod::Illuminate\\Container\\{closure}()
#8 C:\\xampp\\htdocs\\httpdocs\\gdocapi\\v1\\vendor\\illuminate\\container\\BoundMethod.php(81): Illuminate\\Container\\Util::unwrapIfClosure(Object(Closure))
#9 C:\\xampp\\htdocs\\httpdocs\\gdocapi\\v1\\vendor\\illuminate\\container\\BoundMethod.php(35): Illuminate\\Container\\BoundMethod::callBoundMethod(Object(Laravel\\Lumen\\Application), Object(Closure), Object(Closure))
#10 C:\\xampp\\htdocs\\httpdocs\\gdocapi\\v1\\vendor\\illuminate\\container\\Container.php(653): Illuminate\\Container\\BoundMethod::call(Object(Laravel\\Lumen\\Application), Object(Closure), Array, NULL)
#11 C:\\xampp\\htdocs\\httpdocs\\gdocapi\\v1\\vendor\\laravel\\lumen-framework\\src\\Concerns\\RoutesRequests.php(302): Illuminate\\Container\\Container->call(Object(Closure), Array)
#12 C:\\xampp\\htdocs\\httpdocs\\gdocapi\\v1\\vendor\\laravel\\lumen-framework\\src\\Concerns\\RoutesRequests.php(267): Laravel\\Lumen\\Application->callActionOnArrayBasedRoute(Array)
#13 C:\\xampp\\htdocs\\httpdocs\\gdocapi\\v1\\vendor\\laravel\\lumen-framework\\src\\Concerns\\RoutesRequests.php(237): Laravel\\Lumen\\Application->handleFoundRoute(Array)
#14 C:\\xampp\\htdocs\\httpdocs\\gdocapi\\v1\\vendor\\laravel\\lumen-framework\\src\\Concerns\\RoutesRequests.php(172): Laravel\\Lumen\\Application->handleDispatcherResponse(Array)
#15 C:\\xampp\\htdocs\\httpdocs\\gdocapi\\v1\\vendor\\laravel\\lumen-framework\\src\\Concerns\\RoutesRequests.php(429): Laravel\\Lumen\\Application->Laravel\\Lumen\\Concerns\\{closure}(Object(Laravel\\Lumen\\Http\\Request))
#16 C:\\xampp\\htdocs\\httpdocs\\gdocapi\\v1\\vendor\\laravel\\lumen-framework\\src\\Concerns\\RoutesRequests.php(165): Laravel\\Lumen\\Application->sendThroughPipeline(Array, Object(Closure))
#17 C:\\xampp\\htdocs\\httpdocs\\gdocapi\\v1\\vendor\\laravel\\lumen-framework\\src\\Concerns\\RoutesRequests.php(112): Laravel\\Lumen\\Application->dispatch(NULL)
#18 C:\\xampp\\htdocs\\httpdocs\\gdocapi\\v1\\public\\index.php(13): Laravel\\Lumen\\Application->run()
#19 {main}
"} 
[2025-01-14 10:39:16] testing.ERROR: The HTTP status code "0" is not valid. {"exception":"[object] (InvalidArgumentException(code: 0): The HTTP status code \"0\" is not valid. at C:\\xampp\\htdocs\\httpdocs\\gdocapi\\v1\\vendor\\symfony\\http-foundation\\Response.php:470)
[stacktrace]
#0 C:\\xampp\\htdocs\\httpdocs\\gdocapi\\v1\\vendor\\symfony\\http-foundation\\Response.php(219): Symfony\\Component\\HttpFoundation\\Response->setStatusCode(0)
#1 C:\\xampp\\htdocs\\httpdocs\\gdocapi\\v1\\vendor\\symfony\\http-foundation\\JsonResponse.php(44): Symfony\\Component\\HttpFoundation\\Response->__construct('', 0, Array)
#2 C:\\xampp\\htdocs\\httpdocs\\gdocapi\\v1\\vendor\\illuminate\\http\\JsonResponse.php(32): Symfony\\Component\\HttpFoundation\\JsonResponse->__construct(Array, 0, Array, false)
#3 C:\\xampp\\htdocs\\httpdocs\\gdocapi\\v1\\vendor\\laravel\\lumen-framework\\src\\Http\\ResponseFactory.php(40): Illuminate\\Http\\JsonResponse->__construct(Array, 0, Array, 0)
#4 C:\\xampp\\htdocs\\httpdocs\\gdocapi\\v1\\src\\Controllers\\Controller.php(28): Laravel\\Lumen\\Http\\ResponseFactory->json(Array, 0)
#5 C:\\xampp\\htdocs\\httpdocs\\gdocapi\\v1\\src\\Routes\\nodeRouter.php(33): GDocAPI\\Controllers\\Controller::execute('obtenerHijosNod...', 200, '48829517B_MANUE...', '01.-Datos%20Per...')
#6 C:\\xampp\\htdocs\\httpdocs\\gdocapi\\v1\\vendor\\illuminate\\container\\BoundMethod.php(36): Closure->{closure}('48829517B_MANUE...', '01.-Datos%20Per...')
#7 C:\\xampp\\htdocs\\httpdocs\\gdocapi\\v1\\vendor\\illuminate\\container\\Util.php(40): Illuminate\\Container\\BoundMethod::Illuminate\\Container\\{closure}()
#8 C:\\xampp\\htdocs\\httpdocs\\gdocapi\\v1\\vendor\\illuminate\\container\\BoundMethod.php(81): Illuminate\\Container\\Util::unwrapIfClosure(Object(Closure))
#9 C:\\xampp\\htdocs\\httpdocs\\gdocapi\\v1\\vendor\\illuminate\\container\\BoundMethod.php(35): Illuminate\\Container\\BoundMethod::callBoundMethod(Object(Laravel\\Lumen\\Application), Object(Closure), Object(Closure))
#10 C:\\xampp\\htdocs\\httpdocs\\gdocapi\\v1\\vendor\\illuminate\\container\\Container.php(653): Illuminate\\Container\\BoundMethod::call(Object(Laravel\\Lumen\\Application), Object(Closure), Array, NULL)
#11 C:\\xampp\\htdocs\\httpdocs\\gdocapi\\v1\\vendor\\laravel\\lumen-framework\\src\\Concerns\\RoutesRequests.php(302): Illuminate\\Container\\Container->call(Object(Closure), Array)
#12 C:\\xampp\\htdocs\\httpdocs\\gdocapi\\v1\\vendor\\laravel\\lumen-framework\\src\\Concerns\\RoutesRequests.php(267): Laravel\\Lumen\\Application->callActionOnArrayBasedRoute(Array)
#13 C:\\xampp\\htdocs\\httpdocs\\gdocapi\\v1\\vendor\\laravel\\lumen-framework\\src\\Concerns\\RoutesRequests.php(237): Laravel\\Lumen\\Application->handleFoundRoute(Array)
#14 C:\\xampp\\htdocs\\httpdocs\\gdocapi\\v1\\vendor\\laravel\\lumen-framework\\src\\Concerns\\RoutesRequests.php(172): Laravel\\Lumen\\Application->handleDispatcherResponse(Array)
#15 C:\\xampp\\htdocs\\httpdocs\\gdocapi\\v1\\vendor\\laravel\\lumen-framework\\src\\Concerns\\RoutesRequests.php(429): Laravel\\Lumen\\Application->Laravel\\Lumen\\Concerns\\{closure}(Object(Laravel\\Lumen\\Http\\Request))
#16 C:\\xampp\\htdocs\\httpdocs\\gdocapi\\v1\\vendor\\laravel\\lumen-framework\\src\\Concerns\\RoutesRequests.php(165): Laravel\\Lumen\\Application->sendThroughPipeline(Array, Object(Closure))
#17 C:\\xampp\\htdocs\\httpdocs\\gdocapi\\v1\\vendor\\laravel\\lumen-framework\\src\\Concerns\\RoutesRequests.php(112): Laravel\\Lumen\\Application->dispatch(NULL)
#18 C:\\xampp\\htdocs\\httpdocs\\gdocapi\\v1\\public\\index.php(13): Laravel\\Lumen\\Application->run()
#19 {main}
"} 
[2025-01-14 10:39:48] testing.ERROR: The HTTP status code "0" is not valid. {"exception":"[object] (InvalidArgumentException(code: 0): The HTTP status code \"0\" is not valid. at C:\\xampp\\htdocs\\httpdocs\\gdocapi\\v1\\vendor\\symfony\\http-foundation\\Response.php:470)
[stacktrace]
#0 C:\\xampp\\htdocs\\httpdocs\\gdocapi\\v1\\vendor\\symfony\\http-foundation\\Response.php(219): Symfony\\Component\\HttpFoundation\\Response->setStatusCode(0)
#1 C:\\xampp\\htdocs\\httpdocs\\gdocapi\\v1\\vendor\\symfony\\http-foundation\\JsonResponse.php(44): Symfony\\Component\\HttpFoundation\\Response->__construct('', 0, Array)
#2 C:\\xampp\\htdocs\\httpdocs\\gdocapi\\v1\\vendor\\illuminate\\http\\JsonResponse.php(32): Symfony\\Component\\HttpFoundation\\JsonResponse->__construct(Array, 0, Array, false)
#3 C:\\xampp\\htdocs\\httpdocs\\gdocapi\\v1\\vendor\\laravel\\lumen-framework\\src\\Http\\ResponseFactory.php(40): Illuminate\\Http\\JsonResponse->__construct(Array, 0, Array, 0)
#4 C:\\xampp\\htdocs\\httpdocs\\gdocapi\\v1\\src\\Controllers\\Controller.php(28): Laravel\\Lumen\\Http\\ResponseFactory->json(Array, 0)
#5 C:\\xampp\\htdocs\\httpdocs\\gdocapi\\v1\\src\\Routes\\nodeRouter.php(33): GDocAPI\\Controllers\\Controller::execute('obtenerHijosNod...', 200, '48829517B_MANUE...', '01.-Datos%20Per...')
#6 C:\\xampp\\htdocs\\httpdocs\\gdocapi\\v1\\vendor\\illuminate\\container\\BoundMethod.php(36): Closure->{closure}('48829517B_MANUE...', '01.-Datos%20Per...')
#7 C:\\xampp\\htdocs\\httpdocs\\gdocapi\\v1\\vendor\\illuminate\\container\\Util.php(40): Illuminate\\Container\\BoundMethod::Illuminate\\Container\\{closure}()
#8 C:\\xampp\\htdocs\\httpdocs\\gdocapi\\v1\\vendor\\illuminate\\container\\BoundMethod.php(81): Illuminate\\Container\\Util::unwrapIfClosure(Object(Closure))
#9 C:\\xampp\\htdocs\\httpdocs\\gdocapi\\v1\\vendor\\illuminate\\container\\BoundMethod.php(35): Illuminate\\Container\\BoundMethod::callBoundMethod(Object(Laravel\\Lumen\\Application), Object(Closure), Object(Closure))
#10 C:\\xampp\\htdocs\\httpdocs\\gdocapi\\v1\\vendor\\illuminate\\container\\Container.php(653): Illuminate\\Container\\BoundMethod::call(Object(Laravel\\Lumen\\Application), Object(Closure), Array, NULL)
#11 C:\\xampp\\htdocs\\httpdocs\\gdocapi\\v1\\vendor\\laravel\\lumen-framework\\src\\Concerns\\RoutesRequests.php(302): Illuminate\\Container\\Container->call(Object(Closure), Array)
#12 C:\\xampp\\htdocs\\httpdocs\\gdocapi\\v1\\vendor\\laravel\\lumen-framework\\src\\Concerns\\RoutesRequests.php(267): Laravel\\Lumen\\Application->callActionOnArrayBasedRoute(Array)
#13 C:\\xampp\\htdocs\\httpdocs\\gdocapi\\v1\\vendor\\laravel\\lumen-framework\\src\\Concerns\\RoutesRequests.php(237): Laravel\\Lumen\\Application->handleFoundRoute(Array)
#14 C:\\xampp\\htdocs\\httpdocs\\gdocapi\\v1\\vendor\\laravel\\lumen-framework\\src\\Concerns\\RoutesRequests.php(172): Laravel\\Lumen\\Application->handleDispatcherResponse(Array)
#15 C:\\xampp\\htdocs\\httpdocs\\gdocapi\\v1\\vendor\\laravel\\lumen-framework\\src\\Concerns\\RoutesRequests.php(429): Laravel\\Lumen\\Application->Laravel\\Lumen\\Concerns\\{closure}(Object(Laravel\\Lumen\\Http\\Request))
#16 C:\\xampp\\htdocs\\httpdocs\\gdocapi\\v1\\vendor\\laravel\\lumen-framework\\src\\Concerns\\RoutesRequests.php(165): Laravel\\Lumen\\Application->sendThroughPipeline(Array, Object(Closure))
#17 C:\\xampp\\htdocs\\httpdocs\\gdocapi\\v1\\vendor\\laravel\\lumen-framework\\src\\Concerns\\RoutesRequests.php(112): Laravel\\Lumen\\Application->dispatch(NULL)
#18 C:\\xampp\\htdocs\\httpdocs\\gdocapi\\v1\\public\\index.php(13): Laravel\\Lumen\\Application->run()
#19 {main}
"} 
[2025-01-14 11:20:58] testing.ERROR: Cannot register two routes matching "/nodo/([^/]+)/([^/]+)/hijos" for method "GET" {"exception":"[object] (FastRoute\\BadRouteException(code: 0): Cannot register two routes matching \"/nodo/([^/]+)/([^/]+)/hijos\" for method \"GET\" at C:\\xampp\\htdocs\\httpdocs\\gdocapi\\v1\\vendor\\nikic\\fast-route\\src\\DataGenerator\\RegexBasedAbstract.php:111)
[stacktrace]
#0 C:\\xampp\\htdocs\\httpdocs\\gdocapi\\v1\\vendor\\nikic\\fast-route\\src\\DataGenerator\\RegexBasedAbstract.php(32): FastRoute\\DataGenerator\\RegexBasedAbstract->addVariableRoute('GET', Array, Array)
#1 C:\\xampp\\htdocs\\httpdocs\\gdocapi\\v1\\vendor\\nikic\\fast-route\\src\\RouteCollector.php(44): FastRoute\\DataGenerator\\RegexBasedAbstract->addRoute('GET', Array, Array)
#2 C:\\xampp\\htdocs\\httpdocs\\gdocapi\\v1\\vendor\\laravel\\lumen-framework\\src\\Concerns\\RoutesRequests.php(207): FastRoute\\RouteCollector->addRoute('GET', '/nodo/{identida...', Array)
#3 C:\\xampp\\htdocs\\httpdocs\\gdocapi\\v1\\vendor\\nikic\\fast-route\\src\\functions.php(25): Laravel\\Lumen\\Application->Laravel\\Lumen\\Concerns\\{closure}(Object(FastRoute\\RouteCollector))
#4 C:\\xampp\\htdocs\\httpdocs\\gdocapi\\v1\\vendor\\laravel\\lumen-framework\\src\\Concerns\\RoutesRequests.php(205): FastRoute\\simpleDispatcher(Object(Closure))
#5 C:\\xampp\\htdocs\\httpdocs\\gdocapi\\v1\\vendor\\laravel\\lumen-framework\\src\\Concerns\\RoutesRequests.php(173): Laravel\\Lumen\\Application->createDispatcher()
#6 C:\\xampp\\htdocs\\httpdocs\\gdocapi\\v1\\vendor\\laravel\\lumen-framework\\src\\Concerns\\RoutesRequests.php(429): Laravel\\Lumen\\Application->Laravel\\Lumen\\Concerns\\{closure}(Object(Laravel\\Lumen\\Http\\Request))
#7 C:\\xampp\\htdocs\\httpdocs\\gdocapi\\v1\\vendor\\laravel\\lumen-framework\\src\\Concerns\\RoutesRequests.php(165): Laravel\\Lumen\\Application->sendThroughPipeline(Array, Object(Closure))
#8 C:\\xampp\\htdocs\\httpdocs\\gdocapi\\v1\\vendor\\laravel\\lumen-framework\\src\\Concerns\\RoutesRequests.php(112): Laravel\\Lumen\\Application->dispatch(NULL)
#9 C:\\xampp\\htdocs\\httpdocs\\gdocapi\\v1\\public\\index.php(13): Laravel\\Lumen\\Application->run()
#10 {main}
"} 
[2025-01-14 11:21:52] testing.ERROR: Unable to resolve dependency [Parameter #1 [ <required> $finleName ]] in class Closure {"exception":"[object] (Illuminate\\Contracts\\Container\\BindingResolutionException(code: 0): Unable to resolve dependency [Parameter #1 [ <required> $finleName ]] in class Closure at C:\\xampp\\htdocs\\httpdocs\\gdocapi\\v1\\vendor\\illuminate\\container\\BoundMethod.php:190)
[stacktrace]
#0 C:\\xampp\\htdocs\\httpdocs\\gdocapi\\v1\\vendor\\illuminate\\container\\BoundMethod.php(124): Illuminate\\Container\\BoundMethod::addDependencyForCallParameter(Object(Laravel\\Lumen\\Application), Object(ReflectionParameter), Array, Array)
#1 C:\\xampp\\htdocs\\httpdocs\\gdocapi\\v1\\vendor\\illuminate\\container\\BoundMethod.php(36): Illuminate\\Container\\BoundMethod::getMethodDependencies(Object(Laravel\\Lumen\\Application), Object(Closure), Array)
#2 C:\\xampp\\htdocs\\httpdocs\\gdocapi\\v1\\vendor\\illuminate\\container\\Util.php(40): Illuminate\\Container\\BoundMethod::Illuminate\\Container\\{closure}()
#3 C:\\xampp\\htdocs\\httpdocs\\gdocapi\\v1\\vendor\\illuminate\\container\\BoundMethod.php(81): Illuminate\\Container\\Util::unwrapIfClosure(Object(Closure))
#4 C:\\xampp\\htdocs\\httpdocs\\gdocapi\\v1\\vendor\\illuminate\\container\\BoundMethod.php(35): Illuminate\\Container\\BoundMethod::callBoundMethod(Object(Laravel\\Lumen\\Application), Object(Closure), Object(Closure))
#5 C:\\xampp\\htdocs\\httpdocs\\gdocapi\\v1\\vendor\\illuminate\\container\\Container.php(653): Illuminate\\Container\\BoundMethod::call(Object(Laravel\\Lumen\\Application), Object(Closure), Array, NULL)
#6 C:\\xampp\\htdocs\\httpdocs\\gdocapi\\v1\\vendor\\laravel\\lumen-framework\\src\\Concerns\\RoutesRequests.php(302): Illuminate\\Container\\Container->call(Object(Closure), Array)
#7 C:\\xampp\\htdocs\\httpdocs\\gdocapi\\v1\\vendor\\laravel\\lumen-framework\\src\\Concerns\\RoutesRequests.php(267): Laravel\\Lumen\\Application->callActionOnArrayBasedRoute(Array)
#8 C:\\xampp\\htdocs\\httpdocs\\gdocapi\\v1\\vendor\\laravel\\lumen-framework\\src\\Concerns\\RoutesRequests.php(237): Laravel\\Lumen\\Application->handleFoundRoute(Array)
#9 C:\\xampp\\htdocs\\httpdocs\\gdocapi\\v1\\vendor\\laravel\\lumen-framework\\src\\Concerns\\RoutesRequests.php(172): Laravel\\Lumen\\Application->handleDispatcherResponse(Array)
#10 C:\\xampp\\htdocs\\httpdocs\\gdocapi\\v1\\vendor\\laravel\\lumen-framework\\src\\Concerns\\RoutesRequests.php(429): Laravel\\Lumen\\Application->Laravel\\Lumen\\Concerns\\{closure}(Object(Laravel\\Lumen\\Http\\Request))
#11 C:\\xampp\\htdocs\\httpdocs\\gdocapi\\v1\\vendor\\laravel\\lumen-framework\\src\\Concerns\\RoutesRequests.php(165): Laravel\\Lumen\\Application->sendThroughPipeline(Array, Object(Closure))
#12 C:\\xampp\\htdocs\\httpdocs\\gdocapi\\v1\\vendor\\laravel\\lumen-framework\\src\\Concerns\\RoutesRequests.php(112): Laravel\\Lumen\\Application->dispatch(NULL)
#13 C:\\xampp\\htdocs\\httpdocs\\gdocapi\\v1\\public\\index.php(13): Laravel\\Lumen\\Application->run()
#14 {main}
"} 
[2025-01-14 11:51:29] testing.ERROR: Class "Auditor" not found {"exception":"[object] (Error(code: 0): Class \"Auditor\" not found at C:\\xampp\\htdocs\\httpdocs\\gdocapi\\v1\\src\\Services\\AuditorService.php:17)
[stacktrace]
#0 C:\\xampp\\htdocs\\httpdocs\\gdocapi\\v1\\src\\Controllers\\Controller.php(23): GDocAPI\\Services\\AuditorService::auditar()
#1 C:\\xampp\\htdocs\\httpdocs\\gdocapi\\v1\\src\\Routes\\nodeRouter.php(33): GDocAPI\\Controllers\\Controller::execute('obtenerHijosNod...', 200, '48829517B_MANUE...', '01.-Datos%20Per...')
#2 C:\\xampp\\htdocs\\httpdocs\\gdocapi\\v1\\vendor\\illuminate\\container\\BoundMethod.php(36): Closure->{closure}('48829517B_MANUE...', '01.-Datos%20Per...')
#3 C:\\xampp\\htdocs\\httpdocs\\gdocapi\\v1\\vendor\\illuminate\\container\\Util.php(40): Illuminate\\Container\\BoundMethod::Illuminate\\Container\\{closure}()
#4 C:\\xampp\\htdocs\\httpdocs\\gdocapi\\v1\\vendor\\illuminate\\container\\BoundMethod.php(81): Illuminate\\Container\\Util::unwrapIfClosure(Object(Closure))
#5 C:\\xampp\\htdocs\\httpdocs\\gdocapi\\v1\\vendor\\illuminate\\container\\BoundMethod.php(35): Illuminate\\Container\\BoundMethod::callBoundMethod(Object(Laravel\\Lumen\\Application), Object(Closure), Object(Closure))
#6 C:\\xampp\\htdocs\\httpdocs\\gdocapi\\v1\\vendor\\illuminate\\container\\Container.php(653): Illuminate\\Container\\BoundMethod::call(Object(Laravel\\Lumen\\Application), Object(Closure), Array, NULL)
#7 C:\\xampp\\htdocs\\httpdocs\\gdocapi\\v1\\vendor\\laravel\\lumen-framework\\src\\Concerns\\RoutesRequests.php(302): Illuminate\\Container\\Container->call(Object(Closure), Array)
#8 C:\\xampp\\htdocs\\httpdocs\\gdocapi\\v1\\vendor\\laravel\\lumen-framework\\src\\Concerns\\RoutesRequests.php(267): Laravel\\Lumen\\Application->callActionOnArrayBasedRoute(Array)
#9 C:\\xampp\\htdocs\\httpdocs\\gdocapi\\v1\\vendor\\laravel\\lumen-framework\\src\\Concerns\\RoutesRequests.php(237): Laravel\\Lumen\\Application->handleFoundRoute(Array)
#10 C:\\xampp\\htdocs\\httpdocs\\gdocapi\\v1\\vendor\\laravel\\lumen-framework\\src\\Concerns\\RoutesRequests.php(172): Laravel\\Lumen\\Application->handleDispatcherResponse(Array)
#11 C:\\xampp\\htdocs\\httpdocs\\gdocapi\\v1\\vendor\\laravel\\lumen-framework\\src\\Concerns\\RoutesRequests.php(429): Laravel\\Lumen\\Application->Laravel\\Lumen\\Concerns\\{closure}(Object(Laravel\\Lumen\\Http\\Request))
#12 C:\\xampp\\htdocs\\httpdocs\\gdocapi\\v1\\vendor\\laravel\\lumen-framework\\src\\Concerns\\RoutesRequests.php(165): Laravel\\Lumen\\Application->sendThroughPipeline(Array, Object(Closure))
#13 C:\\xampp\\htdocs\\httpdocs\\gdocapi\\v1\\vendor\\laravel\\lumen-framework\\src\\Concerns\\RoutesRequests.php(112): Laravel\\Lumen\\Application->dispatch(NULL)
#14 C:\\xampp\\htdocs\\httpdocs\\gdocapi\\v1\\public\\index.php(13): Laravel\\Lumen\\Application->run()
#15 {main}
"} 
